2025-05-29 21:48:58 [scrapy.utils.log] INFO: Scrapy 2.13.1 started (bot: financial_news_scraper)
2025-05-29 21:48:58 [scrapy.utils.log] INFO: Versions:
{'lxml': '5.4.0',
 'libxml2': '2.11.9',
 'cssselect': '1.3.0',
 'parsel': '1.10.0',
 'w3lib': '2.3.1',
 'Twisted': '21.7.0',
 'Python': '3.13.3 (tags/v3.13.3:6280bb5, Apr  8 2025, 14:47:33) [MSC v.1943 '
           '64 bit (AMD64)]',
 'pyOpenSSL': '25.1.0 (OpenSSL 3.5.0 8 Apr 2025)',
 'cryptography': '45.0.3',
 'Platform': 'Windows-11-10.0.26100-SP0'}
2025-05-29 21:48:58 [scrapy.addons] INFO: Enabled addons:
[]
2025-05-29 21:48:58 [py.warnings] WARNING: C:\Users\zacht\FinanceCrawler\DailyFinanceDose\.venv\Lib\site-packages\scrapy\utils\request.py:120: ScrapyDeprecationWarning: 'REQUEST_FINGERPRINTER_IMPLEMENTATION' is a deprecated setting.
It will be removed in a future version of Scrapy.
  return cls(crawler)

2025-05-29 21:48:58 [scrapy.extensions.telnet] INFO: Telnet Password: 405d8f288d263a27
2025-05-29 21:48:58 [scrapy.middleware] INFO: Enabled extensions:
['scrapy.extensions.corestats.CoreStats',
 'scrapy.extensions.telnet.TelnetConsole',
 'scrapy.extensions.feedexport.FeedExporter',
 'scrapy.extensions.logstats.LogStats',
 'scrapy.extensions.throttle.AutoThrottle']
2025-05-29 21:48:58 [scrapy.crawler] INFO: Overridden settings:
{'AUTOTHROTTLE_ENABLED': True,
 'AUTOTHROTTLE_MAX_DELAY': 10,
 'AUTOTHROTTLE_START_DELAY': 1,
 'AUTOTHROTTLE_TARGET_CONCURRENCY': 2.0,
 'BOT_NAME': 'financial_news_scraper',
 'CONCURRENT_REQUESTS_PER_DOMAIN': 4,
 'DOWNLOAD_DELAY': 2,
 'LOG_FILE': 'logs/scraper_20250529_214858.log',
 'LOG_LEVEL': 'INFO',
 'NEWSPIDER_MODULE': 'financial_news_scraper.spiders',
 'RANDOMIZE_DOWNLOAD_DELAY': 0.5,
 'REQUEST_FINGERPRINTER_IMPLEMENTATION': '2.7',
 'ROBOTSTXT_OBEY': True,
 'SPIDER_MODULES': ['financial_news_scraper.spiders'],
 'USER_AGENT': 'financial_news_scraper (+http://www.yourdomain.com)'}
2025-05-29 21:48:59 [scrapy.middleware] INFO: Enabled downloader middlewares:
['scrapy.downloadermiddlewares.offsite.OffsiteMiddleware',
 'scrapy.downloadermiddlewares.robotstxt.RobotsTxtMiddleware',
 'scrapy.downloadermiddlewares.httpauth.HttpAuthMiddleware',
 'scrapy.downloadermiddlewares.downloadtimeout.DownloadTimeoutMiddleware',
 'scrapy.downloadermiddlewares.defaultheaders.DefaultHeadersMiddleware',
 'financial_news_scraper.middlewares.RotateUserAgentMiddleware',
 'scrapy.downloadermiddlewares.useragent.UserAgentMiddleware',
 'financial_news_scraper.middlewares.ProxyMiddleware',
 'scrapy.downloadermiddlewares.retry.RetryMiddleware',
 'scrapy.downloadermiddlewares.redirect.MetaRefreshMiddleware',
 'scrapy.downloadermiddlewares.httpcompression.HttpCompressionMiddleware',
 'scrapy.downloadermiddlewares.redirect.RedirectMiddleware',
 'scrapy.downloadermiddlewares.cookies.CookiesMiddleware',
 'scrapy.downloadermiddlewares.httpproxy.HttpProxyMiddleware',
 'scrapy.downloadermiddlewares.stats.DownloaderStats']
2025-05-29 21:48:59 [scrapy.middleware] INFO: Enabled spider middlewares:
['scrapy.spidermiddlewares.start.StartSpiderMiddleware',
 'scrapy.spidermiddlewares.httperror.HttpErrorMiddleware',
 'scrapy.spidermiddlewares.referer.RefererMiddleware',
 'scrapy.spidermiddlewares.urllength.UrlLengthMiddleware',
 'scrapy.spidermiddlewares.depth.DepthMiddleware']
2025-05-29 21:48:59 [scrapy.middleware] INFO: Enabled item pipelines:
['financial_news_scraper.pipelines.ValidationPipeline',
 'financial_news_scraper.pipelines.DuplicationPipeline',
 'financial_news_scraper.pipelines.FinancialFilterPipeline',
 'financial_news_scraper.pipelines.TickerExtractionPipeline',
 'financial_news_scraper.pipelines.SentimentAnalysisPipeline',
 'financial_news_scraper.pipelines.DatabasePipeline',
 'financial_news_scraper.pipelines.ExportPipeline']
2025-05-29 21:48:59 [scrapy.core.engine] INFO: Spider opened
2025-05-29 21:48:59 [scrapy.extensions.logstats] INFO: Crawled 0 pages (at 0 pages/min), scraped 0 items (at 0 items/min)
2025-05-29 21:48:59 [scrapy.extensions.telnet] INFO: Telnet console listening on 127.0.0.1:6023
2025-05-29 21:49:13 [scrapy.core.scraper] ERROR: Spider error processing <GET https://www.ft.com/content/60e2b083-e78e-42e0-b8d6-66caced2f7b5> (referer: https://www.ft.com/markets)
Traceback (most recent call last):
  File "C:\Users\zacht\FinanceCrawler\DailyFinanceDose\.venv\Lib\site-packages\scrapy\utils\defer.py", line 343, in iter_errback
    yield next(it)
          ~~~~^^^^
  File "C:\Users\zacht\FinanceCrawler\DailyFinanceDose\.venv\Lib\site-packages\scrapy\utils\python.py", line 369, in __next__
    return next(self.data)
  File "C:\Users\zacht\FinanceCrawler\DailyFinanceDose\.venv\Lib\site-packages\scrapy\utils\python.py", line 369, in __next__
    return next(self.data)
  File "C:\Users\zacht\FinanceCrawler\DailyFinanceDose\.venv\Lib\site-packages\scrapy\core\spidermw.py", line 167, in process_sync
    yield from iterable
  File "C:\Users\zacht\FinanceCrawler\DailyFinanceDose\.venv\Lib\site-packages\scrapy\spidermiddlewares\base.py", line 58, in process_spider_output
    for o in result:
             ^^^^^^
  File "C:\Users\zacht\FinanceCrawler\DailyFinanceDose\.venv\Lib\site-packages\scrapy\core\spidermw.py", line 167, in process_sync
    yield from iterable
  File "C:\Users\zacht\FinanceCrawler\DailyFinanceDose\.venv\Lib\site-packages\scrapy\spidermiddlewares\base.py", line 58, in process_spider_output
    for o in result:
             ^^^^^^
  File "C:\Users\zacht\FinanceCrawler\DailyFinanceDose\.venv\Lib\site-packages\scrapy\core\spidermw.py", line 167, in process_sync
    yield from iterable
  File "C:\Users\zacht\FinanceCrawler\DailyFinanceDose\.venv\Lib\site-packages\scrapy\spidermiddlewares\base.py", line 58, in process_spider_output
    for o in result:
             ^^^^^^
  File "C:\Users\zacht\FinanceCrawler\DailyFinanceDose\.venv\Lib\site-packages\scrapy\core\spidermw.py", line 167, in process_sync
    yield from iterable
  File "C:\Users\zacht\FinanceCrawler\DailyFinanceDose\.venv\Lib\site-packages\scrapy\spidermiddlewares\depth.py", line 59, in process_spider_output
    yield from super().process_spider_output(response, result, spider)
  File "C:\Users\zacht\FinanceCrawler\DailyFinanceDose\.venv\Lib\site-packages\scrapy\spidermiddlewares\base.py", line 58, in process_spider_output
    for o in result:
             ^^^^^^
  File "C:\Users\zacht\FinanceCrawler\DailyFinanceDose\.venv\Lib\site-packages\scrapy\core\spidermw.py", line 167, in process_sync
    yield from iterable
  File "C:\Users\zacht\FinanceCrawler\DailyFinanceDose\financial_news_scraper\spiders\financial_times_spider.py", line 28, in parse_article
    if pub < datetime.utcnow() - timedelta(hours=24):
       ^^^^^^^^^^^^^^^^^^^^^^^^^^^^^^^^^^^^^^^^^^^^^
TypeError: can't compare offset-naive and offset-aware datetimes
2025-05-29 21:49:33 [scrapy.core.scraper] ERROR: Spider error processing <GET https://www.ft.com/content/20a99a34-cf07-4cf6-bac8-d36f9560faf5> (referer: https://www.ft.com/markets)
Traceback (most recent call last):
  File "C:\Users\zacht\FinanceCrawler\DailyFinanceDose\.venv\Lib\site-packages\scrapy\utils\defer.py", line 343, in iter_errback
    yield next(it)
          ~~~~^^^^
  File "C:\Users\zacht\FinanceCrawler\DailyFinanceDose\.venv\Lib\site-packages\scrapy\utils\python.py", line 369, in __next__
    return next(self.data)
  File "C:\Users\zacht\FinanceCrawler\DailyFinanceDose\.venv\Lib\site-packages\scrapy\utils\python.py", line 369, in __next__
    return next(self.data)
  File "C:\Users\zacht\FinanceCrawler\DailyFinanceDose\.venv\Lib\site-packages\scrapy\core\spidermw.py", line 167, in process_sync
    yield from iterable
  File "C:\Users\zacht\FinanceCrawler\DailyFinanceDose\.venv\Lib\site-packages\scrapy\spidermiddlewares\base.py", line 58, in process_spider_output
    for o in result:
             ^^^^^^
  File "C:\Users\zacht\FinanceCrawler\DailyFinanceDose\.venv\Lib\site-packages\scrapy\core\spidermw.py", line 167, in process_sync
    yield from iterable
  File "C:\Users\zacht\FinanceCrawler\DailyFinanceDose\.venv\Lib\site-packages\scrapy\spidermiddlewares\base.py", line 58, in process_spider_output
    for o in result:
             ^^^^^^
  File "C:\Users\zacht\FinanceCrawler\DailyFinanceDose\.venv\Lib\site-packages\scrapy\core\spidermw.py", line 167, in process_sync
    yield from iterable
  File "C:\Users\zacht\FinanceCrawler\DailyFinanceDose\.venv\Lib\site-packages\scrapy\spidermiddlewares\base.py", line 58, in process_spider_output
    for o in result:
             ^^^^^^
  File "C:\Users\zacht\FinanceCrawler\DailyFinanceDose\.venv\Lib\site-packages\scrapy\core\spidermw.py", line 167, in process_sync
    yield from iterable
  File "C:\Users\zacht\FinanceCrawler\DailyFinanceDose\.venv\Lib\site-packages\scrapy\spidermiddlewares\depth.py", line 59, in process_spider_output
    yield from super().process_spider_output(response, result, spider)
  File "C:\Users\zacht\FinanceCrawler\DailyFinanceDose\.venv\Lib\site-packages\scrapy\spidermiddlewares\base.py", line 58, in process_spider_output
    for o in result:
             ^^^^^^
  File "C:\Users\zacht\FinanceCrawler\DailyFinanceDose\.venv\Lib\site-packages\scrapy\core\spidermw.py", line 167, in process_sync
    yield from iterable
  File "C:\Users\zacht\FinanceCrawler\DailyFinanceDose\financial_news_scraper\spiders\financial_times_spider.py", line 28, in parse_article
    if pub < datetime.utcnow() - timedelta(hours=24):
       ^^^^^^^^^^^^^^^^^^^^^^^^^^^^^^^^^^^^^^^^^^^^^
TypeError: can't compare offset-naive and offset-aware datetimes
2025-05-29 21:49:37 [scrapy.core.scraper] ERROR: Spider error processing <GET https://www.ft.com/content/4da74116-28fe-48ae-97e4-1dc9ad3fce09> (referer: https://www.ft.com/markets)
Traceback (most recent call last):
  File "C:\Users\zacht\FinanceCrawler\DailyFinanceDose\.venv\Lib\site-packages\scrapy\utils\defer.py", line 343, in iter_errback
    yield next(it)
          ~~~~^^^^
  File "C:\Users\zacht\FinanceCrawler\DailyFinanceDose\.venv\Lib\site-packages\scrapy\utils\python.py", line 369, in __next__
    return next(self.data)
  File "C:\Users\zacht\FinanceCrawler\DailyFinanceDose\.venv\Lib\site-packages\scrapy\utils\python.py", line 369, in __next__
    return next(self.data)
  File "C:\Users\zacht\FinanceCrawler\DailyFinanceDose\.venv\Lib\site-packages\scrapy\core\spidermw.py", line 167, in process_sync
    yield from iterable
  File "C:\Users\zacht\FinanceCrawler\DailyFinanceDose\.venv\Lib\site-packages\scrapy\spidermiddlewares\base.py", line 58, in process_spider_output
    for o in result:
             ^^^^^^
  File "C:\Users\zacht\FinanceCrawler\DailyFinanceDose\.venv\Lib\site-packages\scrapy\core\spidermw.py", line 167, in process_sync
    yield from iterable
  File "C:\Users\zacht\FinanceCrawler\DailyFinanceDose\.venv\Lib\site-packages\scrapy\spidermiddlewares\base.py", line 58, in process_spider_output
    for o in result:
             ^^^^^^
  File "C:\Users\zacht\FinanceCrawler\DailyFinanceDose\.venv\Lib\site-packages\scrapy\core\spidermw.py", line 167, in process_sync
    yield from iterable
  File "C:\Users\zacht\FinanceCrawler\DailyFinanceDose\.venv\Lib\site-packages\scrapy\spidermiddlewares\base.py", line 58, in process_spider_output
    for o in result:
             ^^^^^^
  File "C:\Users\zacht\FinanceCrawler\DailyFinanceDose\.venv\Lib\site-packages\scrapy\core\spidermw.py", line 167, in process_sync
    yield from iterable
  File "C:\Users\zacht\FinanceCrawler\DailyFinanceDose\.venv\Lib\site-packages\scrapy\spidermiddlewares\depth.py", line 59, in process_spider_output
    yield from super().process_spider_output(response, result, spider)
  File "C:\Users\zacht\FinanceCrawler\DailyFinanceDose\.venv\Lib\site-packages\scrapy\spidermiddlewares\base.py", line 58, in process_spider_output
    for o in result:
             ^^^^^^
  File "C:\Users\zacht\FinanceCrawler\DailyFinanceDose\.venv\Lib\site-packages\scrapy\core\spidermw.py", line 167, in process_sync
    yield from iterable
  File "C:\Users\zacht\FinanceCrawler\DailyFinanceDose\financial_news_scraper\spiders\financial_times_spider.py", line 28, in parse_article
    if pub < datetime.utcnow() - timedelta(hours=24):
       ^^^^^^^^^^^^^^^^^^^^^^^^^^^^^^^^^^^^^^^^^^^^^
TypeError: can't compare offset-naive and offset-aware datetimes
2025-05-29 21:49:41 [scrapy.core.scraper] ERROR: Spider error processing <GET https://www.ft.com/content/0474af48-e6ae-434d-aa9b-91715ff79392> (referer: https://www.ft.com/markets)
Traceback (most recent call last):
  File "C:\Users\zacht\FinanceCrawler\DailyFinanceDose\.venv\Lib\site-packages\scrapy\utils\defer.py", line 343, in iter_errback
    yield next(it)
          ~~~~^^^^
  File "C:\Users\zacht\FinanceCrawler\DailyFinanceDose\.venv\Lib\site-packages\scrapy\utils\python.py", line 369, in __next__
    return next(self.data)
  File "C:\Users\zacht\FinanceCrawler\DailyFinanceDose\.venv\Lib\site-packages\scrapy\utils\python.py", line 369, in __next__
    return next(self.data)
  File "C:\Users\zacht\FinanceCrawler\DailyFinanceDose\.venv\Lib\site-packages\scrapy\core\spidermw.py", line 167, in process_sync
    yield from iterable
  File "C:\Users\zacht\FinanceCrawler\DailyFinanceDose\.venv\Lib\site-packages\scrapy\spidermiddlewares\base.py", line 58, in process_spider_output
    for o in result:
             ^^^^^^
  File "C:\Users\zacht\FinanceCrawler\DailyFinanceDose\.venv\Lib\site-packages\scrapy\core\spidermw.py", line 167, in process_sync
    yield from iterable
  File "C:\Users\zacht\FinanceCrawler\DailyFinanceDose\.venv\Lib\site-packages\scrapy\spidermiddlewares\base.py", line 58, in process_spider_output
    for o in result:
             ^^^^^^
  File "C:\Users\zacht\FinanceCrawler\DailyFinanceDose\.venv\Lib\site-packages\scrapy\core\spidermw.py", line 167, in process_sync
    yield from iterable
  File "C:\Users\zacht\FinanceCrawler\DailyFinanceDose\.venv\Lib\site-packages\scrapy\spidermiddlewares\base.py", line 58, in process_spider_output
    for o in result:
             ^^^^^^
  File "C:\Users\zacht\FinanceCrawler\DailyFinanceDose\.venv\Lib\site-packages\scrapy\core\spidermw.py", line 167, in process_sync
    yield from iterable
  File "C:\Users\zacht\FinanceCrawler\DailyFinanceDose\.venv\Lib\site-packages\scrapy\spidermiddlewares\depth.py", line 59, in process_spider_output
    yield from super().process_spider_output(response, result, spider)
  File "C:\Users\zacht\FinanceCrawler\DailyFinanceDose\.venv\Lib\site-packages\scrapy\spidermiddlewares\base.py", line 58, in process_spider_output
    for o in result:
             ^^^^^^
  File "C:\Users\zacht\FinanceCrawler\DailyFinanceDose\.venv\Lib\site-packages\scrapy\core\spidermw.py", line 167, in process_sync
    yield from iterable
  File "C:\Users\zacht\FinanceCrawler\DailyFinanceDose\financial_news_scraper\spiders\financial_times_spider.py", line 28, in parse_article
    if pub < datetime.utcnow() - timedelta(hours=24):
       ^^^^^^^^^^^^^^^^^^^^^^^^^^^^^^^^^^^^^^^^^^^^^
TypeError: can't compare offset-naive and offset-aware datetimes
2025-05-29 21:49:43 [scrapy.core.scraper] ERROR: Spider error processing <GET https://www.ft.com/content/5aabc3e9-47e3-4d95-83b9-4a8c9df8c6d1> (referer: https://www.ft.com/markets)
Traceback (most recent call last):
  File "C:\Users\zacht\FinanceCrawler\DailyFinanceDose\.venv\Lib\site-packages\scrapy\utils\defer.py", line 343, in iter_errback
    yield next(it)
          ~~~~^^^^
  File "C:\Users\zacht\FinanceCrawler\DailyFinanceDose\.venv\Lib\site-packages\scrapy\utils\python.py", line 369, in __next__
    return next(self.data)
  File "C:\Users\zacht\FinanceCrawler\DailyFinanceDose\.venv\Lib\site-packages\scrapy\utils\python.py", line 369, in __next__
    return next(self.data)
  File "C:\Users\zacht\FinanceCrawler\DailyFinanceDose\.venv\Lib\site-packages\scrapy\core\spidermw.py", line 167, in process_sync
    yield from iterable
  File "C:\Users\zacht\FinanceCrawler\DailyFinanceDose\.venv\Lib\site-packages\scrapy\spidermiddlewares\base.py", line 58, in process_spider_output
    for o in result:
             ^^^^^^
  File "C:\Users\zacht\FinanceCrawler\DailyFinanceDose\.venv\Lib\site-packages\scrapy\core\spidermw.py", line 167, in process_sync
    yield from iterable
  File "C:\Users\zacht\FinanceCrawler\DailyFinanceDose\.venv\Lib\site-packages\scrapy\spidermiddlewares\base.py", line 58, in process_spider_output
    for o in result:
             ^^^^^^
  File "C:\Users\zacht\FinanceCrawler\DailyFinanceDose\.venv\Lib\site-packages\scrapy\core\spidermw.py", line 167, in process_sync
    yield from iterable
  File "C:\Users\zacht\FinanceCrawler\DailyFinanceDose\.venv\Lib\site-packages\scrapy\spidermiddlewares\base.py", line 58, in process_spider_output
    for o in result:
             ^^^^^^
  File "C:\Users\zacht\FinanceCrawler\DailyFinanceDose\.venv\Lib\site-packages\scrapy\core\spidermw.py", line 167, in process_sync
    yield from iterable
  File "C:\Users\zacht\FinanceCrawler\DailyFinanceDose\.venv\Lib\site-packages\scrapy\spidermiddlewares\depth.py", line 59, in process_spider_output
    yield from super().process_spider_output(response, result, spider)
  File "C:\Users\zacht\FinanceCrawler\DailyFinanceDose\.venv\Lib\site-packages\scrapy\spidermiddlewares\base.py", line 58, in process_spider_output
    for o in result:
             ^^^^^^
  File "C:\Users\zacht\FinanceCrawler\DailyFinanceDose\.venv\Lib\site-packages\scrapy\core\spidermw.py", line 167, in process_sync
    yield from iterable
  File "C:\Users\zacht\FinanceCrawler\DailyFinanceDose\financial_news_scraper\spiders\financial_times_spider.py", line 28, in parse_article
    if pub < datetime.utcnow() - timedelta(hours=24):
       ^^^^^^^^^^^^^^^^^^^^^^^^^^^^^^^^^^^^^^^^^^^^^
TypeError: can't compare offset-naive and offset-aware datetimes
2025-05-29 21:49:45 [scrapy.core.scraper] ERROR: Spider error processing <GET https://www.ft.com/content/197ae054-9f6f-4e2a-bfd0-b1eb216daee4> (referer: https://www.ft.com/markets)
Traceback (most recent call last):
  File "C:\Users\zacht\FinanceCrawler\DailyFinanceDose\.venv\Lib\site-packages\scrapy\utils\defer.py", line 343, in iter_errback
    yield next(it)
          ~~~~^^^^
  File "C:\Users\zacht\FinanceCrawler\DailyFinanceDose\.venv\Lib\site-packages\scrapy\utils\python.py", line 369, in __next__
    return next(self.data)
  File "C:\Users\zacht\FinanceCrawler\DailyFinanceDose\.venv\Lib\site-packages\scrapy\utils\python.py", line 369, in __next__
    return next(self.data)
  File "C:\Users\zacht\FinanceCrawler\DailyFinanceDose\.venv\Lib\site-packages\scrapy\core\spidermw.py", line 167, in process_sync
    yield from iterable
  File "C:\Users\zacht\FinanceCrawler\DailyFinanceDose\.venv\Lib\site-packages\scrapy\spidermiddlewares\base.py", line 58, in process_spider_output
    for o in result:
             ^^^^^^
  File "C:\Users\zacht\FinanceCrawler\DailyFinanceDose\.venv\Lib\site-packages\scrapy\core\spidermw.py", line 167, in process_sync
    yield from iterable
  File "C:\Users\zacht\FinanceCrawler\DailyFinanceDose\.venv\Lib\site-packages\scrapy\spidermiddlewares\base.py", line 58, in process_spider_output
    for o in result:
             ^^^^^^
  File "C:\Users\zacht\FinanceCrawler\DailyFinanceDose\.venv\Lib\site-packages\scrapy\core\spidermw.py", line 167, in process_sync
    yield from iterable
  File "C:\Users\zacht\FinanceCrawler\DailyFinanceDose\.venv\Lib\site-packages\scrapy\spidermiddlewares\base.py", line 58, in process_spider_output
    for o in result:
             ^^^^^^
  File "C:\Users\zacht\FinanceCrawler\DailyFinanceDose\.venv\Lib\site-packages\scrapy\core\spidermw.py", line 167, in process_sync
    yield from iterable
  File "C:\Users\zacht\FinanceCrawler\DailyFinanceDose\.venv\Lib\site-packages\scrapy\spidermiddlewares\depth.py", line 59, in process_spider_output
    yield from super().process_spider_output(response, result, spider)
  File "C:\Users\zacht\FinanceCrawler\DailyFinanceDose\.venv\Lib\site-packages\scrapy\spidermiddlewares\base.py", line 58, in process_spider_output
    for o in result:
             ^^^^^^
  File "C:\Users\zacht\FinanceCrawler\DailyFinanceDose\.venv\Lib\site-packages\scrapy\core\spidermw.py", line 167, in process_sync
    yield from iterable
  File "C:\Users\zacht\FinanceCrawler\DailyFinanceDose\financial_news_scraper\spiders\financial_times_spider.py", line 28, in parse_article
    if pub < datetime.utcnow() - timedelta(hours=24):
       ^^^^^^^^^^^^^^^^^^^^^^^^^^^^^^^^^^^^^^^^^^^^^
TypeError: can't compare offset-naive and offset-aware datetimes
2025-05-29 21:49:47 [scrapy.core.scraper] ERROR: Spider error processing <GET https://www.ft.com/content/b400009a-9a0e-4ee0-b6ed-2a25c2de0d8f> (referer: https://www.ft.com/markets)
Traceback (most recent call last):
  File "C:\Users\zacht\FinanceCrawler\DailyFinanceDose\.venv\Lib\site-packages\scrapy\utils\defer.py", line 343, in iter_errback
    yield next(it)
          ~~~~^^^^
  File "C:\Users\zacht\FinanceCrawler\DailyFinanceDose\.venv\Lib\site-packages\scrapy\utils\python.py", line 369, in __next__
    return next(self.data)
  File "C:\Users\zacht\FinanceCrawler\DailyFinanceDose\.venv\Lib\site-packages\scrapy\utils\python.py", line 369, in __next__
    return next(self.data)
  File "C:\Users\zacht\FinanceCrawler\DailyFinanceDose\.venv\Lib\site-packages\scrapy\core\spidermw.py", line 167, in process_sync
    yield from iterable
  File "C:\Users\zacht\FinanceCrawler\DailyFinanceDose\.venv\Lib\site-packages\scrapy\spidermiddlewares\base.py", line 58, in process_spider_output
    for o in result:
             ^^^^^^
  File "C:\Users\zacht\FinanceCrawler\DailyFinanceDose\.venv\Lib\site-packages\scrapy\core\spidermw.py", line 167, in process_sync
    yield from iterable
  File "C:\Users\zacht\FinanceCrawler\DailyFinanceDose\.venv\Lib\site-packages\scrapy\spidermiddlewares\base.py", line 58, in process_spider_output
    for o in result:
             ^^^^^^
  File "C:\Users\zacht\FinanceCrawler\DailyFinanceDose\.venv\Lib\site-packages\scrapy\core\spidermw.py", line 167, in process_sync
    yield from iterable
  File "C:\Users\zacht\FinanceCrawler\DailyFinanceDose\.venv\Lib\site-packages\scrapy\spidermiddlewares\base.py", line 58, in process_spider_output
    for o in result:
             ^^^^^^
  File "C:\Users\zacht\FinanceCrawler\DailyFinanceDose\.venv\Lib\site-packages\scrapy\core\spidermw.py", line 167, in process_sync
    yield from iterable
  File "C:\Users\zacht\FinanceCrawler\DailyFinanceDose\.venv\Lib\site-packages\scrapy\spidermiddlewares\depth.py", line 59, in process_spider_output
    yield from super().process_spider_output(response, result, spider)
  File "C:\Users\zacht\FinanceCrawler\DailyFinanceDose\.venv\Lib\site-packages\scrapy\spidermiddlewares\base.py", line 58, in process_spider_output
    for o in result:
             ^^^^^^
  File "C:\Users\zacht\FinanceCrawler\DailyFinanceDose\.venv\Lib\site-packages\scrapy\core\spidermw.py", line 167, in process_sync
    yield from iterable
  File "C:\Users\zacht\FinanceCrawler\DailyFinanceDose\financial_news_scraper\spiders\financial_times_spider.py", line 28, in parse_article
    if pub < datetime.utcnow() - timedelta(hours=24):
       ^^^^^^^^^^^^^^^^^^^^^^^^^^^^^^^^^^^^^^^^^^^^^
TypeError: can't compare offset-naive and offset-aware datetimes
2025-05-29 21:49:49 [scrapy.core.scraper] ERROR: Spider error processing <GET https://www.ft.com/content/cac27eba-6ed7-4d65-baef-cc043a07aa9d> (referer: https://www.ft.com/markets)
Traceback (most recent call last):
  File "C:\Users\zacht\FinanceCrawler\DailyFinanceDose\.venv\Lib\site-packages\scrapy\utils\defer.py", line 343, in iter_errback
    yield next(it)
          ~~~~^^^^
  File "C:\Users\zacht\FinanceCrawler\DailyFinanceDose\.venv\Lib\site-packages\scrapy\utils\python.py", line 369, in __next__
    return next(self.data)
  File "C:\Users\zacht\FinanceCrawler\DailyFinanceDose\.venv\Lib\site-packages\scrapy\utils\python.py", line 369, in __next__
    return next(self.data)
  File "C:\Users\zacht\FinanceCrawler\DailyFinanceDose\.venv\Lib\site-packages\scrapy\core\spidermw.py", line 167, in process_sync
    yield from iterable
  File "C:\Users\zacht\FinanceCrawler\DailyFinanceDose\.venv\Lib\site-packages\scrapy\spidermiddlewares\base.py", line 58, in process_spider_output
    for o in result:
             ^^^^^^
  File "C:\Users\zacht\FinanceCrawler\DailyFinanceDose\.venv\Lib\site-packages\scrapy\core\spidermw.py", line 167, in process_sync
    yield from iterable
  File "C:\Users\zacht\FinanceCrawler\DailyFinanceDose\.venv\Lib\site-packages\scrapy\spidermiddlewares\base.py", line 58, in process_spider_output
    for o in result:
             ^^^^^^
  File "C:\Users\zacht\FinanceCrawler\DailyFinanceDose\.venv\Lib\site-packages\scrapy\core\spidermw.py", line 167, in process_sync
    yield from iterable
  File "C:\Users\zacht\FinanceCrawler\DailyFinanceDose\.venv\Lib\site-packages\scrapy\spidermiddlewares\base.py", line 58, in process_spider_output
    for o in result:
             ^^^^^^
  File "C:\Users\zacht\FinanceCrawler\DailyFinanceDose\.venv\Lib\site-packages\scrapy\core\spidermw.py", line 167, in process_sync
    yield from iterable
  File "C:\Users\zacht\FinanceCrawler\DailyFinanceDose\.venv\Lib\site-packages\scrapy\spidermiddlewares\depth.py", line 59, in process_spider_output
    yield from super().process_spider_output(response, result, spider)
  File "C:\Users\zacht\FinanceCrawler\DailyFinanceDose\.venv\Lib\site-packages\scrapy\spidermiddlewares\base.py", line 58, in process_spider_output
    for o in result:
             ^^^^^^
  File "C:\Users\zacht\FinanceCrawler\DailyFinanceDose\.venv\Lib\site-packages\scrapy\core\spidermw.py", line 167, in process_sync
    yield from iterable
  File "C:\Users\zacht\FinanceCrawler\DailyFinanceDose\financial_news_scraper\spiders\financial_times_spider.py", line 28, in parse_article
    if pub < datetime.utcnow() - timedelta(hours=24):
       ^^^^^^^^^^^^^^^^^^^^^^^^^^^^^^^^^^^^^^^^^^^^^
TypeError: can't compare offset-naive and offset-aware datetimes
2025-05-29 21:49:51 [scrapy.core.scraper] ERROR: Spider error processing <GET https://www.ft.com/content/3497c8e0-8d9f-43ed-8f99-46fed98ddbe2> (referer: https://www.ft.com/markets)
Traceback (most recent call last):
  File "C:\Users\zacht\FinanceCrawler\DailyFinanceDose\.venv\Lib\site-packages\scrapy\utils\defer.py", line 343, in iter_errback
    yield next(it)
          ~~~~^^^^
  File "C:\Users\zacht\FinanceCrawler\DailyFinanceDose\.venv\Lib\site-packages\scrapy\utils\python.py", line 369, in __next__
    return next(self.data)
  File "C:\Users\zacht\FinanceCrawler\DailyFinanceDose\.venv\Lib\site-packages\scrapy\utils\python.py", line 369, in __next__
    return next(self.data)
  File "C:\Users\zacht\FinanceCrawler\DailyFinanceDose\.venv\Lib\site-packages\scrapy\core\spidermw.py", line 167, in process_sync
    yield from iterable
  File "C:\Users\zacht\FinanceCrawler\DailyFinanceDose\.venv\Lib\site-packages\scrapy\spidermiddlewares\base.py", line 58, in process_spider_output
    for o in result:
             ^^^^^^
  File "C:\Users\zacht\FinanceCrawler\DailyFinanceDose\.venv\Lib\site-packages\scrapy\core\spidermw.py", line 167, in process_sync
    yield from iterable
  File "C:\Users\zacht\FinanceCrawler\DailyFinanceDose\.venv\Lib\site-packages\scrapy\spidermiddlewares\base.py", line 58, in process_spider_output
    for o in result:
             ^^^^^^
  File "C:\Users\zacht\FinanceCrawler\DailyFinanceDose\.venv\Lib\site-packages\scrapy\core\spidermw.py", line 167, in process_sync
    yield from iterable
  File "C:\Users\zacht\FinanceCrawler\DailyFinanceDose\.venv\Lib\site-packages\scrapy\spidermiddlewares\base.py", line 58, in process_spider_output
    for o in result:
             ^^^^^^
  File "C:\Users\zacht\FinanceCrawler\DailyFinanceDose\.venv\Lib\site-packages\scrapy\core\spidermw.py", line 167, in process_sync
    yield from iterable
  File "C:\Users\zacht\FinanceCrawler\DailyFinanceDose\.venv\Lib\site-packages\scrapy\spidermiddlewares\depth.py", line 59, in process_spider_output
    yield from super().process_spider_output(response, result, spider)
  File "C:\Users\zacht\FinanceCrawler\DailyFinanceDose\.venv\Lib\site-packages\scrapy\spidermiddlewares\base.py", line 58, in process_spider_output
    for o in result:
             ^^^^^^
  File "C:\Users\zacht\FinanceCrawler\DailyFinanceDose\.venv\Lib\site-packages\scrapy\core\spidermw.py", line 167, in process_sync
    yield from iterable
  File "C:\Users\zacht\FinanceCrawler\DailyFinanceDose\financial_news_scraper\spiders\financial_times_spider.py", line 28, in parse_article
    if pub < datetime.utcnow() - timedelta(hours=24):
       ^^^^^^^^^^^^^^^^^^^^^^^^^^^^^^^^^^^^^^^^^^^^^
TypeError: can't compare offset-naive and offset-aware datetimes
2025-05-29 21:49:53 [scrapy.core.scraper] ERROR: Spider error processing <GET https://www.ft.com/content/51c51b49-57fc-435d-9146-e86d7b19ca81> (referer: https://www.ft.com/markets)
Traceback (most recent call last):
  File "C:\Users\zacht\FinanceCrawler\DailyFinanceDose\.venv\Lib\site-packages\scrapy\utils\defer.py", line 343, in iter_errback
    yield next(it)
          ~~~~^^^^
  File "C:\Users\zacht\FinanceCrawler\DailyFinanceDose\.venv\Lib\site-packages\scrapy\utils\python.py", line 369, in __next__
    return next(self.data)
  File "C:\Users\zacht\FinanceCrawler\DailyFinanceDose\.venv\Lib\site-packages\scrapy\utils\python.py", line 369, in __next__
    return next(self.data)
  File "C:\Users\zacht\FinanceCrawler\DailyFinanceDose\.venv\Lib\site-packages\scrapy\core\spidermw.py", line 167, in process_sync
    yield from iterable
  File "C:\Users\zacht\FinanceCrawler\DailyFinanceDose\.venv\Lib\site-packages\scrapy\spidermiddlewares\base.py", line 58, in process_spider_output
    for o in result:
             ^^^^^^
  File "C:\Users\zacht\FinanceCrawler\DailyFinanceDose\.venv\Lib\site-packages\scrapy\core\spidermw.py", line 167, in process_sync
    yield from iterable
  File "C:\Users\zacht\FinanceCrawler\DailyFinanceDose\.venv\Lib\site-packages\scrapy\spidermiddlewares\base.py", line 58, in process_spider_output
    for o in result:
             ^^^^^^
  File "C:\Users\zacht\FinanceCrawler\DailyFinanceDose\.venv\Lib\site-packages\scrapy\core\spidermw.py", line 167, in process_sync
    yield from iterable
  File "C:\Users\zacht\FinanceCrawler\DailyFinanceDose\.venv\Lib\site-packages\scrapy\spidermiddlewares\base.py", line 58, in process_spider_output
    for o in result:
             ^^^^^^
  File "C:\Users\zacht\FinanceCrawler\DailyFinanceDose\.venv\Lib\site-packages\scrapy\core\spidermw.py", line 167, in process_sync
    yield from iterable
  File "C:\Users\zacht\FinanceCrawler\DailyFinanceDose\.venv\Lib\site-packages\scrapy\spidermiddlewares\depth.py", line 59, in process_spider_output
    yield from super().process_spider_output(response, result, spider)
  File "C:\Users\zacht\FinanceCrawler\DailyFinanceDose\.venv\Lib\site-packages\scrapy\spidermiddlewares\base.py", line 58, in process_spider_output
    for o in result:
             ^^^^^^
  File "C:\Users\zacht\FinanceCrawler\DailyFinanceDose\.venv\Lib\site-packages\scrapy\core\spidermw.py", line 167, in process_sync
    yield from iterable
  File "C:\Users\zacht\FinanceCrawler\DailyFinanceDose\financial_news_scraper\spiders\financial_times_spider.py", line 28, in parse_article
    if pub < datetime.utcnow() - timedelta(hours=24):
       ^^^^^^^^^^^^^^^^^^^^^^^^^^^^^^^^^^^^^^^^^^^^^
TypeError: can't compare offset-naive and offset-aware datetimes
2025-05-29 21:49:55 [scrapy.core.scraper] ERROR: Spider error processing <GET https://www.ft.com/content/b7729107-afb1-4fd7-bfd2-434d1ef7edbb> (referer: https://www.ft.com/markets)
Traceback (most recent call last):
  File "C:\Users\zacht\FinanceCrawler\DailyFinanceDose\.venv\Lib\site-packages\scrapy\utils\defer.py", line 343, in iter_errback
    yield next(it)
          ~~~~^^^^
  File "C:\Users\zacht\FinanceCrawler\DailyFinanceDose\.venv\Lib\site-packages\scrapy\utils\python.py", line 369, in __next__
    return next(self.data)
  File "C:\Users\zacht\FinanceCrawler\DailyFinanceDose\.venv\Lib\site-packages\scrapy\utils\python.py", line 369, in __next__
    return next(self.data)
  File "C:\Users\zacht\FinanceCrawler\DailyFinanceDose\.venv\Lib\site-packages\scrapy\core\spidermw.py", line 167, in process_sync
    yield from iterable
  File "C:\Users\zacht\FinanceCrawler\DailyFinanceDose\.venv\Lib\site-packages\scrapy\spidermiddlewares\base.py", line 58, in process_spider_output
    for o in result:
             ^^^^^^
  File "C:\Users\zacht\FinanceCrawler\DailyFinanceDose\.venv\Lib\site-packages\scrapy\core\spidermw.py", line 167, in process_sync
    yield from iterable
  File "C:\Users\zacht\FinanceCrawler\DailyFinanceDose\.venv\Lib\site-packages\scrapy\spidermiddlewares\base.py", line 58, in process_spider_output
    for o in result:
             ^^^^^^
  File "C:\Users\zacht\FinanceCrawler\DailyFinanceDose\.venv\Lib\site-packages\scrapy\core\spidermw.py", line 167, in process_sync
    yield from iterable
  File "C:\Users\zacht\FinanceCrawler\DailyFinanceDose\.venv\Lib\site-packages\scrapy\spidermiddlewares\base.py", line 58, in process_spider_output
    for o in result:
             ^^^^^^
  File "C:\Users\zacht\FinanceCrawler\DailyFinanceDose\.venv\Lib\site-packages\scrapy\core\spidermw.py", line 167, in process_sync
    yield from iterable
  File "C:\Users\zacht\FinanceCrawler\DailyFinanceDose\.venv\Lib\site-packages\scrapy\spidermiddlewares\depth.py", line 59, in process_spider_output
    yield from super().process_spider_output(response, result, spider)
  File "C:\Users\zacht\FinanceCrawler\DailyFinanceDose\.venv\Lib\site-packages\scrapy\spidermiddlewares\base.py", line 58, in process_spider_output
    for o in result:
             ^^^^^^
  File "C:\Users\zacht\FinanceCrawler\DailyFinanceDose\.venv\Lib\site-packages\scrapy\core\spidermw.py", line 167, in process_sync
    yield from iterable
  File "C:\Users\zacht\FinanceCrawler\DailyFinanceDose\financial_news_scraper\spiders\financial_times_spider.py", line 28, in parse_article
    if pub < datetime.utcnow() - timedelta(hours=24):
       ^^^^^^^^^^^^^^^^^^^^^^^^^^^^^^^^^^^^^^^^^^^^^
TypeError: can't compare offset-naive and offset-aware datetimes
2025-05-29 21:49:58 [scrapy.core.scraper] ERROR: Spider error processing <GET https://www.ft.com/content/20df1236-4370-4c7d-b2ed-09e95aa04f01> (referer: https://www.ft.com/markets)
Traceback (most recent call last):
  File "C:\Users\zacht\FinanceCrawler\DailyFinanceDose\.venv\Lib\site-packages\scrapy\utils\defer.py", line 343, in iter_errback
    yield next(it)
          ~~~~^^^^
  File "C:\Users\zacht\FinanceCrawler\DailyFinanceDose\.venv\Lib\site-packages\scrapy\utils\python.py", line 369, in __next__
    return next(self.data)
  File "C:\Users\zacht\FinanceCrawler\DailyFinanceDose\.venv\Lib\site-packages\scrapy\utils\python.py", line 369, in __next__
    return next(self.data)
  File "C:\Users\zacht\FinanceCrawler\DailyFinanceDose\.venv\Lib\site-packages\scrapy\core\spidermw.py", line 167, in process_sync
    yield from iterable
  File "C:\Users\zacht\FinanceCrawler\DailyFinanceDose\.venv\Lib\site-packages\scrapy\spidermiddlewares\base.py", line 58, in process_spider_output
    for o in result:
             ^^^^^^
  File "C:\Users\zacht\FinanceCrawler\DailyFinanceDose\.venv\Lib\site-packages\scrapy\core\spidermw.py", line 167, in process_sync
    yield from iterable
  File "C:\Users\zacht\FinanceCrawler\DailyFinanceDose\.venv\Lib\site-packages\scrapy\spidermiddlewares\base.py", line 58, in process_spider_output
    for o in result:
             ^^^^^^
  File "C:\Users\zacht\FinanceCrawler\DailyFinanceDose\.venv\Lib\site-packages\scrapy\core\spidermw.py", line 167, in process_sync
    yield from iterable
  File "C:\Users\zacht\FinanceCrawler\DailyFinanceDose\.venv\Lib\site-packages\scrapy\spidermiddlewares\base.py", line 58, in process_spider_output
    for o in result:
             ^^^^^^
  File "C:\Users\zacht\FinanceCrawler\DailyFinanceDose\.venv\Lib\site-packages\scrapy\core\spidermw.py", line 167, in process_sync
    yield from iterable
  File "C:\Users\zacht\FinanceCrawler\DailyFinanceDose\.venv\Lib\site-packages\scrapy\spidermiddlewares\depth.py", line 59, in process_spider_output
    yield from super().process_spider_output(response, result, spider)
  File "C:\Users\zacht\FinanceCrawler\DailyFinanceDose\.venv\Lib\site-packages\scrapy\spidermiddlewares\base.py", line 58, in process_spider_output
    for o in result:
             ^^^^^^
  File "C:\Users\zacht\FinanceCrawler\DailyFinanceDose\.venv\Lib\site-packages\scrapy\core\spidermw.py", line 167, in process_sync
    yield from iterable
  File "C:\Users\zacht\FinanceCrawler\DailyFinanceDose\financial_news_scraper\spiders\financial_times_spider.py", line 28, in parse_article
    if pub < datetime.utcnow() - timedelta(hours=24):
       ^^^^^^^^^^^^^^^^^^^^^^^^^^^^^^^^^^^^^^^^^^^^^
TypeError: can't compare offset-naive and offset-aware datetimes
2025-05-29 21:49:59 [scrapy.extensions.logstats] INFO: Crawled 31 pages (at 31 pages/min), scraped 0 items (at 0 items/min)
2025-05-29 21:49:59 [scrapy.core.scraper] ERROR: Spider error processing <GET https://www.ft.com/content/11c4973a-d798-4819-b342-fcffa4146f3d> (referer: https://www.ft.com/markets)
Traceback (most recent call last):
  File "C:\Users\zacht\FinanceCrawler\DailyFinanceDose\.venv\Lib\site-packages\scrapy\utils\defer.py", line 343, in iter_errback
    yield next(it)
          ~~~~^^^^
  File "C:\Users\zacht\FinanceCrawler\DailyFinanceDose\.venv\Lib\site-packages\scrapy\utils\python.py", line 369, in __next__
    return next(self.data)
  File "C:\Users\zacht\FinanceCrawler\DailyFinanceDose\.venv\Lib\site-packages\scrapy\utils\python.py", line 369, in __next__
    return next(self.data)
  File "C:\Users\zacht\FinanceCrawler\DailyFinanceDose\.venv\Lib\site-packages\scrapy\core\spidermw.py", line 167, in process_sync
    yield from iterable
  File "C:\Users\zacht\FinanceCrawler\DailyFinanceDose\.venv\Lib\site-packages\scrapy\spidermiddlewares\base.py", line 58, in process_spider_output
    for o in result:
             ^^^^^^
  File "C:\Users\zacht\FinanceCrawler\DailyFinanceDose\.venv\Lib\site-packages\scrapy\core\spidermw.py", line 167, in process_sync
    yield from iterable
  File "C:\Users\zacht\FinanceCrawler\DailyFinanceDose\.venv\Lib\site-packages\scrapy\spidermiddlewares\base.py", line 58, in process_spider_output
    for o in result:
             ^^^^^^
  File "C:\Users\zacht\FinanceCrawler\DailyFinanceDose\.venv\Lib\site-packages\scrapy\core\spidermw.py", line 167, in process_sync
    yield from iterable
  File "C:\Users\zacht\FinanceCrawler\DailyFinanceDose\.venv\Lib\site-packages\scrapy\spidermiddlewares\base.py", line 58, in process_spider_output
    for o in result:
             ^^^^^^
  File "C:\Users\zacht\FinanceCrawler\DailyFinanceDose\.venv\Lib\site-packages\scrapy\core\spidermw.py", line 167, in process_sync
    yield from iterable
  File "C:\Users\zacht\FinanceCrawler\DailyFinanceDose\.venv\Lib\site-packages\scrapy\spidermiddlewares\depth.py", line 59, in process_spider_output
    yield from super().process_spider_output(response, result, spider)
  File "C:\Users\zacht\FinanceCrawler\DailyFinanceDose\.venv\Lib\site-packages\scrapy\spidermiddlewares\base.py", line 58, in process_spider_output
    for o in result:
             ^^^^^^
  File "C:\Users\zacht\FinanceCrawler\DailyFinanceDose\.venv\Lib\site-packages\scrapy\core\spidermw.py", line 167, in process_sync
    yield from iterable
  File "C:\Users\zacht\FinanceCrawler\DailyFinanceDose\financial_news_scraper\spiders\financial_times_spider.py", line 28, in parse_article
    if pub < datetime.utcnow() - timedelta(hours=24):
       ^^^^^^^^^^^^^^^^^^^^^^^^^^^^^^^^^^^^^^^^^^^^^
TypeError: can't compare offset-naive and offset-aware datetimes
2025-05-29 21:50:01 [scrapy.core.scraper] ERROR: Spider error processing <GET https://www.ft.com/content/8ea2e8b5-7ba0-46bd-bbbb-3895da1399c6> (referer: https://www.ft.com/markets)
Traceback (most recent call last):
  File "C:\Users\zacht\FinanceCrawler\DailyFinanceDose\.venv\Lib\site-packages\scrapy\utils\defer.py", line 343, in iter_errback
    yield next(it)
          ~~~~^^^^
  File "C:\Users\zacht\FinanceCrawler\DailyFinanceDose\.venv\Lib\site-packages\scrapy\utils\python.py", line 369, in __next__
    return next(self.data)
  File "C:\Users\zacht\FinanceCrawler\DailyFinanceDose\.venv\Lib\site-packages\scrapy\utils\python.py", line 369, in __next__
    return next(self.data)
  File "C:\Users\zacht\FinanceCrawler\DailyFinanceDose\.venv\Lib\site-packages\scrapy\core\spidermw.py", line 167, in process_sync
    yield from iterable
  File "C:\Users\zacht\FinanceCrawler\DailyFinanceDose\.venv\Lib\site-packages\scrapy\spidermiddlewares\base.py", line 58, in process_spider_output
    for o in result:
             ^^^^^^
  File "C:\Users\zacht\FinanceCrawler\DailyFinanceDose\.venv\Lib\site-packages\scrapy\core\spidermw.py", line 167, in process_sync
    yield from iterable
  File "C:\Users\zacht\FinanceCrawler\DailyFinanceDose\.venv\Lib\site-packages\scrapy\spidermiddlewares\base.py", line 58, in process_spider_output
    for o in result:
             ^^^^^^
  File "C:\Users\zacht\FinanceCrawler\DailyFinanceDose\.venv\Lib\site-packages\scrapy\core\spidermw.py", line 167, in process_sync
    yield from iterable
  File "C:\Users\zacht\FinanceCrawler\DailyFinanceDose\.venv\Lib\site-packages\scrapy\spidermiddlewares\base.py", line 58, in process_spider_output
    for o in result:
             ^^^^^^
  File "C:\Users\zacht\FinanceCrawler\DailyFinanceDose\.venv\Lib\site-packages\scrapy\core\spidermw.py", line 167, in process_sync
    yield from iterable
  File "C:\Users\zacht\FinanceCrawler\DailyFinanceDose\.venv\Lib\site-packages\scrapy\spidermiddlewares\depth.py", line 59, in process_spider_output
    yield from super().process_spider_output(response, result, spider)
  File "C:\Users\zacht\FinanceCrawler\DailyFinanceDose\.venv\Lib\site-packages\scrapy\spidermiddlewares\base.py", line 58, in process_spider_output
    for o in result:
             ^^^^^^
  File "C:\Users\zacht\FinanceCrawler\DailyFinanceDose\.venv\Lib\site-packages\scrapy\core\spidermw.py", line 167, in process_sync
    yield from iterable
  File "C:\Users\zacht\FinanceCrawler\DailyFinanceDose\financial_news_scraper\spiders\financial_times_spider.py", line 28, in parse_article
    if pub < datetime.utcnow() - timedelta(hours=24):
       ^^^^^^^^^^^^^^^^^^^^^^^^^^^^^^^^^^^^^^^^^^^^^
TypeError: can't compare offset-naive and offset-aware datetimes
2025-05-29 21:50:03 [scrapy.core.scraper] ERROR: Spider error processing <GET https://www.ft.com/content/7c170437-4ae3-423c-ab2a-5a12e0304f64> (referer: https://www.ft.com/markets)
Traceback (most recent call last):
  File "C:\Users\zacht\FinanceCrawler\DailyFinanceDose\.venv\Lib\site-packages\scrapy\utils\defer.py", line 343, in iter_errback
    yield next(it)
          ~~~~^^^^
  File "C:\Users\zacht\FinanceCrawler\DailyFinanceDose\.venv\Lib\site-packages\scrapy\utils\python.py", line 369, in __next__
    return next(self.data)
  File "C:\Users\zacht\FinanceCrawler\DailyFinanceDose\.venv\Lib\site-packages\scrapy\utils\python.py", line 369, in __next__
    return next(self.data)
  File "C:\Users\zacht\FinanceCrawler\DailyFinanceDose\.venv\Lib\site-packages\scrapy\core\spidermw.py", line 167, in process_sync
    yield from iterable
  File "C:\Users\zacht\FinanceCrawler\DailyFinanceDose\.venv\Lib\site-packages\scrapy\spidermiddlewares\base.py", line 58, in process_spider_output
    for o in result:
             ^^^^^^
  File "C:\Users\zacht\FinanceCrawler\DailyFinanceDose\.venv\Lib\site-packages\scrapy\core\spidermw.py", line 167, in process_sync
    yield from iterable
  File "C:\Users\zacht\FinanceCrawler\DailyFinanceDose\.venv\Lib\site-packages\scrapy\spidermiddlewares\base.py", line 58, in process_spider_output
    for o in result:
             ^^^^^^
  File "C:\Users\zacht\FinanceCrawler\DailyFinanceDose\.venv\Lib\site-packages\scrapy\core\spidermw.py", line 167, in process_sync
    yield from iterable
  File "C:\Users\zacht\FinanceCrawler\DailyFinanceDose\.venv\Lib\site-packages\scrapy\spidermiddlewares\base.py", line 58, in process_spider_output
    for o in result:
             ^^^^^^
  File "C:\Users\zacht\FinanceCrawler\DailyFinanceDose\.venv\Lib\site-packages\scrapy\core\spidermw.py", line 167, in process_sync
    yield from iterable
  File "C:\Users\zacht\FinanceCrawler\DailyFinanceDose\.venv\Lib\site-packages\scrapy\spidermiddlewares\depth.py", line 59, in process_spider_output
    yield from super().process_spider_output(response, result, spider)
  File "C:\Users\zacht\FinanceCrawler\DailyFinanceDose\.venv\Lib\site-packages\scrapy\spidermiddlewares\base.py", line 58, in process_spider_output
    for o in result:
             ^^^^^^
  File "C:\Users\zacht\FinanceCrawler\DailyFinanceDose\.venv\Lib\site-packages\scrapy\core\spidermw.py", line 167, in process_sync
    yield from iterable
  File "C:\Users\zacht\FinanceCrawler\DailyFinanceDose\financial_news_scraper\spiders\financial_times_spider.py", line 28, in parse_article
    if pub < datetime.utcnow() - timedelta(hours=24):
       ^^^^^^^^^^^^^^^^^^^^^^^^^^^^^^^^^^^^^^^^^^^^^
TypeError: can't compare offset-naive and offset-aware datetimes
2025-05-29 21:50:05 [scrapy.core.scraper] ERROR: Spider error processing <GET https://www.ft.com/content/0b943123-1c01-4e8b-ae4c-9eaaca4ec07a> (referer: https://www.ft.com/markets)
Traceback (most recent call last):
  File "C:\Users\zacht\FinanceCrawler\DailyFinanceDose\.venv\Lib\site-packages\scrapy\utils\defer.py", line 343, in iter_errback
    yield next(it)
          ~~~~^^^^
  File "C:\Users\zacht\FinanceCrawler\DailyFinanceDose\.venv\Lib\site-packages\scrapy\utils\python.py", line 369, in __next__
    return next(self.data)
  File "C:\Users\zacht\FinanceCrawler\DailyFinanceDose\.venv\Lib\site-packages\scrapy\utils\python.py", line 369, in __next__
    return next(self.data)
  File "C:\Users\zacht\FinanceCrawler\DailyFinanceDose\.venv\Lib\site-packages\scrapy\core\spidermw.py", line 167, in process_sync
    yield from iterable
  File "C:\Users\zacht\FinanceCrawler\DailyFinanceDose\.venv\Lib\site-packages\scrapy\spidermiddlewares\base.py", line 58, in process_spider_output
    for o in result:
             ^^^^^^
  File "C:\Users\zacht\FinanceCrawler\DailyFinanceDose\.venv\Lib\site-packages\scrapy\core\spidermw.py", line 167, in process_sync
    yield from iterable
  File "C:\Users\zacht\FinanceCrawler\DailyFinanceDose\.venv\Lib\site-packages\scrapy\spidermiddlewares\base.py", line 58, in process_spider_output
    for o in result:
             ^^^^^^
  File "C:\Users\zacht\FinanceCrawler\DailyFinanceDose\.venv\Lib\site-packages\scrapy\core\spidermw.py", line 167, in process_sync
    yield from iterable
  File "C:\Users\zacht\FinanceCrawler\DailyFinanceDose\.venv\Lib\site-packages\scrapy\spidermiddlewares\base.py", line 58, in process_spider_output
    for o in result:
             ^^^^^^
  File "C:\Users\zacht\FinanceCrawler\DailyFinanceDose\.venv\Lib\site-packages\scrapy\core\spidermw.py", line 167, in process_sync
    yield from iterable
  File "C:\Users\zacht\FinanceCrawler\DailyFinanceDose\.venv\Lib\site-packages\scrapy\spidermiddlewares\depth.py", line 59, in process_spider_output
    yield from super().process_spider_output(response, result, spider)
  File "C:\Users\zacht\FinanceCrawler\DailyFinanceDose\.venv\Lib\site-packages\scrapy\spidermiddlewares\base.py", line 58, in process_spider_output
    for o in result:
             ^^^^^^
  File "C:\Users\zacht\FinanceCrawler\DailyFinanceDose\.venv\Lib\site-packages\scrapy\core\spidermw.py", line 167, in process_sync
    yield from iterable
  File "C:\Users\zacht\FinanceCrawler\DailyFinanceDose\financial_news_scraper\spiders\financial_times_spider.py", line 28, in parse_article
    if pub < datetime.utcnow() - timedelta(hours=24):
       ^^^^^^^^^^^^^^^^^^^^^^^^^^^^^^^^^^^^^^^^^^^^^
TypeError: can't compare offset-naive and offset-aware datetimes
2025-05-29 21:50:07 [scrapy.spidermiddlewares.httperror] INFO: Ignoring response <406 https://www.ft.com/content/d0f4e991-3f19-4ccd-9064-eaf7bfd5c474>: HTTP status code is not handled or not allowed
2025-05-29 21:50:09 [scrapy.spidermiddlewares.httperror] INFO: Ignoring response <406 https://www.ft.com/content/a429ef9a-0178-4888-a9ab-03ed9791937d>: HTTP status code is not handled or not allowed
2025-05-29 21:50:11 [scrapy.spidermiddlewares.httperror] INFO: Ignoring response <406 https://www.ft.com/content/33af0d2a-c3ff-4e43-85d3-10f46848c401>: HTTP status code is not handled or not allowed
2025-05-29 21:50:13 [scrapy.spidermiddlewares.httperror] INFO: Ignoring response <406 https://www.ft.com/content/19315b9b-1e5e-463d-8255-54a922975dcc>: HTTP status code is not handled or not allowed
2025-05-29 21:50:15 [scrapy.spidermiddlewares.httperror] INFO: Ignoring response <406 https://www.ft.com/content/c8ef9831-ac71-4bd0-9ac2-6339438ccdb7>: HTTP status code is not handled or not allowed
2025-05-29 21:50:15 [scrapy.core.engine] INFO: Closing spider (finished)
2025-05-29 21:50:15 [scrapy.statscollectors] INFO: Dumping Scrapy stats:
{'downloader/exception_count': 2,
 'downloader/exception_type_count/scrapy.exceptions.IgnoreRequest': 2,
 'downloader/request_bytes': 26469,
 'downloader/request_count': 40,
 'downloader/request_method_count/GET': 40,
 'downloader/response_bytes': 1024303,
 'downloader/response_count': 40,
 'downloader/response_status_count/200': 35,
 'downloader/response_status_count/406': 5,
 'dupefilter/filtered': 4,
 'elapsed_time_seconds': 76.54795,
 'finish_reason': 'finished',
 'finish_time': datetime.datetime(2025, 5, 30, 2, 50, 15, 835036, tzinfo=datetime.timezone.utc),
 'httpcompression/response_bytes': 5070559,
 'httpcompression/response_count': 33,
 'httperror/response_ignored_count': 5,
 'httperror/response_ignored_status_count/406': 5,
 'items_per_minute': 0.0,
 'log_count/ERROR': 16,
 'log_count/INFO': 16,
 'log_count/WARNING': 1,
 'request_depth_max': 1,
 'response_received_count': 40,
 'responses_per_minute': 31.578947368421055,
 'robotstxt/forbidden': 2,
 'robotstxt/request_count': 2,
 'robotstxt/response_count': 2,
 'robotstxt/response_status_count/200': 2,
 'scheduler/dequeued': 40,
 'scheduler/dequeued/memory': 40,
 'scheduler/enqueued': 40,
 'scheduler/enqueued/memory': 40,
 'spider_exceptions/TypeError': 16,
 'spider_exceptions/count': 16,
 'start_time': datetime.datetime(2025, 5, 30, 2, 48, 59, 287086, tzinfo=datetime.timezone.utc)}
2025-05-29 21:50:15 [scrapy.core.engine] INFO: Spider closed (finished)
