2025-06-08 12:19:40 [scrapy.utils.log] INFO: Scrapy 2.13.1 started (bot: financial_news_scraper)
2025-06-08 12:19:40 [scrapy.utils.log] INFO: Versions:
{'lxml': '5.4.0',
 'libxml2': '2.11.9',
 'cssselect': '1.3.0',
 'parsel': '1.10.0',
 'w3lib': '2.3.1',
 'Twisted': '21.7.0',
 'Python': '3.13.3 (tags/v3.13.3:6280bb5, Apr  8 2025, 14:47:33) [MSC v.1943 '
           '64 bit (AMD64)]',
 'pyOpenSSL': '25.1.0 (OpenSSL 3.5.0 8 Apr 2025)',
 'cryptography': '45.0.3',
 'Platform': 'Windows-11-10.0.26100-SP0'}
2025-06-08 12:19:40 [scrapy.addons] INFO: Enabled addons:
[]
2025-06-08 12:19:40 [py.warnings] WARNING: C:\Users\zacht\FinanceCrawler\DailyFinanceDose\.venv\Lib\site-packages\scrapy\utils\request.py:120: ScrapyDeprecationWarning: 'REQUEST_FINGERPRINTER_IMPLEMENTATION' is a deprecated setting.
It will be removed in a future version of Scrapy.
  return cls(crawler)

2025-06-08 12:19:40 [scrapy.extensions.telnet] INFO: Telnet Password: e64df85e32f714c9
2025-06-08 12:19:40 [scrapy.middleware] INFO: Enabled extensions:
['scrapy.extensions.corestats.CoreStats',
 'scrapy.extensions.telnet.TelnetConsole',
 'scrapy.extensions.feedexport.FeedExporter',
 'scrapy.extensions.logstats.LogStats',
 'scrapy.extensions.throttle.AutoThrottle']
2025-06-08 12:19:40 [scrapy.crawler] INFO: Overridden settings:
{'AUTOTHROTTLE_ENABLED': True,
 'AUTOTHROTTLE_MAX_DELAY': 10,
 'AUTOTHROTTLE_START_DELAY': 1,
 'AUTOTHROTTLE_TARGET_CONCURRENCY': 2.0,
 'BOT_NAME': 'financial_news_scraper',
 'CONCURRENT_REQUESTS_PER_DOMAIN': 4,
 'DOWNLOAD_DELAY': 2,
 'LOG_FILE': 'C:\\Users\\zacht\\FinanceCrawler\\DailyFinanceDose\\logs\\scraper_20250608_121940.log',
 'LOG_LEVEL': 'INFO',
 'NEWSPIDER_MODULE': 'financial_news_scraper.spiders',
 'RANDOMIZE_DOWNLOAD_DELAY': 0.5,
 'REQUEST_FINGERPRINTER_IMPLEMENTATION': '2.7',
 'SPIDER_MODULES': ['financial_news_scraper.spiders'],
 'USER_AGENT': 'Mozilla/5.0 (Windows NT 10.0; Win64; x64) AppleWebKit/537.36 '
               '(KHTML, like Gecko) Chrome/124.0.0.0 Safari/537.36'}
2025-06-08 12:19:41 [scrapy.middleware] INFO: Enabled downloader middlewares:
['scrapy.downloadermiddlewares.offsite.OffsiteMiddleware',
 'scrapy.downloadermiddlewares.httpauth.HttpAuthMiddleware',
 'scrapy.downloadermiddlewares.downloadtimeout.DownloadTimeoutMiddleware',
 'scrapy.downloadermiddlewares.defaultheaders.DefaultHeadersMiddleware',
 'financial_news_scraper.middlewares.RotateUserAgentMiddleware',
 'scrapy.downloadermiddlewares.useragent.UserAgentMiddleware',
 'financial_news_scraper.middlewares.ProxyMiddleware',
 'scrapy.downloadermiddlewares.retry.RetryMiddleware',
 'scrapy.downloadermiddlewares.redirect.MetaRefreshMiddleware',
 'scrapy.downloadermiddlewares.httpcompression.HttpCompressionMiddleware',
 'scrapy.downloadermiddlewares.redirect.RedirectMiddleware',
 'scrapy.downloadermiddlewares.cookies.CookiesMiddleware',
 'scrapy.downloadermiddlewares.httpproxy.HttpProxyMiddleware',
 'scrapy.downloadermiddlewares.stats.DownloaderStats']
2025-06-08 12:19:41 [scrapy.middleware] INFO: Enabled spider middlewares:
['scrapy.spidermiddlewares.start.StartSpiderMiddleware',
 'scrapy.spidermiddlewares.httperror.HttpErrorMiddleware',
 'scrapy.spidermiddlewares.referer.RefererMiddleware',
 'scrapy.spidermiddlewares.urllength.UrlLengthMiddleware',
 'scrapy.spidermiddlewares.depth.DepthMiddleware']
2025-06-08 12:19:41 [scrapy.middleware] INFO: Enabled item pipelines:
['financial_news_scraper.pipelines.ValidationPipeline',
 'financial_news_scraper.pipelines.DuplicationPipeline',
 'financial_news_scraper.pipelines.FinancialFilterPipeline',
 'financial_news_scraper.pipelines.TickerExtractionPipeline',
 'financial_news_scraper.pipelines.SentimentAnalysisPipeline',
 'financial_news_scraper.pipelines.DatabasePipeline',
 'financial_news_scraper.pipelines.ExportPipeline']
2025-06-08 12:19:41 [scrapy.core.engine] INFO: Spider opened
2025-06-08 12:19:41 [scrapy.extensions.logstats] INFO: Crawled 0 pages (at 0 pages/min), scraped 0 items (at 0 items/min)
2025-06-08 12:19:41 [scrapy.extensions.telnet] INFO: Telnet console listening on 127.0.0.1:6023
2025-06-08 12:19:43 [scrapy.spidermiddlewares.httperror] INFO: Ignoring response <401 https://www.reuters.com/markets/>: HTTP status code is not handled or not allowed
2025-06-08 12:19:45 [scrapy.spidermiddlewares.httperror] INFO: Ignoring response <401 https://www.reuters.com/technology/>: HTTP status code is not handled or not allowed
2025-06-08 12:19:47 [scrapy.spidermiddlewares.httperror] INFO: Ignoring response <401 https://www.reuters.com/business/aerospace-defense/boeing-prepares-resume-plane-deliveries-china-tariff-war-eases-2025-06-06/>: HTTP status code is not handled or not allowed
2025-06-08 12:19:49 [scrapy.spidermiddlewares.httperror] INFO: Ignoring response <401 https://www.reuters.com/business/autos-transportation/japan-trade-negotiator-akazawa-says-he-made-progress-us-tariff-talks-2025-06-07/>: HTTP status code is not handled or not allowed
2025-06-08 12:19:51 [scrapy.spidermiddlewares.httperror] INFO: Ignoring response <401 https://www.reuters.com/world/us/usda-redaction-trade-analysis-causes-concern-about-report-integrity-2025-06-06/>: HTTP status code is not handled or not allowed
2025-06-08 12:19:53 [scrapy.spidermiddlewares.httperror] INFO: Ignoring response <401 https://www.reuters.com/world/china/china-says-it-may-speed-up-rare-earths-application-approvals-eu-2025-06-07/>: HTTP status code is not handled or not allowed
2025-06-08 12:19:55 [scrapy.core.scraper] ERROR: Spider error processing <GET https://www.reuters.com/business/energy/rio-tinto-bailout-talks-australian-aluminium-smelter-afr-reports-2025-06-07/> (referer: https://www.reuters.com/business/)
Traceback (most recent call last):
  File "C:\Users\zacht\FinanceCrawler\DailyFinanceDose\.venv\Lib\site-packages\scrapy\utils\defer.py", line 343, in iter_errback
    yield next(it)
          ~~~~^^^^
  File "C:\Users\zacht\FinanceCrawler\DailyFinanceDose\.venv\Lib\site-packages\scrapy\utils\python.py", line 369, in __next__
    return next(self.data)
  File "C:\Users\zacht\FinanceCrawler\DailyFinanceDose\.venv\Lib\site-packages\scrapy\utils\python.py", line 369, in __next__
    return next(self.data)
  File "C:\Users\zacht\FinanceCrawler\DailyFinanceDose\.venv\Lib\site-packages\scrapy\core\spidermw.py", line 167, in process_sync
    yield from iterable
  File "C:\Users\zacht\FinanceCrawler\DailyFinanceDose\.venv\Lib\site-packages\scrapy\spidermiddlewares\base.py", line 58, in process_spider_output
    for o in result:
             ^^^^^^
  File "C:\Users\zacht\FinanceCrawler\DailyFinanceDose\.venv\Lib\site-packages\scrapy\core\spidermw.py", line 167, in process_sync
    yield from iterable
  File "C:\Users\zacht\FinanceCrawler\DailyFinanceDose\.venv\Lib\site-packages\scrapy\spidermiddlewares\base.py", line 58, in process_spider_output
    for o in result:
             ^^^^^^
  File "C:\Users\zacht\FinanceCrawler\DailyFinanceDose\.venv\Lib\site-packages\scrapy\core\spidermw.py", line 167, in process_sync
    yield from iterable
  File "C:\Users\zacht\FinanceCrawler\DailyFinanceDose\.venv\Lib\site-packages\scrapy\spidermiddlewares\base.py", line 58, in process_spider_output
    for o in result:
             ^^^^^^
  File "C:\Users\zacht\FinanceCrawler\DailyFinanceDose\.venv\Lib\site-packages\scrapy\core\spidermw.py", line 167, in process_sync
    yield from iterable
  File "C:\Users\zacht\FinanceCrawler\DailyFinanceDose\.venv\Lib\site-packages\scrapy\spidermiddlewares\depth.py", line 59, in process_spider_output
    yield from super().process_spider_output(response, result, spider)
  File "C:\Users\zacht\FinanceCrawler\DailyFinanceDose\.venv\Lib\site-packages\scrapy\spidermiddlewares\base.py", line 58, in process_spider_output
    for o in result:
             ^^^^^^
  File "C:\Users\zacht\FinanceCrawler\DailyFinanceDose\.venv\Lib\site-packages\scrapy\core\spidermw.py", line 167, in process_sync
    yield from iterable
  File "C:\Users\zacht\FinanceCrawler\DailyFinanceDose\financial_news_scraper\spiders\reuters_spider.py", line 34, in parse_article
    if pub < datetime.utcnow() - timedelta(hours=24):
       ^^^^^^^^^^^^^^^^^^^^^^^^^^^^^^^^^^^^^^^^^^^^^
TypeError: can't compare offset-naive and offset-aware datetimes
2025-06-08 12:19:57 [scrapy.spidermiddlewares.httperror] INFO: Ignoring response <401 https://www.reuters.com/business/autos-transportation/retail-traders-scooped-up-tesla-trump-musk-spat-hit-stock-2025-06-06/>: HTTP status code is not handled or not allowed
2025-06-08 12:19:59 [scrapy.spidermiddlewares.httperror] INFO: Ignoring response <401 https://www.reuters.com/business/aerospace-defense/us-suspends-licenses-ship-nuclear-plant-parts-china-sources-say-2025-06-06/>: HTTP status code is not handled or not allowed
2025-06-08 12:20:01 [scrapy.spidermiddlewares.httperror] INFO: Ignoring response <401 https://www.reuters.com/business/finance/ecbs-schnabel-sees-no-lasting-decoupling-fed-2025-06-07/>: HTTP status code is not handled or not allowed
2025-06-08 12:20:03 [scrapy.core.scraper] ERROR: Spider error processing <GET https://www.reuters.com/business/autos-transportation/trump-says-musk-will-face-very-serious-consequences-if-he-funds-democratic-2025-06-07/> (referer: https://www.reuters.com/business/)
Traceback (most recent call last):
  File "C:\Users\zacht\FinanceCrawler\DailyFinanceDose\.venv\Lib\site-packages\scrapy\utils\defer.py", line 343, in iter_errback
    yield next(it)
          ~~~~^^^^
  File "C:\Users\zacht\FinanceCrawler\DailyFinanceDose\.venv\Lib\site-packages\scrapy\utils\python.py", line 369, in __next__
    return next(self.data)
  File "C:\Users\zacht\FinanceCrawler\DailyFinanceDose\.venv\Lib\site-packages\scrapy\utils\python.py", line 369, in __next__
    return next(self.data)
  File "C:\Users\zacht\FinanceCrawler\DailyFinanceDose\.venv\Lib\site-packages\scrapy\core\spidermw.py", line 167, in process_sync
    yield from iterable
  File "C:\Users\zacht\FinanceCrawler\DailyFinanceDose\.venv\Lib\site-packages\scrapy\spidermiddlewares\base.py", line 58, in process_spider_output
    for o in result:
             ^^^^^^
  File "C:\Users\zacht\FinanceCrawler\DailyFinanceDose\.venv\Lib\site-packages\scrapy\core\spidermw.py", line 167, in process_sync
    yield from iterable
  File "C:\Users\zacht\FinanceCrawler\DailyFinanceDose\.venv\Lib\site-packages\scrapy\spidermiddlewares\base.py", line 58, in process_spider_output
    for o in result:
             ^^^^^^
  File "C:\Users\zacht\FinanceCrawler\DailyFinanceDose\.venv\Lib\site-packages\scrapy\core\spidermw.py", line 167, in process_sync
    yield from iterable
  File "C:\Users\zacht\FinanceCrawler\DailyFinanceDose\.venv\Lib\site-packages\scrapy\spidermiddlewares\base.py", line 58, in process_spider_output
    for o in result:
             ^^^^^^
  File "C:\Users\zacht\FinanceCrawler\DailyFinanceDose\.venv\Lib\site-packages\scrapy\core\spidermw.py", line 167, in process_sync
    yield from iterable
  File "C:\Users\zacht\FinanceCrawler\DailyFinanceDose\.venv\Lib\site-packages\scrapy\spidermiddlewares\depth.py", line 59, in process_spider_output
    yield from super().process_spider_output(response, result, spider)
  File "C:\Users\zacht\FinanceCrawler\DailyFinanceDose\.venv\Lib\site-packages\scrapy\spidermiddlewares\base.py", line 58, in process_spider_output
    for o in result:
             ^^^^^^
  File "C:\Users\zacht\FinanceCrawler\DailyFinanceDose\.venv\Lib\site-packages\scrapy\core\spidermw.py", line 167, in process_sync
    yield from iterable
  File "C:\Users\zacht\FinanceCrawler\DailyFinanceDose\financial_news_scraper\spiders\reuters_spider.py", line 34, in parse_article
    if pub < datetime.utcnow() - timedelta(hours=24):
       ^^^^^^^^^^^^^^^^^^^^^^^^^^^^^^^^^^^^^^^^^^^^^
TypeError: can't compare offset-naive and offset-aware datetimes
2025-06-08 12:20:05 [scrapy.spidermiddlewares.httperror] INFO: Ignoring response <401 https://www.reuters.com/business/energy/senior-taiwan-official-visits-site-new-alaska-lng-project-2025-06-07/>: HTTP status code is not handled or not allowed
2025-06-08 12:20:07 [scrapy.spidermiddlewares.httperror] INFO: Ignoring response <401 https://www.reuters.com/business/autos-transportation/trump-musk-induced-tesla-slide-points-market-risks-massive-stocks-2025-06-06/>: HTTP status code is not handled or not allowed
2025-06-08 12:20:09 [scrapy.spidermiddlewares.httperror] INFO: Ignoring response <401 https://www.reuters.com/world/us/trump-musk-bromance-descends-into-brawl-over-contracts-impeachment-2025-06-06/>: HTTP status code is not handled or not allowed
2025-06-08 12:20:11 [scrapy.spidermiddlewares.httperror] INFO: Ignoring response <401 https://www.reuters.com/business/finance/ecb-is-nearly-done-with-cuts-if-forecasts-hold-vujcic-says-2025-06-07/>: HTTP status code is not handled or not allowed
2025-06-08 12:20:13 [scrapy.spidermiddlewares.httperror] INFO: Ignoring response <401 https://www.reuters.com/business/meta-talks-scale-ai-investment-that-could-top-10-billion-bloomberg-news-reports-2025-06-08/>: HTTP status code is not handled or not allowed
2025-06-08 12:20:15 [scrapy.core.scraper] ERROR: Spider error processing <GET https://www.reuters.com/world/uk/bank-england-is-not-sanguine-about-inflation-hump-greene-says-2025-06-07/> (referer: https://www.reuters.com/business/)
Traceback (most recent call last):
  File "C:\Users\zacht\FinanceCrawler\DailyFinanceDose\.venv\Lib\site-packages\scrapy\utils\defer.py", line 343, in iter_errback
    yield next(it)
          ~~~~^^^^
  File "C:\Users\zacht\FinanceCrawler\DailyFinanceDose\.venv\Lib\site-packages\scrapy\utils\python.py", line 369, in __next__
    return next(self.data)
  File "C:\Users\zacht\FinanceCrawler\DailyFinanceDose\.venv\Lib\site-packages\scrapy\utils\python.py", line 369, in __next__
    return next(self.data)
  File "C:\Users\zacht\FinanceCrawler\DailyFinanceDose\.venv\Lib\site-packages\scrapy\core\spidermw.py", line 167, in process_sync
    yield from iterable
  File "C:\Users\zacht\FinanceCrawler\DailyFinanceDose\.venv\Lib\site-packages\scrapy\spidermiddlewares\base.py", line 58, in process_spider_output
    for o in result:
             ^^^^^^
  File "C:\Users\zacht\FinanceCrawler\DailyFinanceDose\.venv\Lib\site-packages\scrapy\core\spidermw.py", line 167, in process_sync
    yield from iterable
  File "C:\Users\zacht\FinanceCrawler\DailyFinanceDose\.venv\Lib\site-packages\scrapy\spidermiddlewares\base.py", line 58, in process_spider_output
    for o in result:
             ^^^^^^
  File "C:\Users\zacht\FinanceCrawler\DailyFinanceDose\.venv\Lib\site-packages\scrapy\core\spidermw.py", line 167, in process_sync
    yield from iterable
  File "C:\Users\zacht\FinanceCrawler\DailyFinanceDose\.venv\Lib\site-packages\scrapy\spidermiddlewares\base.py", line 58, in process_spider_output
    for o in result:
             ^^^^^^
  File "C:\Users\zacht\FinanceCrawler\DailyFinanceDose\.venv\Lib\site-packages\scrapy\core\spidermw.py", line 167, in process_sync
    yield from iterable
  File "C:\Users\zacht\FinanceCrawler\DailyFinanceDose\.venv\Lib\site-packages\scrapy\spidermiddlewares\depth.py", line 59, in process_spider_output
    yield from super().process_spider_output(response, result, spider)
  File "C:\Users\zacht\FinanceCrawler\DailyFinanceDose\.venv\Lib\site-packages\scrapy\spidermiddlewares\base.py", line 58, in process_spider_output
    for o in result:
             ^^^^^^
  File "C:\Users\zacht\FinanceCrawler\DailyFinanceDose\.venv\Lib\site-packages\scrapy\core\spidermw.py", line 167, in process_sync
    yield from iterable
  File "C:\Users\zacht\FinanceCrawler\DailyFinanceDose\financial_news_scraper\spiders\reuters_spider.py", line 34, in parse_article
    if pub < datetime.utcnow() - timedelta(hours=24):
       ^^^^^^^^^^^^^^^^^^^^^^^^^^^^^^^^^^^^^^^^^^^^^
TypeError: can't compare offset-naive and offset-aware datetimes
2025-06-08 12:20:17 [scrapy.core.scraper] ERROR: Spider error processing <GET https://www.reuters.com/world/china/trump-says-chinas-xi-agreed-restart-flow-rare-earth-minerals-2025-06-06/> (referer: https://www.reuters.com/business/)
Traceback (most recent call last):
  File "C:\Users\zacht\FinanceCrawler\DailyFinanceDose\.venv\Lib\site-packages\scrapy\utils\defer.py", line 343, in iter_errback
    yield next(it)
          ~~~~^^^^
  File "C:\Users\zacht\FinanceCrawler\DailyFinanceDose\.venv\Lib\site-packages\scrapy\utils\python.py", line 369, in __next__
    return next(self.data)
  File "C:\Users\zacht\FinanceCrawler\DailyFinanceDose\.venv\Lib\site-packages\scrapy\utils\python.py", line 369, in __next__
    return next(self.data)
  File "C:\Users\zacht\FinanceCrawler\DailyFinanceDose\.venv\Lib\site-packages\scrapy\core\spidermw.py", line 167, in process_sync
    yield from iterable
  File "C:\Users\zacht\FinanceCrawler\DailyFinanceDose\.venv\Lib\site-packages\scrapy\spidermiddlewares\base.py", line 58, in process_spider_output
    for o in result:
             ^^^^^^
  File "C:\Users\zacht\FinanceCrawler\DailyFinanceDose\.venv\Lib\site-packages\scrapy\core\spidermw.py", line 167, in process_sync
    yield from iterable
  File "C:\Users\zacht\FinanceCrawler\DailyFinanceDose\.venv\Lib\site-packages\scrapy\spidermiddlewares\base.py", line 58, in process_spider_output
    for o in result:
             ^^^^^^
  File "C:\Users\zacht\FinanceCrawler\DailyFinanceDose\.venv\Lib\site-packages\scrapy\core\spidermw.py", line 167, in process_sync
    yield from iterable
  File "C:\Users\zacht\FinanceCrawler\DailyFinanceDose\.venv\Lib\site-packages\scrapy\spidermiddlewares\base.py", line 58, in process_spider_output
    for o in result:
             ^^^^^^
  File "C:\Users\zacht\FinanceCrawler\DailyFinanceDose\.venv\Lib\site-packages\scrapy\core\spidermw.py", line 167, in process_sync
    yield from iterable
  File "C:\Users\zacht\FinanceCrawler\DailyFinanceDose\.venv\Lib\site-packages\scrapy\spidermiddlewares\depth.py", line 59, in process_spider_output
    yield from super().process_spider_output(response, result, spider)
  File "C:\Users\zacht\FinanceCrawler\DailyFinanceDose\.venv\Lib\site-packages\scrapy\spidermiddlewares\base.py", line 58, in process_spider_output
    for o in result:
             ^^^^^^
  File "C:\Users\zacht\FinanceCrawler\DailyFinanceDose\.venv\Lib\site-packages\scrapy\core\spidermw.py", line 167, in process_sync
    yield from iterable
  File "C:\Users\zacht\FinanceCrawler\DailyFinanceDose\financial_news_scraper\spiders\reuters_spider.py", line 34, in parse_article
    if pub < datetime.utcnow() - timedelta(hours=24):
       ^^^^^^^^^^^^^^^^^^^^^^^^^^^^^^^^^^^^^^^^^^^^^
TypeError: can't compare offset-naive and offset-aware datetimes
2025-06-08 12:20:19 [scrapy.core.scraper] ERROR: Spider error processing <GET https://www.reuters.com/world/us/us-job-growth-slows-may-unemployment-rate-steady-42-2025-06-06/> (referer: https://www.reuters.com/business/)
Traceback (most recent call last):
  File "C:\Users\zacht\FinanceCrawler\DailyFinanceDose\.venv\Lib\site-packages\scrapy\utils\defer.py", line 343, in iter_errback
    yield next(it)
          ~~~~^^^^
  File "C:\Users\zacht\FinanceCrawler\DailyFinanceDose\.venv\Lib\site-packages\scrapy\utils\python.py", line 369, in __next__
    return next(self.data)
  File "C:\Users\zacht\FinanceCrawler\DailyFinanceDose\.venv\Lib\site-packages\scrapy\utils\python.py", line 369, in __next__
    return next(self.data)
  File "C:\Users\zacht\FinanceCrawler\DailyFinanceDose\.venv\Lib\site-packages\scrapy\core\spidermw.py", line 167, in process_sync
    yield from iterable
  File "C:\Users\zacht\FinanceCrawler\DailyFinanceDose\.venv\Lib\site-packages\scrapy\spidermiddlewares\base.py", line 58, in process_spider_output
    for o in result:
             ^^^^^^
  File "C:\Users\zacht\FinanceCrawler\DailyFinanceDose\.venv\Lib\site-packages\scrapy\core\spidermw.py", line 167, in process_sync
    yield from iterable
  File "C:\Users\zacht\FinanceCrawler\DailyFinanceDose\.venv\Lib\site-packages\scrapy\spidermiddlewares\base.py", line 58, in process_spider_output
    for o in result:
             ^^^^^^
  File "C:\Users\zacht\FinanceCrawler\DailyFinanceDose\.venv\Lib\site-packages\scrapy\core\spidermw.py", line 167, in process_sync
    yield from iterable
  File "C:\Users\zacht\FinanceCrawler\DailyFinanceDose\.venv\Lib\site-packages\scrapy\spidermiddlewares\base.py", line 58, in process_spider_output
    for o in result:
             ^^^^^^
  File "C:\Users\zacht\FinanceCrawler\DailyFinanceDose\.venv\Lib\site-packages\scrapy\core\spidermw.py", line 167, in process_sync
    yield from iterable
  File "C:\Users\zacht\FinanceCrawler\DailyFinanceDose\.venv\Lib\site-packages\scrapy\spidermiddlewares\depth.py", line 59, in process_spider_output
    yield from super().process_spider_output(response, result, spider)
  File "C:\Users\zacht\FinanceCrawler\DailyFinanceDose\.venv\Lib\site-packages\scrapy\spidermiddlewares\base.py", line 58, in process_spider_output
    for o in result:
             ^^^^^^
  File "C:\Users\zacht\FinanceCrawler\DailyFinanceDose\.venv\Lib\site-packages\scrapy\core\spidermw.py", line 167, in process_sync
    yield from iterable
  File "C:\Users\zacht\FinanceCrawler\DailyFinanceDose\financial_news_scraper\spiders\reuters_spider.py", line 34, in parse_article
    if pub < datetime.utcnow() - timedelta(hours=24):
       ^^^^^^^^^^^^^^^^^^^^^^^^^^^^^^^^^^^^^^^^^^^^^
TypeError: can't compare offset-naive and offset-aware datetimes
2025-06-08 12:20:21 [scrapy.core.scraper] ERROR: Spider error processing <GET https://www.reuters.com/business/autos-transportation/geely-chairman-says-global-auto-industry-facing-serious-overcapacity-2025-06-07/> (referer: https://www.reuters.com/business/)
Traceback (most recent call last):
  File "C:\Users\zacht\FinanceCrawler\DailyFinanceDose\.venv\Lib\site-packages\scrapy\utils\defer.py", line 343, in iter_errback
    yield next(it)
          ~~~~^^^^
  File "C:\Users\zacht\FinanceCrawler\DailyFinanceDose\.venv\Lib\site-packages\scrapy\utils\python.py", line 369, in __next__
    return next(self.data)
  File "C:\Users\zacht\FinanceCrawler\DailyFinanceDose\.venv\Lib\site-packages\scrapy\utils\python.py", line 369, in __next__
    return next(self.data)
  File "C:\Users\zacht\FinanceCrawler\DailyFinanceDose\.venv\Lib\site-packages\scrapy\core\spidermw.py", line 167, in process_sync
    yield from iterable
  File "C:\Users\zacht\FinanceCrawler\DailyFinanceDose\.venv\Lib\site-packages\scrapy\spidermiddlewares\base.py", line 58, in process_spider_output
    for o in result:
             ^^^^^^
  File "C:\Users\zacht\FinanceCrawler\DailyFinanceDose\.venv\Lib\site-packages\scrapy\core\spidermw.py", line 167, in process_sync
    yield from iterable
  File "C:\Users\zacht\FinanceCrawler\DailyFinanceDose\.venv\Lib\site-packages\scrapy\spidermiddlewares\base.py", line 58, in process_spider_output
    for o in result:
             ^^^^^^
  File "C:\Users\zacht\FinanceCrawler\DailyFinanceDose\.venv\Lib\site-packages\scrapy\core\spidermw.py", line 167, in process_sync
    yield from iterable
  File "C:\Users\zacht\FinanceCrawler\DailyFinanceDose\.venv\Lib\site-packages\scrapy\spidermiddlewares\base.py", line 58, in process_spider_output
    for o in result:
             ^^^^^^
  File "C:\Users\zacht\FinanceCrawler\DailyFinanceDose\.venv\Lib\site-packages\scrapy\core\spidermw.py", line 167, in process_sync
    yield from iterable
  File "C:\Users\zacht\FinanceCrawler\DailyFinanceDose\.venv\Lib\site-packages\scrapy\spidermiddlewares\depth.py", line 59, in process_spider_output
    yield from super().process_spider_output(response, result, spider)
  File "C:\Users\zacht\FinanceCrawler\DailyFinanceDose\.venv\Lib\site-packages\scrapy\spidermiddlewares\base.py", line 58, in process_spider_output
    for o in result:
             ^^^^^^
  File "C:\Users\zacht\FinanceCrawler\DailyFinanceDose\.venv\Lib\site-packages\scrapy\core\spidermw.py", line 167, in process_sync
    yield from iterable
  File "C:\Users\zacht\FinanceCrawler\DailyFinanceDose\financial_news_scraper\spiders\reuters_spider.py", line 34, in parse_article
    if pub < datetime.utcnow() - timedelta(hours=24):
       ^^^^^^^^^^^^^^^^^^^^^^^^^^^^^^^^^^^^^^^^^^^^^
TypeError: can't compare offset-naive and offset-aware datetimes
2025-06-08 12:20:23 [scrapy.core.scraper] ERROR: Spider error processing <GET https://www.reuters.com/business/autos-transportation/wall-street-futures-edge-up-ahead-jobs-data-tesla-rebounds-2025-06-06/> (referer: https://www.reuters.com/business/)
Traceback (most recent call last):
  File "C:\Users\zacht\FinanceCrawler\DailyFinanceDose\.venv\Lib\site-packages\scrapy\utils\defer.py", line 343, in iter_errback
    yield next(it)
          ~~~~^^^^
  File "C:\Users\zacht\FinanceCrawler\DailyFinanceDose\.venv\Lib\site-packages\scrapy\utils\python.py", line 369, in __next__
    return next(self.data)
  File "C:\Users\zacht\FinanceCrawler\DailyFinanceDose\.venv\Lib\site-packages\scrapy\utils\python.py", line 369, in __next__
    return next(self.data)
  File "C:\Users\zacht\FinanceCrawler\DailyFinanceDose\.venv\Lib\site-packages\scrapy\core\spidermw.py", line 167, in process_sync
    yield from iterable
  File "C:\Users\zacht\FinanceCrawler\DailyFinanceDose\.venv\Lib\site-packages\scrapy\spidermiddlewares\base.py", line 58, in process_spider_output
    for o in result:
             ^^^^^^
  File "C:\Users\zacht\FinanceCrawler\DailyFinanceDose\.venv\Lib\site-packages\scrapy\core\spidermw.py", line 167, in process_sync
    yield from iterable
  File "C:\Users\zacht\FinanceCrawler\DailyFinanceDose\.venv\Lib\site-packages\scrapy\spidermiddlewares\base.py", line 58, in process_spider_output
    for o in result:
             ^^^^^^
  File "C:\Users\zacht\FinanceCrawler\DailyFinanceDose\.venv\Lib\site-packages\scrapy\core\spidermw.py", line 167, in process_sync
    yield from iterable
  File "C:\Users\zacht\FinanceCrawler\DailyFinanceDose\.venv\Lib\site-packages\scrapy\spidermiddlewares\base.py", line 58, in process_spider_output
    for o in result:
             ^^^^^^
  File "C:\Users\zacht\FinanceCrawler\DailyFinanceDose\.venv\Lib\site-packages\scrapy\core\spidermw.py", line 167, in process_sync
    yield from iterable
  File "C:\Users\zacht\FinanceCrawler\DailyFinanceDose\.venv\Lib\site-packages\scrapy\spidermiddlewares\depth.py", line 59, in process_spider_output
    yield from super().process_spider_output(response, result, spider)
  File "C:\Users\zacht\FinanceCrawler\DailyFinanceDose\.venv\Lib\site-packages\scrapy\spidermiddlewares\base.py", line 58, in process_spider_output
    for o in result:
             ^^^^^^
  File "C:\Users\zacht\FinanceCrawler\DailyFinanceDose\.venv\Lib\site-packages\scrapy\core\spidermw.py", line 167, in process_sync
    yield from iterable
  File "C:\Users\zacht\FinanceCrawler\DailyFinanceDose\financial_news_scraper\spiders\reuters_spider.py", line 34, in parse_article
    if pub < datetime.utcnow() - timedelta(hours=24):
       ^^^^^^^^^^^^^^^^^^^^^^^^^^^^^^^^^^^^^^^^^^^^^
TypeError: can't compare offset-naive and offset-aware datetimes
2025-06-08 12:20:27 [scrapy.core.scraper] ERROR: Spider error processing <GET https://www.reuters.com/video/> (referer: https://www.reuters.com/business/)
Traceback (most recent call last):
  File "C:\Users\zacht\FinanceCrawler\DailyFinanceDose\.venv\Lib\site-packages\scrapy\utils\defer.py", line 343, in iter_errback
    yield next(it)
          ~~~~^^^^
  File "C:\Users\zacht\FinanceCrawler\DailyFinanceDose\.venv\Lib\site-packages\scrapy\utils\python.py", line 369, in __next__
    return next(self.data)
  File "C:\Users\zacht\FinanceCrawler\DailyFinanceDose\.venv\Lib\site-packages\scrapy\utils\python.py", line 369, in __next__
    return next(self.data)
  File "C:\Users\zacht\FinanceCrawler\DailyFinanceDose\.venv\Lib\site-packages\scrapy\core\spidermw.py", line 167, in process_sync
    yield from iterable
  File "C:\Users\zacht\FinanceCrawler\DailyFinanceDose\.venv\Lib\site-packages\scrapy\spidermiddlewares\base.py", line 58, in process_spider_output
    for o in result:
             ^^^^^^
  File "C:\Users\zacht\FinanceCrawler\DailyFinanceDose\.venv\Lib\site-packages\scrapy\core\spidermw.py", line 167, in process_sync
    yield from iterable
  File "C:\Users\zacht\FinanceCrawler\DailyFinanceDose\.venv\Lib\site-packages\scrapy\spidermiddlewares\base.py", line 58, in process_spider_output
    for o in result:
             ^^^^^^
  File "C:\Users\zacht\FinanceCrawler\DailyFinanceDose\.venv\Lib\site-packages\scrapy\core\spidermw.py", line 167, in process_sync
    yield from iterable
  File "C:\Users\zacht\FinanceCrawler\DailyFinanceDose\.venv\Lib\site-packages\scrapy\spidermiddlewares\base.py", line 58, in process_spider_output
    for o in result:
             ^^^^^^
  File "C:\Users\zacht\FinanceCrawler\DailyFinanceDose\.venv\Lib\site-packages\scrapy\core\spidermw.py", line 167, in process_sync
    yield from iterable
  File "C:\Users\zacht\FinanceCrawler\DailyFinanceDose\.venv\Lib\site-packages\scrapy\spidermiddlewares\depth.py", line 59, in process_spider_output
    yield from super().process_spider_output(response, result, spider)
  File "C:\Users\zacht\FinanceCrawler\DailyFinanceDose\.venv\Lib\site-packages\scrapy\spidermiddlewares\base.py", line 58, in process_spider_output
    for o in result:
             ^^^^^^
  File "C:\Users\zacht\FinanceCrawler\DailyFinanceDose\.venv\Lib\site-packages\scrapy\core\spidermw.py", line 167, in process_sync
    yield from iterable
  File "C:\Users\zacht\FinanceCrawler\DailyFinanceDose\financial_news_scraper\spiders\reuters_spider.py", line 33, in parse_article
    pub = datetime.fromisoformat(pub_iso)
ValueError: Invalid isoformat string: 'June 6, 2025'
2025-06-08 12:20:29 [scrapy.core.scraper] ERROR: Spider error processing <GET https://www.reuters.com/fact-check/> (referer: https://www.reuters.com/business/)
Traceback (most recent call last):
  File "C:\Users\zacht\FinanceCrawler\DailyFinanceDose\.venv\Lib\site-packages\scrapy\utils\defer.py", line 343, in iter_errback
    yield next(it)
          ~~~~^^^^
  File "C:\Users\zacht\FinanceCrawler\DailyFinanceDose\.venv\Lib\site-packages\scrapy\utils\python.py", line 369, in __next__
    return next(self.data)
  File "C:\Users\zacht\FinanceCrawler\DailyFinanceDose\.venv\Lib\site-packages\scrapy\utils\python.py", line 369, in __next__
    return next(self.data)
  File "C:\Users\zacht\FinanceCrawler\DailyFinanceDose\.venv\Lib\site-packages\scrapy\core\spidermw.py", line 167, in process_sync
    yield from iterable
  File "C:\Users\zacht\FinanceCrawler\DailyFinanceDose\.venv\Lib\site-packages\scrapy\spidermiddlewares\base.py", line 58, in process_spider_output
    for o in result:
             ^^^^^^
  File "C:\Users\zacht\FinanceCrawler\DailyFinanceDose\.venv\Lib\site-packages\scrapy\core\spidermw.py", line 167, in process_sync
    yield from iterable
  File "C:\Users\zacht\FinanceCrawler\DailyFinanceDose\.venv\Lib\site-packages\scrapy\spidermiddlewares\base.py", line 58, in process_spider_output
    for o in result:
             ^^^^^^
  File "C:\Users\zacht\FinanceCrawler\DailyFinanceDose\.venv\Lib\site-packages\scrapy\core\spidermw.py", line 167, in process_sync
    yield from iterable
  File "C:\Users\zacht\FinanceCrawler\DailyFinanceDose\.venv\Lib\site-packages\scrapy\spidermiddlewares\base.py", line 58, in process_spider_output
    for o in result:
             ^^^^^^
  File "C:\Users\zacht\FinanceCrawler\DailyFinanceDose\.venv\Lib\site-packages\scrapy\core\spidermw.py", line 167, in process_sync
    yield from iterable
  File "C:\Users\zacht\FinanceCrawler\DailyFinanceDose\.venv\Lib\site-packages\scrapy\spidermiddlewares\depth.py", line 59, in process_spider_output
    yield from super().process_spider_output(response, result, spider)
  File "C:\Users\zacht\FinanceCrawler\DailyFinanceDose\.venv\Lib\site-packages\scrapy\spidermiddlewares\base.py", line 58, in process_spider_output
    for o in result:
             ^^^^^^
  File "C:\Users\zacht\FinanceCrawler\DailyFinanceDose\.venv\Lib\site-packages\scrapy\core\spidermw.py", line 167, in process_sync
    yield from iterable
  File "C:\Users\zacht\FinanceCrawler\DailyFinanceDose\financial_news_scraper\spiders\reuters_spider.py", line 34, in parse_article
    if pub < datetime.utcnow() - timedelta(hours=24):
       ^^^^^^^^^^^^^^^^^^^^^^^^^^^^^^^^^^^^^^^^^^^^^
TypeError: can't compare offset-naive and offset-aware datetimes
2025-06-08 12:20:31 [scrapy.core.scraper] ERROR: Spider error processing <GET https://www.reuters.com/live/> (referer: https://www.reuters.com/business/)
Traceback (most recent call last):
  File "C:\Users\zacht\FinanceCrawler\DailyFinanceDose\.venv\Lib\site-packages\scrapy\utils\defer.py", line 343, in iter_errback
    yield next(it)
          ~~~~^^^^
  File "C:\Users\zacht\FinanceCrawler\DailyFinanceDose\.venv\Lib\site-packages\scrapy\utils\python.py", line 369, in __next__
    return next(self.data)
  File "C:\Users\zacht\FinanceCrawler\DailyFinanceDose\.venv\Lib\site-packages\scrapy\utils\python.py", line 369, in __next__
    return next(self.data)
  File "C:\Users\zacht\FinanceCrawler\DailyFinanceDose\.venv\Lib\site-packages\scrapy\core\spidermw.py", line 167, in process_sync
    yield from iterable
  File "C:\Users\zacht\FinanceCrawler\DailyFinanceDose\.venv\Lib\site-packages\scrapy\spidermiddlewares\base.py", line 58, in process_spider_output
    for o in result:
             ^^^^^^
  File "C:\Users\zacht\FinanceCrawler\DailyFinanceDose\.venv\Lib\site-packages\scrapy\core\spidermw.py", line 167, in process_sync
    yield from iterable
  File "C:\Users\zacht\FinanceCrawler\DailyFinanceDose\.venv\Lib\site-packages\scrapy\spidermiddlewares\base.py", line 58, in process_spider_output
    for o in result:
             ^^^^^^
  File "C:\Users\zacht\FinanceCrawler\DailyFinanceDose\.venv\Lib\site-packages\scrapy\core\spidermw.py", line 167, in process_sync
    yield from iterable
  File "C:\Users\zacht\FinanceCrawler\DailyFinanceDose\.venv\Lib\site-packages\scrapy\spidermiddlewares\base.py", line 58, in process_spider_output
    for o in result:
             ^^^^^^
  File "C:\Users\zacht\FinanceCrawler\DailyFinanceDose\.venv\Lib\site-packages\scrapy\core\spidermw.py", line 167, in process_sync
    yield from iterable
  File "C:\Users\zacht\FinanceCrawler\DailyFinanceDose\.venv\Lib\site-packages\scrapy\spidermiddlewares\depth.py", line 59, in process_spider_output
    yield from super().process_spider_output(response, result, spider)
  File "C:\Users\zacht\FinanceCrawler\DailyFinanceDose\.venv\Lib\site-packages\scrapy\spidermiddlewares\base.py", line 58, in process_spider_output
    for o in result:
             ^^^^^^
  File "C:\Users\zacht\FinanceCrawler\DailyFinanceDose\.venv\Lib\site-packages\scrapy\core\spidermw.py", line 167, in process_sync
    yield from iterable
  File "C:\Users\zacht\FinanceCrawler\DailyFinanceDose\financial_news_scraper\spiders\reuters_spider.py", line 34, in parse_article
    if pub < datetime.utcnow() - timedelta(hours=24):
       ^^^^^^^^^^^^^^^^^^^^^^^^^^^^^^^^^^^^^^^^^^^^^
TypeError: can't compare offset-naive and offset-aware datetimes
2025-06-08 12:20:33 [scrapy.core.scraper] ERROR: Spider error processing <GET https://www.reuters.com/podcasts/> (referer: https://www.reuters.com/business/)
Traceback (most recent call last):
  File "C:\Users\zacht\FinanceCrawler\DailyFinanceDose\.venv\Lib\site-packages\scrapy\utils\defer.py", line 343, in iter_errback
    yield next(it)
          ~~~~^^^^
  File "C:\Users\zacht\FinanceCrawler\DailyFinanceDose\.venv\Lib\site-packages\scrapy\utils\python.py", line 369, in __next__
    return next(self.data)
  File "C:\Users\zacht\FinanceCrawler\DailyFinanceDose\.venv\Lib\site-packages\scrapy\utils\python.py", line 369, in __next__
    return next(self.data)
  File "C:\Users\zacht\FinanceCrawler\DailyFinanceDose\.venv\Lib\site-packages\scrapy\core\spidermw.py", line 167, in process_sync
    yield from iterable
  File "C:\Users\zacht\FinanceCrawler\DailyFinanceDose\.venv\Lib\site-packages\scrapy\spidermiddlewares\base.py", line 58, in process_spider_output
    for o in result:
             ^^^^^^
  File "C:\Users\zacht\FinanceCrawler\DailyFinanceDose\.venv\Lib\site-packages\scrapy\core\spidermw.py", line 167, in process_sync
    yield from iterable
  File "C:\Users\zacht\FinanceCrawler\DailyFinanceDose\.venv\Lib\site-packages\scrapy\spidermiddlewares\base.py", line 58, in process_spider_output
    for o in result:
             ^^^^^^
  File "C:\Users\zacht\FinanceCrawler\DailyFinanceDose\.venv\Lib\site-packages\scrapy\core\spidermw.py", line 167, in process_sync
    yield from iterable
  File "C:\Users\zacht\FinanceCrawler\DailyFinanceDose\.venv\Lib\site-packages\scrapy\spidermiddlewares\base.py", line 58, in process_spider_output
    for o in result:
             ^^^^^^
  File "C:\Users\zacht\FinanceCrawler\DailyFinanceDose\.venv\Lib\site-packages\scrapy\core\spidermw.py", line 167, in process_sync
    yield from iterable
  File "C:\Users\zacht\FinanceCrawler\DailyFinanceDose\.venv\Lib\site-packages\scrapy\spidermiddlewares\depth.py", line 59, in process_spider_output
    yield from super().process_spider_output(response, result, spider)
  File "C:\Users\zacht\FinanceCrawler\DailyFinanceDose\.venv\Lib\site-packages\scrapy\spidermiddlewares\base.py", line 58, in process_spider_output
    for o in result:
             ^^^^^^
  File "C:\Users\zacht\FinanceCrawler\DailyFinanceDose\.venv\Lib\site-packages\scrapy\core\spidermw.py", line 167, in process_sync
    yield from iterable
  File "C:\Users\zacht\FinanceCrawler\DailyFinanceDose\financial_news_scraper\spiders\reuters_spider.py", line 34, in parse_article
    if pub < datetime.utcnow() - timedelta(hours=24):
       ^^^^^^^^^^^^^^^^^^^^^^^^^^^^^^^^^^^^^^^^^^^^^
TypeError: can't compare offset-naive and offset-aware datetimes
2025-06-08 12:20:35 [scrapy.spidermiddlewares.httperror] INFO: Ignoring response <401 https://www.reuters.com/wider-image/>: HTTP status code is not handled or not allowed
2025-06-08 12:20:37 [scrapy.core.scraper] ERROR: Spider error processing <GET https://www.reuters.com/pictures/> (referer: https://www.reuters.com/business/)
Traceback (most recent call last):
  File "C:\Users\zacht\FinanceCrawler\DailyFinanceDose\.venv\Lib\site-packages\scrapy\utils\defer.py", line 343, in iter_errback
    yield next(it)
          ~~~~^^^^
  File "C:\Users\zacht\FinanceCrawler\DailyFinanceDose\.venv\Lib\site-packages\scrapy\utils\python.py", line 369, in __next__
    return next(self.data)
  File "C:\Users\zacht\FinanceCrawler\DailyFinanceDose\.venv\Lib\site-packages\scrapy\utils\python.py", line 369, in __next__
    return next(self.data)
  File "C:\Users\zacht\FinanceCrawler\DailyFinanceDose\.venv\Lib\site-packages\scrapy\core\spidermw.py", line 167, in process_sync
    yield from iterable
  File "C:\Users\zacht\FinanceCrawler\DailyFinanceDose\.venv\Lib\site-packages\scrapy\spidermiddlewares\base.py", line 58, in process_spider_output
    for o in result:
             ^^^^^^
  File "C:\Users\zacht\FinanceCrawler\DailyFinanceDose\.venv\Lib\site-packages\scrapy\core\spidermw.py", line 167, in process_sync
    yield from iterable
  File "C:\Users\zacht\FinanceCrawler\DailyFinanceDose\.venv\Lib\site-packages\scrapy\spidermiddlewares\base.py", line 58, in process_spider_output
    for o in result:
             ^^^^^^
  File "C:\Users\zacht\FinanceCrawler\DailyFinanceDose\.venv\Lib\site-packages\scrapy\core\spidermw.py", line 167, in process_sync
    yield from iterable
  File "C:\Users\zacht\FinanceCrawler\DailyFinanceDose\.venv\Lib\site-packages\scrapy\spidermiddlewares\base.py", line 58, in process_spider_output
    for o in result:
             ^^^^^^
  File "C:\Users\zacht\FinanceCrawler\DailyFinanceDose\.venv\Lib\site-packages\scrapy\core\spidermw.py", line 167, in process_sync
    yield from iterable
  File "C:\Users\zacht\FinanceCrawler\DailyFinanceDose\.venv\Lib\site-packages\scrapy\spidermiddlewares\depth.py", line 59, in process_spider_output
    yield from super().process_spider_output(response, result, spider)
  File "C:\Users\zacht\FinanceCrawler\DailyFinanceDose\.venv\Lib\site-packages\scrapy\spidermiddlewares\base.py", line 58, in process_spider_output
    for o in result:
             ^^^^^^
  File "C:\Users\zacht\FinanceCrawler\DailyFinanceDose\.venv\Lib\site-packages\scrapy\core\spidermw.py", line 167, in process_sync
    yield from iterable
  File "C:\Users\zacht\FinanceCrawler\DailyFinanceDose\financial_news_scraper\spiders\reuters_spider.py", line 34, in parse_article
    if pub < datetime.utcnow() - timedelta(hours=24):
       ^^^^^^^^^^^^^^^^^^^^^^^^^^^^^^^^^^^^^^^^^^^^^
TypeError: can't compare offset-naive and offset-aware datetimes
2025-06-08 12:20:39 [scrapy.core.scraper] ERROR: Spider error processing <GET https://www.reuters.com/graphics/> (referer: https://www.reuters.com/business/)
Traceback (most recent call last):
  File "C:\Users\zacht\FinanceCrawler\DailyFinanceDose\.venv\Lib\site-packages\scrapy\utils\defer.py", line 343, in iter_errback
    yield next(it)
          ~~~~^^^^
  File "C:\Users\zacht\FinanceCrawler\DailyFinanceDose\.venv\Lib\site-packages\scrapy\utils\python.py", line 369, in __next__
    return next(self.data)
  File "C:\Users\zacht\FinanceCrawler\DailyFinanceDose\.venv\Lib\site-packages\scrapy\utils\python.py", line 369, in __next__
    return next(self.data)
  File "C:\Users\zacht\FinanceCrawler\DailyFinanceDose\.venv\Lib\site-packages\scrapy\core\spidermw.py", line 167, in process_sync
    yield from iterable
  File "C:\Users\zacht\FinanceCrawler\DailyFinanceDose\.venv\Lib\site-packages\scrapy\spidermiddlewares\base.py", line 58, in process_spider_output
    for o in result:
             ^^^^^^
  File "C:\Users\zacht\FinanceCrawler\DailyFinanceDose\.venv\Lib\site-packages\scrapy\core\spidermw.py", line 167, in process_sync
    yield from iterable
  File "C:\Users\zacht\FinanceCrawler\DailyFinanceDose\.venv\Lib\site-packages\scrapy\spidermiddlewares\base.py", line 58, in process_spider_output
    for o in result:
             ^^^^^^
  File "C:\Users\zacht\FinanceCrawler\DailyFinanceDose\.venv\Lib\site-packages\scrapy\core\spidermw.py", line 167, in process_sync
    yield from iterable
  File "C:\Users\zacht\FinanceCrawler\DailyFinanceDose\.venv\Lib\site-packages\scrapy\spidermiddlewares\base.py", line 58, in process_spider_output
    for o in result:
             ^^^^^^
  File "C:\Users\zacht\FinanceCrawler\DailyFinanceDose\.venv\Lib\site-packages\scrapy\core\spidermw.py", line 167, in process_sync
    yield from iterable
  File "C:\Users\zacht\FinanceCrawler\DailyFinanceDose\.venv\Lib\site-packages\scrapy\spidermiddlewares\depth.py", line 59, in process_spider_output
    yield from super().process_spider_output(response, result, spider)
  File "C:\Users\zacht\FinanceCrawler\DailyFinanceDose\.venv\Lib\site-packages\scrapy\spidermiddlewares\base.py", line 58, in process_spider_output
    for o in result:
             ^^^^^^
  File "C:\Users\zacht\FinanceCrawler\DailyFinanceDose\.venv\Lib\site-packages\scrapy\core\spidermw.py", line 167, in process_sync
    yield from iterable
  File "C:\Users\zacht\FinanceCrawler\DailyFinanceDose\financial_news_scraper\spiders\reuters_spider.py", line 34, in parse_article
    if pub < datetime.utcnow() - timedelta(hours=24):
       ^^^^^^^^^^^^^^^^^^^^^^^^^^^^^^^^^^^^^^^^^^^^^
TypeError: can't compare offset-naive and offset-aware datetimes
2025-06-08 12:20:41 [scrapy.extensions.logstats] INFO: Crawled 29 pages (at 29 pages/min), scraped 0 items (at 0 items/min)
2025-06-08 12:20:41 [scrapy.core.scraper] ERROR: Spider error processing <GET https://www.reuters.com/city-memo/> (referer: https://www.reuters.com/business/)
Traceback (most recent call last):
  File "C:\Users\zacht\FinanceCrawler\DailyFinanceDose\.venv\Lib\site-packages\scrapy\utils\defer.py", line 343, in iter_errback
    yield next(it)
          ~~~~^^^^
  File "C:\Users\zacht\FinanceCrawler\DailyFinanceDose\.venv\Lib\site-packages\scrapy\utils\python.py", line 369, in __next__
    return next(self.data)
  File "C:\Users\zacht\FinanceCrawler\DailyFinanceDose\.venv\Lib\site-packages\scrapy\utils\python.py", line 369, in __next__
    return next(self.data)
  File "C:\Users\zacht\FinanceCrawler\DailyFinanceDose\.venv\Lib\site-packages\scrapy\core\spidermw.py", line 167, in process_sync
    yield from iterable
  File "C:\Users\zacht\FinanceCrawler\DailyFinanceDose\.venv\Lib\site-packages\scrapy\spidermiddlewares\base.py", line 58, in process_spider_output
    for o in result:
             ^^^^^^
  File "C:\Users\zacht\FinanceCrawler\DailyFinanceDose\.venv\Lib\site-packages\scrapy\core\spidermw.py", line 167, in process_sync
    yield from iterable
  File "C:\Users\zacht\FinanceCrawler\DailyFinanceDose\.venv\Lib\site-packages\scrapy\spidermiddlewares\base.py", line 58, in process_spider_output
    for o in result:
             ^^^^^^
  File "C:\Users\zacht\FinanceCrawler\DailyFinanceDose\.venv\Lib\site-packages\scrapy\core\spidermw.py", line 167, in process_sync
    yield from iterable
  File "C:\Users\zacht\FinanceCrawler\DailyFinanceDose\.venv\Lib\site-packages\scrapy\spidermiddlewares\base.py", line 58, in process_spider_output
    for o in result:
             ^^^^^^
  File "C:\Users\zacht\FinanceCrawler\DailyFinanceDose\.venv\Lib\site-packages\scrapy\core\spidermw.py", line 167, in process_sync
    yield from iterable
  File "C:\Users\zacht\FinanceCrawler\DailyFinanceDose\.venv\Lib\site-packages\scrapy\spidermiddlewares\depth.py", line 59, in process_spider_output
    yield from super().process_spider_output(response, result, spider)
  File "C:\Users\zacht\FinanceCrawler\DailyFinanceDose\.venv\Lib\site-packages\scrapy\spidermiddlewares\base.py", line 58, in process_spider_output
    for o in result:
             ^^^^^^
  File "C:\Users\zacht\FinanceCrawler\DailyFinanceDose\.venv\Lib\site-packages\scrapy\core\spidermw.py", line 167, in process_sync
    yield from iterable
  File "C:\Users\zacht\FinanceCrawler\DailyFinanceDose\financial_news_scraper\spiders\reuters_spider.py", line 34, in parse_article
    if pub < datetime.utcnow() - timedelta(hours=24):
       ^^^^^^^^^^^^^^^^^^^^^^^^^^^^^^^^^^^^^^^^^^^^^
TypeError: can't compare offset-naive and offset-aware datetimes
2025-06-08 12:20:43 [scrapy.core.scraper] ERROR: Spider error processing <GET https://www.reuters.com/lifestyle/> (referer: https://www.reuters.com/business/)
Traceback (most recent call last):
  File "C:\Users\zacht\FinanceCrawler\DailyFinanceDose\.venv\Lib\site-packages\scrapy\utils\defer.py", line 343, in iter_errback
    yield next(it)
          ~~~~^^^^
  File "C:\Users\zacht\FinanceCrawler\DailyFinanceDose\.venv\Lib\site-packages\scrapy\utils\python.py", line 369, in __next__
    return next(self.data)
  File "C:\Users\zacht\FinanceCrawler\DailyFinanceDose\.venv\Lib\site-packages\scrapy\utils\python.py", line 369, in __next__
    return next(self.data)
  File "C:\Users\zacht\FinanceCrawler\DailyFinanceDose\.venv\Lib\site-packages\scrapy\core\spidermw.py", line 167, in process_sync
    yield from iterable
  File "C:\Users\zacht\FinanceCrawler\DailyFinanceDose\.venv\Lib\site-packages\scrapy\spidermiddlewares\base.py", line 58, in process_spider_output
    for o in result:
             ^^^^^^
  File "C:\Users\zacht\FinanceCrawler\DailyFinanceDose\.venv\Lib\site-packages\scrapy\core\spidermw.py", line 167, in process_sync
    yield from iterable
  File "C:\Users\zacht\FinanceCrawler\DailyFinanceDose\.venv\Lib\site-packages\scrapy\spidermiddlewares\base.py", line 58, in process_spider_output
    for o in result:
             ^^^^^^
  File "C:\Users\zacht\FinanceCrawler\DailyFinanceDose\.venv\Lib\site-packages\scrapy\core\spidermw.py", line 167, in process_sync
    yield from iterable
  File "C:\Users\zacht\FinanceCrawler\DailyFinanceDose\.venv\Lib\site-packages\scrapy\spidermiddlewares\base.py", line 58, in process_spider_output
    for o in result:
             ^^^^^^
  File "C:\Users\zacht\FinanceCrawler\DailyFinanceDose\.venv\Lib\site-packages\scrapy\core\spidermw.py", line 167, in process_sync
    yield from iterable
  File "C:\Users\zacht\FinanceCrawler\DailyFinanceDose\.venv\Lib\site-packages\scrapy\spidermiddlewares\depth.py", line 59, in process_spider_output
    yield from super().process_spider_output(response, result, spider)
  File "C:\Users\zacht\FinanceCrawler\DailyFinanceDose\.venv\Lib\site-packages\scrapy\spidermiddlewares\base.py", line 58, in process_spider_output
    for o in result:
             ^^^^^^
  File "C:\Users\zacht\FinanceCrawler\DailyFinanceDose\.venv\Lib\site-packages\scrapy\core\spidermw.py", line 167, in process_sync
    yield from iterable
  File "C:\Users\zacht\FinanceCrawler\DailyFinanceDose\financial_news_scraper\spiders\reuters_spider.py", line 34, in parse_article
    if pub < datetime.utcnow() - timedelta(hours=24):
       ^^^^^^^^^^^^^^^^^^^^^^^^^^^^^^^^^^^^^^^^^^^^^
TypeError: can't compare offset-naive and offset-aware datetimes
2025-06-08 12:20:45 [scrapy.core.scraper] ERROR: Spider error processing <GET https://www.reuters.com/science/> (referer: https://www.reuters.com/business/)
Traceback (most recent call last):
  File "C:\Users\zacht\FinanceCrawler\DailyFinanceDose\.venv\Lib\site-packages\scrapy\utils\defer.py", line 343, in iter_errback
    yield next(it)
          ~~~~^^^^
  File "C:\Users\zacht\FinanceCrawler\DailyFinanceDose\.venv\Lib\site-packages\scrapy\utils\python.py", line 369, in __next__
    return next(self.data)
  File "C:\Users\zacht\FinanceCrawler\DailyFinanceDose\.venv\Lib\site-packages\scrapy\utils\python.py", line 369, in __next__
    return next(self.data)
  File "C:\Users\zacht\FinanceCrawler\DailyFinanceDose\.venv\Lib\site-packages\scrapy\core\spidermw.py", line 167, in process_sync
    yield from iterable
  File "C:\Users\zacht\FinanceCrawler\DailyFinanceDose\.venv\Lib\site-packages\scrapy\spidermiddlewares\base.py", line 58, in process_spider_output
    for o in result:
             ^^^^^^
  File "C:\Users\zacht\FinanceCrawler\DailyFinanceDose\.venv\Lib\site-packages\scrapy\core\spidermw.py", line 167, in process_sync
    yield from iterable
  File "C:\Users\zacht\FinanceCrawler\DailyFinanceDose\.venv\Lib\site-packages\scrapy\spidermiddlewares\base.py", line 58, in process_spider_output
    for o in result:
             ^^^^^^
  File "C:\Users\zacht\FinanceCrawler\DailyFinanceDose\.venv\Lib\site-packages\scrapy\core\spidermw.py", line 167, in process_sync
    yield from iterable
  File "C:\Users\zacht\FinanceCrawler\DailyFinanceDose\.venv\Lib\site-packages\scrapy\spidermiddlewares\base.py", line 58, in process_spider_output
    for o in result:
             ^^^^^^
  File "C:\Users\zacht\FinanceCrawler\DailyFinanceDose\.venv\Lib\site-packages\scrapy\core\spidermw.py", line 167, in process_sync
    yield from iterable
  File "C:\Users\zacht\FinanceCrawler\DailyFinanceDose\.venv\Lib\site-packages\scrapy\spidermiddlewares\depth.py", line 59, in process_spider_output
    yield from super().process_spider_output(response, result, spider)
  File "C:\Users\zacht\FinanceCrawler\DailyFinanceDose\.venv\Lib\site-packages\scrapy\spidermiddlewares\base.py", line 58, in process_spider_output
    for o in result:
             ^^^^^^
  File "C:\Users\zacht\FinanceCrawler\DailyFinanceDose\.venv\Lib\site-packages\scrapy\core\spidermw.py", line 167, in process_sync
    yield from iterable
  File "C:\Users\zacht\FinanceCrawler\DailyFinanceDose\financial_news_scraper\spiders\reuters_spider.py", line 34, in parse_article
    if pub < datetime.utcnow() - timedelta(hours=24):
       ^^^^^^^^^^^^^^^^^^^^^^^^^^^^^^^^^^^^^^^^^^^^^
TypeError: can't compare offset-naive and offset-aware datetimes
2025-06-08 12:20:47 [scrapy.core.scraper] ERROR: Spider error processing <GET https://www.reuters.com/sports/> (referer: https://www.reuters.com/business/)
Traceback (most recent call last):
  File "C:\Users\zacht\FinanceCrawler\DailyFinanceDose\.venv\Lib\site-packages\scrapy\utils\defer.py", line 343, in iter_errback
    yield next(it)
          ~~~~^^^^
  File "C:\Users\zacht\FinanceCrawler\DailyFinanceDose\.venv\Lib\site-packages\scrapy\utils\python.py", line 369, in __next__
    return next(self.data)
  File "C:\Users\zacht\FinanceCrawler\DailyFinanceDose\.venv\Lib\site-packages\scrapy\utils\python.py", line 369, in __next__
    return next(self.data)
  File "C:\Users\zacht\FinanceCrawler\DailyFinanceDose\.venv\Lib\site-packages\scrapy\core\spidermw.py", line 167, in process_sync
    yield from iterable
  File "C:\Users\zacht\FinanceCrawler\DailyFinanceDose\.venv\Lib\site-packages\scrapy\spidermiddlewares\base.py", line 58, in process_spider_output
    for o in result:
             ^^^^^^
  File "C:\Users\zacht\FinanceCrawler\DailyFinanceDose\.venv\Lib\site-packages\scrapy\core\spidermw.py", line 167, in process_sync
    yield from iterable
  File "C:\Users\zacht\FinanceCrawler\DailyFinanceDose\.venv\Lib\site-packages\scrapy\spidermiddlewares\base.py", line 58, in process_spider_output
    for o in result:
             ^^^^^^
  File "C:\Users\zacht\FinanceCrawler\DailyFinanceDose\.venv\Lib\site-packages\scrapy\core\spidermw.py", line 167, in process_sync
    yield from iterable
  File "C:\Users\zacht\FinanceCrawler\DailyFinanceDose\.venv\Lib\site-packages\scrapy\spidermiddlewares\base.py", line 58, in process_spider_output
    for o in result:
             ^^^^^^
  File "C:\Users\zacht\FinanceCrawler\DailyFinanceDose\.venv\Lib\site-packages\scrapy\core\spidermw.py", line 167, in process_sync
    yield from iterable
  File "C:\Users\zacht\FinanceCrawler\DailyFinanceDose\.venv\Lib\site-packages\scrapy\spidermiddlewares\depth.py", line 59, in process_spider_output
    yield from super().process_spider_output(response, result, spider)
  File "C:\Users\zacht\FinanceCrawler\DailyFinanceDose\.venv\Lib\site-packages\scrapy\spidermiddlewares\base.py", line 58, in process_spider_output
    for o in result:
             ^^^^^^
  File "C:\Users\zacht\FinanceCrawler\DailyFinanceDose\.venv\Lib\site-packages\scrapy\core\spidermw.py", line 167, in process_sync
    yield from iterable
  File "C:\Users\zacht\FinanceCrawler\DailyFinanceDose\financial_news_scraper\spiders\reuters_spider.py", line 34, in parse_article
    if pub < datetime.utcnow() - timedelta(hours=24):
       ^^^^^^^^^^^^^^^^^^^^^^^^^^^^^^^^^^^^^^^^^^^^^
TypeError: can't compare offset-naive and offset-aware datetimes
2025-06-08 12:20:47 [scrapy.core.engine] INFO: Closing spider (finished)
2025-06-08 12:20:47 [scrapy.statscollectors] INFO: Dumping Scrapy stats:
{'downloader/request_bytes': 16466,
 'downloader/request_count': 34,
 'downloader/request_method_count/GET': 34,
 'downloader/response_bytes': 1252264,
 'downloader/response_count': 34,
 'downloader/response_status_count/200': 18,
 'downloader/response_status_count/301': 1,
 'downloader/response_status_count/401': 15,
 'elapsed_time_seconds': 66.596148,
 'finish_reason': 'finished',
 'finish_time': datetime.datetime(2025, 6, 8, 17, 20, 47, 750433, tzinfo=datetime.timezone.utc),
 'httpcompression/response_bytes': 6955780,
 'httpcompression/response_count': 18,
 'httperror/response_ignored_count': 15,
 'httperror/response_ignored_status_count/401': 15,
 'items_per_minute': 0.0,
 'log_count/ERROR': 17,
 'log_count/INFO': 26,
 'log_count/WARNING': 1,
 'offsite/domains': 1,
 'offsite/filtered': 1,
 'request_depth_max': 1,
 'response_received_count': 33,
 'responses_per_minute': 29.999999999999996,
 'scheduler/dequeued': 34,
 'scheduler/dequeued/memory': 34,
 'scheduler/enqueued': 34,
 'scheduler/enqueued/memory': 34,
 'spider_exceptions/TypeError': 16,
 'spider_exceptions/ValueError': 1,
 'spider_exceptions/count': 17,
 'start_time': datetime.datetime(2025, 6, 8, 17, 19, 41, 154285, tzinfo=datetime.timezone.utc)}
2025-06-08 12:20:47 [scrapy.core.engine] INFO: Spider closed (finished)
