2025-06-08 15:37:53 [scrapy.utils.log] INFO: Scrapy 2.13.1 started (bot: financial_news_scraper)
2025-06-08 15:37:53 [scrapy.utils.log] INFO: Versions:
{'lxml': '5.4.0',
 'libxml2': '2.11.9',
 'cssselect': '1.3.0',
 'parsel': '1.10.0',
 'w3lib': '2.3.1',
 'Twisted': '21.7.0',
 'Python': '3.13.4 (tags/v3.13.4:8a526ec, Jun  3 2025, 17:46:04) [MSC v.1943 '
           '64 bit (AMD64)]',
 'pyOpenSSL': '25.1.0 (OpenSSL 3.5.0 8 Apr 2025)',
 'cryptography': '45.0.3',
 'Platform': 'Windows-11-10.0.26100-SP0'}
2025-06-08 15:37:53 [scrapy.addons] INFO: Enabled addons:
[]
2025-06-08 15:37:53 [py.warnings] WARNING: C:\Users\zacht\FinanceCrawler\DailyFinanceDose\.venv\Lib\site-packages\scrapy\utils\request.py:120: ScrapyDeprecationWarning: 'REQUEST_FINGERPRINTER_IMPLEMENTATION' is a deprecated setting.
It will be removed in a future version of Scrapy.
  return cls(crawler)

2025-06-08 15:37:53 [scrapy.extensions.telnet] INFO: Telnet Password: 71497e7247da9104
2025-06-08 15:37:53 [scrapy.middleware] INFO: Enabled extensions:
['scrapy.extensions.corestats.CoreStats',
 'scrapy.extensions.telnet.TelnetConsole',
 'scrapy.extensions.feedexport.FeedExporter',
 'scrapy.extensions.logstats.LogStats',
 'scrapy.extensions.throttle.AutoThrottle']
2025-06-08 15:37:53 [scrapy.crawler] INFO: Overridden settings:
{'AUTOTHROTTLE_ENABLED': True,
 'AUTOTHROTTLE_MAX_DELAY': 10,
 'AUTOTHROTTLE_START_DELAY': 1,
 'AUTOTHROTTLE_TARGET_CONCURRENCY': 2.0,
 'BOT_NAME': 'financial_news_scraper',
 'CONCURRENT_REQUESTS_PER_DOMAIN': 4,
 'DOWNLOAD_DELAY': 2,
 'LOG_FILE': 'C:\\Users\\zacht\\FinanceCrawler\\DailyFinanceDose\\logs\\scraper_20250608_153753.log',
 'LOG_LEVEL': 'INFO',
 'NEWSPIDER_MODULE': 'financial_news_scraper.spiders',
 'RANDOMIZE_DOWNLOAD_DELAY': 0.5,
 'REQUEST_FINGERPRINTER_IMPLEMENTATION': '2.7',
 'SPIDER_MODULES': ['financial_news_scraper.spiders'],
 'USER_AGENT': 'Mozilla/5.0 (Windows NT 10.0; Win64; x64) AppleWebKit/537.36 '
               '(KHTML, like Gecko) Chrome/124.0.0.0 Safari/537.36'}
2025-06-08 15:37:53 [scrapy-playwright] INFO: Started loop on separate thread: <ProactorEventLoop running=True closed=False debug=False>
2025-06-08 15:37:53 [scrapy.middleware] INFO: Enabled downloader middlewares:
['scrapy.downloadermiddlewares.offsite.OffsiteMiddleware',
 'scrapy.downloadermiddlewares.httpauth.HttpAuthMiddleware',
 'scrapy.downloadermiddlewares.downloadtimeout.DownloadTimeoutMiddleware',
 'scrapy.downloadermiddlewares.defaultheaders.DefaultHeadersMiddleware',
 'financial_news_scraper.middlewares.RotateUserAgentMiddleware',
 'scrapy.downloadermiddlewares.useragent.UserAgentMiddleware',
 'financial_news_scraper.middlewares.ProxyMiddleware',
 'scrapy.downloadermiddlewares.retry.RetryMiddleware',
 'scrapy.downloadermiddlewares.redirect.MetaRefreshMiddleware',
 'scrapy.downloadermiddlewares.httpcompression.HttpCompressionMiddleware',
 'scrapy.downloadermiddlewares.redirect.RedirectMiddleware',
 'scrapy.downloadermiddlewares.cookies.CookiesMiddleware',
 'scrapy.downloadermiddlewares.httpproxy.HttpProxyMiddleware',
 'scrapy.downloadermiddlewares.stats.DownloaderStats']
2025-06-08 15:37:53 [scrapy.middleware] INFO: Enabled spider middlewares:
['scrapy.spidermiddlewares.start.StartSpiderMiddleware',
 'scrapy.spidermiddlewares.httperror.HttpErrorMiddleware',
 'scrapy.spidermiddlewares.referer.RefererMiddleware',
 'scrapy.spidermiddlewares.urllength.UrlLengthMiddleware',
 'scrapy.spidermiddlewares.depth.DepthMiddleware']
2025-06-08 15:37:53 [scrapy.middleware] INFO: Enabled item pipelines:
['financial_news_scraper.pipelines.ValidationPipeline',
 'financial_news_scraper.pipelines.DuplicationPipeline',
 'financial_news_scraper.pipelines.FinancialFilterPipeline',
 'financial_news_scraper.pipelines.TickerExtractionPipeline',
 'financial_news_scraper.pipelines.SentimentAnalysisPipeline',
 'financial_news_scraper.pipelines.DatabasePipeline',
 'financial_news_scraper.pipelines.ExportPipeline']
2025-06-08 15:39:26 [scrapy.core.engine] INFO: Spider opened
2025-06-08 15:39:26 [py.warnings] WARNING: C:\Users\zacht\FinanceCrawler\DailyFinanceDose\.venv\Lib\site-packages\scrapy\core\spidermw.py:433: ScrapyDeprecationWarning: financial_news_scraper.spiders.reuters_spider.ReutersSpider defines the deprecated start_requests() method. start_requests() has been deprecated in favor of a new method, start(), to support asynchronous code execution. start_requests() will stop being called in a future version of Scrapy. If you use Scrapy 2.13 or higher only, replace start_requests() with start(); note that start() is a coroutine (async def). If you need to maintain compatibility with lower Scrapy versions, when overriding start_requests() in a spider class, override start() as well; you can use super() to reuse the inherited start() implementation without copy-pasting. See the release notes of Scrapy 2.13 for details: https://docs.scrapy.org/en/2.13/news.html
  warn(

2025-06-08 15:39:26 [scrapy.extensions.logstats] INFO: Crawled 0 pages (at 0 pages/min), scraped 0 items (at 0 items/min)
2025-06-08 15:39:26 [scrapy.extensions.telnet] INFO: Telnet console listening on 127.0.0.1:6023
2025-06-08 15:39:26 [scrapy-playwright] INFO: Starting download handler
2025-06-08 15:39:26 [scrapy-playwright] INFO: Starting download handler
2025-06-08 15:39:27 [reuters] INFO: Requesting start URL via ScraperAPI: http://api.scraperapi.com/?api_key=<YOUR_API_KEY>&url=https%3A//www.reuters.com/business/&render=true
2025-06-08 15:39:53 [scrapy.crawler] INFO: Received SIGINT, shutting down gracefully. Send again to force 
2025-06-08 15:39:53 [scrapy.core.engine] INFO: Closing spider (shutdown)
2025-06-08 15:39:53 [scrapy-playwright] INFO: Launching browser chromium
2025-06-08 15:39:53 [scrapy-playwright] INFO: Browser chromium launched
2025-06-08 15:40:02 [reuters] ERROR: <twisted.python.failure.Failure scrapy.spidermiddlewares.httperror.HttpError: Ignoring non-200 response>
2025-06-08 15:40:02 [scrapy.statscollectors] INFO: Dumping Scrapy stats:
{'downloader/request_bytes': 348,
 'downloader/request_count': 1,
 'downloader/request_method_count/GET': 1,
 'downloader/response_bytes': 590,
 'downloader/response_count': 1,
 'downloader/response_status_count/401': 1,
 'elapsed_time_seconds': 35.457307,
 'finish_reason': 'shutdown',
 'finish_time': datetime.datetime(2025, 6, 8, 20, 40, 2, 425246, tzinfo=datetime.timezone.utc),
 'items_per_minute': 0.0,
 'log_count/ERROR': 2,
 'log_count/INFO': 17,
 'log_count/WARNING': 2,
 'playwright/browser_count': 1,
 'playwright/context_count': 1,
 'playwright/context_count/max_concurrent': 1,
 'playwright/context_count/persistent/False': 1,
 'playwright/context_count/remote/False': 1,
 'playwright/page_count': 1,
 'playwright/page_count/closed': 1,
 'playwright/page_count/max_concurrent': 1,
 'playwright/request_count': 1,
 'playwright/request_count/method/GET': 1,
 'playwright/request_count/navigation': 1,
 'playwright/request_count/resource_type/document': 1,
 'playwright/response_count': 1,
 'playwright/response_count/method/GET': 1,
 'playwright/response_count/resource_type/document': 1,
 'response_received_count': 1,
 'responses_per_minute': 1.7142857142857142,
 'scheduler/dequeued': 1,
 'scheduler/dequeued/memory': 1,
 'scheduler/enqueued': 1,
 'scheduler/enqueued/memory': 1,
 'start_time': datetime.datetime(2025, 6, 8, 20, 39, 26, 967939, tzinfo=datetime.timezone.utc)}
2025-06-08 15:40:02 [scrapy.core.engine] INFO: Spider closed (shutdown)
2025-06-08 15:40:02 [scrapy-playwright] INFO: Closing download handler
2025-06-08 15:40:02 [scrapy-playwright] INFO: Closing browser
2025-06-08 15:40:03 [scrapy-playwright] INFO: Closing download handler
