2025-06-08 11:46:01 [scrapy.utils.log] INFO: Scrapy 2.13.1 started (bot: financial_news_scraper)
2025-06-08 11:46:02 [scrapy.utils.log] INFO: Versions:
{'lxml': '5.4.0',
 'libxml2': '2.11.9',
 'cssselect': '1.3.0',
 'parsel': '1.10.0',
 'w3lib': '2.3.1',
 'Twisted': '21.7.0',
 'Python': '3.13.3 (tags/v3.13.3:6280bb5, Apr  8 2025, 14:47:33) [MSC v.1943 '
           '64 bit (AMD64)]',
 'pyOpenSSL': '25.1.0 (OpenSSL 3.5.0 8 Apr 2025)',
 'cryptography': '45.0.3',
 'Platform': 'Windows-11-10.0.26100-SP0'}
2025-06-08 11:46:02 [scrapy.addons] INFO: Enabled addons:
[]
2025-06-08 11:46:02 [py.warnings] WARNING: C:\Users\zacht\FinanceCrawler\DailyFinanceDose\.venv\Lib\site-packages\scrapy\utils\request.py:120: ScrapyDeprecationWarning: 'REQUEST_FINGERPRINTER_IMPLEMENTATION' is a deprecated setting.
It will be removed in a future version of Scrapy.
  return cls(crawler)

2025-06-08 11:46:02 [asyncio] DEBUG: Using selector: SelectSelector
2025-06-08 11:46:02 [scrapy.utils.log] DEBUG: Using reactor: twisted.internet.asyncioreactor.AsyncioSelectorReactor
2025-06-08 11:46:02 [scrapy.utils.log] DEBUG: Using asyncio event loop: asyncio.windows_events._WindowsSelectorEventLoop
2025-06-08 11:46:02 [scrapy.extensions.telnet] INFO: Telnet Password: 27aa5f9149d4a288
2025-06-08 11:46:02 [scrapy.middleware] INFO: Enabled extensions:
['scrapy.extensions.corestats.CoreStats',
 'scrapy.extensions.telnet.TelnetConsole',
 'scrapy.extensions.feedexport.FeedExporter',
 'scrapy.extensions.logstats.LogStats',
 'scrapy.extensions.throttle.AutoThrottle']
2025-06-08 11:46:02 [scrapy.crawler] INFO: Overridden settings:
{'AUTOTHROTTLE_ENABLED': True,
 'AUTOTHROTTLE_MAX_DELAY': 10,
 'AUTOTHROTTLE_START_DELAY': 1,
 'AUTOTHROTTLE_TARGET_CONCURRENCY': 2.0,
 'BOT_NAME': 'financial_news_scraper',
 'CONCURRENT_REQUESTS_PER_DOMAIN': 4,
 'DOWNLOAD_DELAY': 2,
 'LOG_FILE': 'C:\\Users\\zacht\\FinanceCrawler\\DailyFinanceDose\\logs\\scraper_20250608_114601.log',
 'NEWSPIDER_MODULE': 'financial_news_scraper.spiders',
 'RANDOMIZE_DOWNLOAD_DELAY': 0.5,
 'REQUEST_FINGERPRINTER_IMPLEMENTATION': '2.7',
 'ROBOTSTXT_OBEY': True,
 'SPIDER_MODULES': ['financial_news_scraper.spiders'],
 'USER_AGENT': 'financial_news_scraper (+http://www.yourdomain.com)'}
2025-06-08 11:46:03 [scrapy.middleware] INFO: Enabled downloader middlewares:
['scrapy.downloadermiddlewares.offsite.OffsiteMiddleware',
 'scrapy.downloadermiddlewares.robotstxt.RobotsTxtMiddleware',
 'scrapy.downloadermiddlewares.httpauth.HttpAuthMiddleware',
 'scrapy.downloadermiddlewares.downloadtimeout.DownloadTimeoutMiddleware',
 'scrapy.downloadermiddlewares.defaultheaders.DefaultHeadersMiddleware',
 'financial_news_scraper.middlewares.RotateUserAgentMiddleware',
 'scrapy.downloadermiddlewares.useragent.UserAgentMiddleware',
 'financial_news_scraper.middlewares.ProxyMiddleware',
 'scrapy.downloadermiddlewares.retry.RetryMiddleware',
 'scrapy.downloadermiddlewares.redirect.MetaRefreshMiddleware',
 'scrapy.downloadermiddlewares.httpcompression.HttpCompressionMiddleware',
 'scrapy.downloadermiddlewares.redirect.RedirectMiddleware',
 'scrapy.downloadermiddlewares.cookies.CookiesMiddleware',
 'scrapy.downloadermiddlewares.httpproxy.HttpProxyMiddleware',
 'scrapy.downloadermiddlewares.stats.DownloaderStats']
2025-06-08 11:46:03 [scrapy.middleware] INFO: Enabled spider middlewares:
['scrapy.spidermiddlewares.start.StartSpiderMiddleware',
 'scrapy.spidermiddlewares.httperror.HttpErrorMiddleware',
 'scrapy.spidermiddlewares.referer.RefererMiddleware',
 'scrapy.spidermiddlewares.urllength.UrlLengthMiddleware',
 'scrapy.spidermiddlewares.depth.DepthMiddleware']
2025-06-08 11:46:03 [scrapy.middleware] INFO: Enabled item pipelines:
['financial_news_scraper.pipelines.ValidationPipeline',
 'financial_news_scraper.pipelines.DuplicationPipeline',
 'financial_news_scraper.pipelines.FinancialFilterPipeline',
 'financial_news_scraper.pipelines.TickerExtractionPipeline',
 'financial_news_scraper.pipelines.SentimentAnalysisPipeline',
 'financial_news_scraper.pipelines.DatabasePipeline',
 'financial_news_scraper.pipelines.ExportPipeline']
2025-06-08 11:46:03 [scrapy.core.engine] INFO: Spider opened
2025-06-08 11:46:03 [scrapy.extensions.logstats] INFO: Crawled 0 pages (at 0 pages/min), scraped 0 items (at 0 items/min)
2025-06-08 11:46:03 [scrapy.extensions.telnet] INFO: Telnet console listening on 127.0.0.1:6023
2025-06-08 11:46:03 [scrapy.core.engine] DEBUG: Crawled (200) <GET https://www.reuters.com/robots.txt> (referer: None)
2025-06-08 11:46:05 [scrapy.core.engine] DEBUG: Crawled (401) <GET https://www.reuters.com/business/> (referer: None)
2025-06-08 11:46:05 [scrapy.spidermiddlewares.httperror] INFO: Ignoring response <401 https://www.reuters.com/business/>: HTTP status code is not handled or not allowed
2025-06-08 11:46:07 [scrapy.core.engine] DEBUG: Crawled (200) <GET https://www.reuters.com/markets/> (referer: None)
2025-06-08 11:46:09 [scrapy.core.engine] DEBUG: Crawled (401) <GET https://www.reuters.com/technology/> (referer: None)
2025-06-08 11:46:09 [scrapy.spidermiddlewares.httperror] INFO: Ignoring response <401 https://www.reuters.com/technology/>: HTTP status code is not handled or not allowed
2025-06-08 11:46:11 [scrapy.core.engine] DEBUG: Crawled (200) <GET https://www.reuters.com/world/uk/bank-england-is-not-sanguine-about-inflation-hump-greene-says-2025-06-07/> (referer: https://www.reuters.com/markets/)
2025-06-08 11:46:11 [scrapy.core.scraper] ERROR: Spider error processing <GET https://www.reuters.com/world/uk/bank-england-is-not-sanguine-about-inflation-hump-greene-says-2025-06-07/> (referer: https://www.reuters.com/markets/)
Traceback (most recent call last):
  File "C:\Users\zacht\FinanceCrawler\DailyFinanceDose\.venv\Lib\site-packages\scrapy\utils\defer.py", line 343, in iter_errback
    yield next(it)
          ~~~~^^^^
  File "C:\Users\zacht\FinanceCrawler\DailyFinanceDose\.venv\Lib\site-packages\scrapy\utils\python.py", line 369, in __next__
    return next(self.data)
  File "C:\Users\zacht\FinanceCrawler\DailyFinanceDose\.venv\Lib\site-packages\scrapy\utils\python.py", line 369, in __next__
    return next(self.data)
  File "C:\Users\zacht\FinanceCrawler\DailyFinanceDose\.venv\Lib\site-packages\scrapy\core\spidermw.py", line 167, in process_sync
    yield from iterable
  File "C:\Users\zacht\FinanceCrawler\DailyFinanceDose\.venv\Lib\site-packages\scrapy\spidermiddlewares\base.py", line 58, in process_spider_output
    for o in result:
             ^^^^^^
  File "C:\Users\zacht\FinanceCrawler\DailyFinanceDose\.venv\Lib\site-packages\scrapy\core\spidermw.py", line 167, in process_sync
    yield from iterable
  File "C:\Users\zacht\FinanceCrawler\DailyFinanceDose\.venv\Lib\site-packages\scrapy\spidermiddlewares\base.py", line 58, in process_spider_output
    for o in result:
             ^^^^^^
  File "C:\Users\zacht\FinanceCrawler\DailyFinanceDose\.venv\Lib\site-packages\scrapy\core\spidermw.py", line 167, in process_sync
    yield from iterable
  File "C:\Users\zacht\FinanceCrawler\DailyFinanceDose\.venv\Lib\site-packages\scrapy\spidermiddlewares\base.py", line 58, in process_spider_output
    for o in result:
             ^^^^^^
  File "C:\Users\zacht\FinanceCrawler\DailyFinanceDose\.venv\Lib\site-packages\scrapy\core\spidermw.py", line 167, in process_sync
    yield from iterable
  File "C:\Users\zacht\FinanceCrawler\DailyFinanceDose\.venv\Lib\site-packages\scrapy\spidermiddlewares\depth.py", line 59, in process_spider_output
    yield from super().process_spider_output(response, result, spider)
  File "C:\Users\zacht\FinanceCrawler\DailyFinanceDose\.venv\Lib\site-packages\scrapy\spidermiddlewares\base.py", line 58, in process_spider_output
    for o in result:
             ^^^^^^
  File "C:\Users\zacht\FinanceCrawler\DailyFinanceDose\.venv\Lib\site-packages\scrapy\core\spidermw.py", line 167, in process_sync
    yield from iterable
  File "C:\Users\zacht\FinanceCrawler\DailyFinanceDose\financial_news_scraper\spiders\reuters_spider.py", line 34, in parse_article
    if pub < datetime.utcnow() - timedelta(hours=24):
       ^^^^^^^^^^^^^^^^^^^^^^^^^^^^^^^^^^^^^^^^^^^^^
TypeError: can't compare offset-naive and offset-aware datetimes
2025-06-08 11:46:13 [scrapy.core.engine] DEBUG: Crawled (200) <GET https://www.reuters.com/world/americas/brazil-central-bank-chief-vows-flexibility-caution-ahead-rate-decision-2025-06-07/> (referer: https://www.reuters.com/markets/)
2025-06-08 11:46:13 [scrapy.core.scraper] ERROR: Spider error processing <GET https://www.reuters.com/world/americas/brazil-central-bank-chief-vows-flexibility-caution-ahead-rate-decision-2025-06-07/> (referer: https://www.reuters.com/markets/)
Traceback (most recent call last):
  File "C:\Users\zacht\FinanceCrawler\DailyFinanceDose\.venv\Lib\site-packages\scrapy\utils\defer.py", line 343, in iter_errback
    yield next(it)
          ~~~~^^^^
  File "C:\Users\zacht\FinanceCrawler\DailyFinanceDose\.venv\Lib\site-packages\scrapy\utils\python.py", line 369, in __next__
    return next(self.data)
  File "C:\Users\zacht\FinanceCrawler\DailyFinanceDose\.venv\Lib\site-packages\scrapy\utils\python.py", line 369, in __next__
    return next(self.data)
  File "C:\Users\zacht\FinanceCrawler\DailyFinanceDose\.venv\Lib\site-packages\scrapy\core\spidermw.py", line 167, in process_sync
    yield from iterable
  File "C:\Users\zacht\FinanceCrawler\DailyFinanceDose\.venv\Lib\site-packages\scrapy\spidermiddlewares\base.py", line 58, in process_spider_output
    for o in result:
             ^^^^^^
  File "C:\Users\zacht\FinanceCrawler\DailyFinanceDose\.venv\Lib\site-packages\scrapy\core\spidermw.py", line 167, in process_sync
    yield from iterable
  File "C:\Users\zacht\FinanceCrawler\DailyFinanceDose\.venv\Lib\site-packages\scrapy\spidermiddlewares\base.py", line 58, in process_spider_output
    for o in result:
             ^^^^^^
  File "C:\Users\zacht\FinanceCrawler\DailyFinanceDose\.venv\Lib\site-packages\scrapy\core\spidermw.py", line 167, in process_sync
    yield from iterable
  File "C:\Users\zacht\FinanceCrawler\DailyFinanceDose\.venv\Lib\site-packages\scrapy\spidermiddlewares\base.py", line 58, in process_spider_output
    for o in result:
             ^^^^^^
  File "C:\Users\zacht\FinanceCrawler\DailyFinanceDose\.venv\Lib\site-packages\scrapy\core\spidermw.py", line 167, in process_sync
    yield from iterable
  File "C:\Users\zacht\FinanceCrawler\DailyFinanceDose\.venv\Lib\site-packages\scrapy\spidermiddlewares\depth.py", line 59, in process_spider_output
    yield from super().process_spider_output(response, result, spider)
  File "C:\Users\zacht\FinanceCrawler\DailyFinanceDose\.venv\Lib\site-packages\scrapy\spidermiddlewares\base.py", line 58, in process_spider_output
    for o in result:
             ^^^^^^
  File "C:\Users\zacht\FinanceCrawler\DailyFinanceDose\.venv\Lib\site-packages\scrapy\core\spidermw.py", line 167, in process_sync
    yield from iterable
  File "C:\Users\zacht\FinanceCrawler\DailyFinanceDose\financial_news_scraper\spiders\reuters_spider.py", line 34, in parse_article
    if pub < datetime.utcnow() - timedelta(hours=24):
       ^^^^^^^^^^^^^^^^^^^^^^^^^^^^^^^^^^^^^^^^^^^^^
TypeError: can't compare offset-naive and offset-aware datetimes
2025-06-08 11:46:15 [scrapy.core.engine] DEBUG: Crawled (200) <GET https://www.reuters.com/business/autos-transportation/trump-says-musk-will-face-very-serious-consequences-if-he-funds-democratic-2025-06-07/> (referer: https://www.reuters.com/markets/)
2025-06-08 11:46:15 [scrapy.core.scraper] ERROR: Spider error processing <GET https://www.reuters.com/business/autos-transportation/trump-says-musk-will-face-very-serious-consequences-if-he-funds-democratic-2025-06-07/> (referer: https://www.reuters.com/markets/)
Traceback (most recent call last):
  File "C:\Users\zacht\FinanceCrawler\DailyFinanceDose\.venv\Lib\site-packages\scrapy\utils\defer.py", line 343, in iter_errback
    yield next(it)
          ~~~~^^^^
  File "C:\Users\zacht\FinanceCrawler\DailyFinanceDose\.venv\Lib\site-packages\scrapy\utils\python.py", line 369, in __next__
    return next(self.data)
  File "C:\Users\zacht\FinanceCrawler\DailyFinanceDose\.venv\Lib\site-packages\scrapy\utils\python.py", line 369, in __next__
    return next(self.data)
  File "C:\Users\zacht\FinanceCrawler\DailyFinanceDose\.venv\Lib\site-packages\scrapy\core\spidermw.py", line 167, in process_sync
    yield from iterable
  File "C:\Users\zacht\FinanceCrawler\DailyFinanceDose\.venv\Lib\site-packages\scrapy\spidermiddlewares\base.py", line 58, in process_spider_output
    for o in result:
             ^^^^^^
  File "C:\Users\zacht\FinanceCrawler\DailyFinanceDose\.venv\Lib\site-packages\scrapy\core\spidermw.py", line 167, in process_sync
    yield from iterable
  File "C:\Users\zacht\FinanceCrawler\DailyFinanceDose\.venv\Lib\site-packages\scrapy\spidermiddlewares\base.py", line 58, in process_spider_output
    for o in result:
             ^^^^^^
  File "C:\Users\zacht\FinanceCrawler\DailyFinanceDose\.venv\Lib\site-packages\scrapy\core\spidermw.py", line 167, in process_sync
    yield from iterable
  File "C:\Users\zacht\FinanceCrawler\DailyFinanceDose\.venv\Lib\site-packages\scrapy\spidermiddlewares\base.py", line 58, in process_spider_output
    for o in result:
             ^^^^^^
  File "C:\Users\zacht\FinanceCrawler\DailyFinanceDose\.venv\Lib\site-packages\scrapy\core\spidermw.py", line 167, in process_sync
    yield from iterable
  File "C:\Users\zacht\FinanceCrawler\DailyFinanceDose\.venv\Lib\site-packages\scrapy\spidermiddlewares\depth.py", line 59, in process_spider_output
    yield from super().process_spider_output(response, result, spider)
  File "C:\Users\zacht\FinanceCrawler\DailyFinanceDose\.venv\Lib\site-packages\scrapy\spidermiddlewares\base.py", line 58, in process_spider_output
    for o in result:
             ^^^^^^
  File "C:\Users\zacht\FinanceCrawler\DailyFinanceDose\.venv\Lib\site-packages\scrapy\core\spidermw.py", line 167, in process_sync
    yield from iterable
  File "C:\Users\zacht\FinanceCrawler\DailyFinanceDose\financial_news_scraper\spiders\reuters_spider.py", line 34, in parse_article
    if pub < datetime.utcnow() - timedelta(hours=24):
       ^^^^^^^^^^^^^^^^^^^^^^^^^^^^^^^^^^^^^^^^^^^^^
TypeError: can't compare offset-naive and offset-aware datetimes
2025-06-08 11:46:17 [scrapy.core.engine] DEBUG: Crawled (401) <GET https://www.reuters.com/business/finance/ecb-should-watch-out-price-hikes-us-tariffs-schnabel-says-2025-06-07/> (referer: https://www.reuters.com/markets/)
2025-06-08 11:46:17 [scrapy.spidermiddlewares.httperror] INFO: Ignoring response <401 https://www.reuters.com/business/finance/ecb-should-watch-out-price-hikes-us-tariffs-schnabel-says-2025-06-07/>: HTTP status code is not handled or not allowed
2025-06-08 11:46:19 [scrapy.core.engine] DEBUG: Crawled (401) <GET https://www.reuters.com/business/finance/ecbs-escriva-sees-scope-minor-monetary-policy-easing-2025-06-08/> (referer: https://www.reuters.com/markets/)
2025-06-08 11:46:19 [scrapy.spidermiddlewares.httperror] INFO: Ignoring response <401 https://www.reuters.com/business/finance/ecbs-escriva-sees-scope-minor-monetary-policy-easing-2025-06-08/>: HTTP status code is not handled or not allowed
2025-06-08 11:46:21 [scrapy.core.engine] DEBUG: Crawled (401) <GET https://www.reuters.com/business/finance/ecb-can-take-time-policy-policymaker-nagel-says-2025-06-08/> (referer: https://www.reuters.com/markets/)
2025-06-08 11:46:21 [scrapy.spidermiddlewares.httperror] INFO: Ignoring response <401 https://www.reuters.com/business/finance/ecb-can-take-time-policy-policymaker-nagel-says-2025-06-08/>: HTTP status code is not handled or not allowed
2025-06-08 11:46:23 [scrapy.core.engine] DEBUG: Crawled (401) <GET https://www.reuters.com/business/autos-transportation/global-markets-trading-day-2025-06-06/> (referer: https://www.reuters.com/markets/)
2025-06-08 11:46:23 [scrapy.spidermiddlewares.httperror] INFO: Ignoring response <401 https://www.reuters.com/business/autos-transportation/global-markets-trading-day-2025-06-06/>: HTTP status code is not handled or not allowed
2025-06-08 11:46:25 [scrapy.core.engine] DEBUG: Crawled (401) <GET https://www.reuters.com/markets/asia/chinas-forex-reserves-up-36-billion-may-less-than-expected-2025-06-07/> (referer: https://www.reuters.com/markets/)
2025-06-08 11:46:25 [scrapy.spidermiddlewares.httperror] INFO: Ignoring response <401 https://www.reuters.com/markets/asia/chinas-forex-reserves-up-36-billion-may-less-than-expected-2025-06-07/>: HTTP status code is not handled or not allowed
2025-06-08 11:46:27 [scrapy.core.engine] DEBUG: Crawled (401) <GET https://www.reuters.com/markets/asia/boj-must-ensure-fiscal-considerations-dont-overtake-mandate-deputy-governor-says-2025-06-07/> (referer: https://www.reuters.com/markets/)
2025-06-08 11:46:27 [scrapy.spidermiddlewares.httperror] INFO: Ignoring response <401 https://www.reuters.com/markets/asia/boj-must-ensure-fiscal-considerations-dont-overtake-mandate-deputy-governor-says-2025-06-07/>: HTTP status code is not handled or not allowed
2025-06-08 11:46:29 [scrapy.core.engine] DEBUG: Crawled (401) <GET https://www.reuters.com/sponsored/> (referer: https://www.reuters.com/markets/)
2025-06-08 11:46:29 [scrapy.spidermiddlewares.httperror] INFO: Ignoring response <401 https://www.reuters.com/sponsored/>: HTTP status code is not handled or not allowed
2025-06-08 11:46:31 [scrapy.core.engine] DEBUG: Crawled (401) <GET https://www.reuters.com/video/> (referer: https://www.reuters.com/markets/)
2025-06-08 11:46:31 [scrapy.spidermiddlewares.httperror] INFO: Ignoring response <401 https://www.reuters.com/video/>: HTTP status code is not handled or not allowed
2025-06-08 11:46:33 [scrapy.core.engine] DEBUG: Crawled (401) <GET https://www.reuters.com/fact-check/> (referer: https://www.reuters.com/markets/)
2025-06-08 11:46:33 [scrapy.spidermiddlewares.httperror] INFO: Ignoring response <401 https://www.reuters.com/fact-check/>: HTTP status code is not handled or not allowed
2025-06-08 11:46:35 [scrapy.core.engine] DEBUG: Crawled (401) <GET https://www.reuters.com/live/> (referer: https://www.reuters.com/markets/)
2025-06-08 11:46:35 [scrapy.spidermiddlewares.httperror] INFO: Ignoring response <401 https://www.reuters.com/live/>: HTTP status code is not handled or not allowed
2025-06-08 11:46:37 [scrapy.core.engine] DEBUG: Crawled (401) <GET https://www.reuters.com/podcasts/> (referer: https://www.reuters.com/markets/)
2025-06-08 11:46:37 [scrapy.spidermiddlewares.httperror] INFO: Ignoring response <401 https://www.reuters.com/podcasts/>: HTTP status code is not handled or not allowed
2025-06-08 11:46:39 [scrapy.core.engine] DEBUG: Crawled (401) <GET https://www.reuters.com/wider-image/> (referer: https://www.reuters.com/markets/)
2025-06-08 11:46:39 [scrapy.spidermiddlewares.httperror] INFO: Ignoring response <401 https://www.reuters.com/wider-image/>: HTTP status code is not handled or not allowed
2025-06-08 11:46:41 [scrapy.core.engine] DEBUG: Crawled (200) <GET https://www.reuters.com/pictures/> (referer: https://www.reuters.com/markets/)
2025-06-08 11:46:41 [scrapy.core.scraper] ERROR: Spider error processing <GET https://www.reuters.com/pictures/> (referer: https://www.reuters.com/markets/)
Traceback (most recent call last):
  File "C:\Users\zacht\FinanceCrawler\DailyFinanceDose\.venv\Lib\site-packages\scrapy\utils\defer.py", line 343, in iter_errback
    yield next(it)
          ~~~~^^^^
  File "C:\Users\zacht\FinanceCrawler\DailyFinanceDose\.venv\Lib\site-packages\scrapy\utils\python.py", line 369, in __next__
    return next(self.data)
  File "C:\Users\zacht\FinanceCrawler\DailyFinanceDose\.venv\Lib\site-packages\scrapy\utils\python.py", line 369, in __next__
    return next(self.data)
  File "C:\Users\zacht\FinanceCrawler\DailyFinanceDose\.venv\Lib\site-packages\scrapy\core\spidermw.py", line 167, in process_sync
    yield from iterable
  File "C:\Users\zacht\FinanceCrawler\DailyFinanceDose\.venv\Lib\site-packages\scrapy\spidermiddlewares\base.py", line 58, in process_spider_output
    for o in result:
             ^^^^^^
  File "C:\Users\zacht\FinanceCrawler\DailyFinanceDose\.venv\Lib\site-packages\scrapy\core\spidermw.py", line 167, in process_sync
    yield from iterable
  File "C:\Users\zacht\FinanceCrawler\DailyFinanceDose\.venv\Lib\site-packages\scrapy\spidermiddlewares\base.py", line 58, in process_spider_output
    for o in result:
             ^^^^^^
  File "C:\Users\zacht\FinanceCrawler\DailyFinanceDose\.venv\Lib\site-packages\scrapy\core\spidermw.py", line 167, in process_sync
    yield from iterable
  File "C:\Users\zacht\FinanceCrawler\DailyFinanceDose\.venv\Lib\site-packages\scrapy\spidermiddlewares\base.py", line 58, in process_spider_output
    for o in result:
             ^^^^^^
  File "C:\Users\zacht\FinanceCrawler\DailyFinanceDose\.venv\Lib\site-packages\scrapy\core\spidermw.py", line 167, in process_sync
    yield from iterable
  File "C:\Users\zacht\FinanceCrawler\DailyFinanceDose\.venv\Lib\site-packages\scrapy\spidermiddlewares\depth.py", line 59, in process_spider_output
    yield from super().process_spider_output(response, result, spider)
  File "C:\Users\zacht\FinanceCrawler\DailyFinanceDose\.venv\Lib\site-packages\scrapy\spidermiddlewares\base.py", line 58, in process_spider_output
    for o in result:
             ^^^^^^
  File "C:\Users\zacht\FinanceCrawler\DailyFinanceDose\.venv\Lib\site-packages\scrapy\core\spidermw.py", line 167, in process_sync
    yield from iterable
  File "C:\Users\zacht\FinanceCrawler\DailyFinanceDose\financial_news_scraper\spiders\reuters_spider.py", line 34, in parse_article
    if pub < datetime.utcnow() - timedelta(hours=24):
       ^^^^^^^^^^^^^^^^^^^^^^^^^^^^^^^^^^^^^^^^^^^^^
TypeError: can't compare offset-naive and offset-aware datetimes
2025-06-08 11:46:43 [scrapy.core.engine] DEBUG: Crawled (200) <GET https://www.reuters.com/graphics/> (referer: https://www.reuters.com/markets/)
2025-06-08 11:46:44 [scrapy.core.scraper] ERROR: Spider error processing <GET https://www.reuters.com/graphics/> (referer: https://www.reuters.com/markets/)
Traceback (most recent call last):
  File "C:\Users\zacht\FinanceCrawler\DailyFinanceDose\.venv\Lib\site-packages\scrapy\utils\defer.py", line 343, in iter_errback
    yield next(it)
          ~~~~^^^^
  File "C:\Users\zacht\FinanceCrawler\DailyFinanceDose\.venv\Lib\site-packages\scrapy\utils\python.py", line 369, in __next__
    return next(self.data)
  File "C:\Users\zacht\FinanceCrawler\DailyFinanceDose\.venv\Lib\site-packages\scrapy\utils\python.py", line 369, in __next__
    return next(self.data)
  File "C:\Users\zacht\FinanceCrawler\DailyFinanceDose\.venv\Lib\site-packages\scrapy\core\spidermw.py", line 167, in process_sync
    yield from iterable
  File "C:\Users\zacht\FinanceCrawler\DailyFinanceDose\.venv\Lib\site-packages\scrapy\spidermiddlewares\base.py", line 58, in process_spider_output
    for o in result:
             ^^^^^^
  File "C:\Users\zacht\FinanceCrawler\DailyFinanceDose\.venv\Lib\site-packages\scrapy\core\spidermw.py", line 167, in process_sync
    yield from iterable
  File "C:\Users\zacht\FinanceCrawler\DailyFinanceDose\.venv\Lib\site-packages\scrapy\spidermiddlewares\base.py", line 58, in process_spider_output
    for o in result:
             ^^^^^^
  File "C:\Users\zacht\FinanceCrawler\DailyFinanceDose\.venv\Lib\site-packages\scrapy\core\spidermw.py", line 167, in process_sync
    yield from iterable
  File "C:\Users\zacht\FinanceCrawler\DailyFinanceDose\.venv\Lib\site-packages\scrapy\spidermiddlewares\base.py", line 58, in process_spider_output
    for o in result:
             ^^^^^^
  File "C:\Users\zacht\FinanceCrawler\DailyFinanceDose\.venv\Lib\site-packages\scrapy\core\spidermw.py", line 167, in process_sync
    yield from iterable
  File "C:\Users\zacht\FinanceCrawler\DailyFinanceDose\.venv\Lib\site-packages\scrapy\spidermiddlewares\depth.py", line 59, in process_spider_output
    yield from super().process_spider_output(response, result, spider)
  File "C:\Users\zacht\FinanceCrawler\DailyFinanceDose\.venv\Lib\site-packages\scrapy\spidermiddlewares\base.py", line 58, in process_spider_output
    for o in result:
             ^^^^^^
  File "C:\Users\zacht\FinanceCrawler\DailyFinanceDose\.venv\Lib\site-packages\scrapy\core\spidermw.py", line 167, in process_sync
    yield from iterable
  File "C:\Users\zacht\FinanceCrawler\DailyFinanceDose\financial_news_scraper\spiders\reuters_spider.py", line 34, in parse_article
    if pub < datetime.utcnow() - timedelta(hours=24):
       ^^^^^^^^^^^^^^^^^^^^^^^^^^^^^^^^^^^^^^^^^^^^^
TypeError: can't compare offset-naive and offset-aware datetimes
2025-06-08 11:46:45 [scrapy.core.engine] DEBUG: Crawled (200) <GET https://www.reuters.com/city-memo/> (referer: https://www.reuters.com/markets/)
2025-06-08 11:46:45 [scrapy.core.scraper] ERROR: Spider error processing <GET https://www.reuters.com/city-memo/> (referer: https://www.reuters.com/markets/)
Traceback (most recent call last):
  File "C:\Users\zacht\FinanceCrawler\DailyFinanceDose\.venv\Lib\site-packages\scrapy\utils\defer.py", line 343, in iter_errback
    yield next(it)
          ~~~~^^^^
  File "C:\Users\zacht\FinanceCrawler\DailyFinanceDose\.venv\Lib\site-packages\scrapy\utils\python.py", line 369, in __next__
    return next(self.data)
  File "C:\Users\zacht\FinanceCrawler\DailyFinanceDose\.venv\Lib\site-packages\scrapy\utils\python.py", line 369, in __next__
    return next(self.data)
  File "C:\Users\zacht\FinanceCrawler\DailyFinanceDose\.venv\Lib\site-packages\scrapy\core\spidermw.py", line 167, in process_sync
    yield from iterable
  File "C:\Users\zacht\FinanceCrawler\DailyFinanceDose\.venv\Lib\site-packages\scrapy\spidermiddlewares\base.py", line 58, in process_spider_output
    for o in result:
             ^^^^^^
  File "C:\Users\zacht\FinanceCrawler\DailyFinanceDose\.venv\Lib\site-packages\scrapy\core\spidermw.py", line 167, in process_sync
    yield from iterable
  File "C:\Users\zacht\FinanceCrawler\DailyFinanceDose\.venv\Lib\site-packages\scrapy\spidermiddlewares\base.py", line 58, in process_spider_output
    for o in result:
             ^^^^^^
  File "C:\Users\zacht\FinanceCrawler\DailyFinanceDose\.venv\Lib\site-packages\scrapy\core\spidermw.py", line 167, in process_sync
    yield from iterable
  File "C:\Users\zacht\FinanceCrawler\DailyFinanceDose\.venv\Lib\site-packages\scrapy\spidermiddlewares\base.py", line 58, in process_spider_output
    for o in result:
             ^^^^^^
  File "C:\Users\zacht\FinanceCrawler\DailyFinanceDose\.venv\Lib\site-packages\scrapy\core\spidermw.py", line 167, in process_sync
    yield from iterable
  File "C:\Users\zacht\FinanceCrawler\DailyFinanceDose\.venv\Lib\site-packages\scrapy\spidermiddlewares\depth.py", line 59, in process_spider_output
    yield from super().process_spider_output(response, result, spider)
  File "C:\Users\zacht\FinanceCrawler\DailyFinanceDose\.venv\Lib\site-packages\scrapy\spidermiddlewares\base.py", line 58, in process_spider_output
    for o in result:
             ^^^^^^
  File "C:\Users\zacht\FinanceCrawler\DailyFinanceDose\.venv\Lib\site-packages\scrapy\core\spidermw.py", line 167, in process_sync
    yield from iterable
  File "C:\Users\zacht\FinanceCrawler\DailyFinanceDose\financial_news_scraper\spiders\reuters_spider.py", line 34, in parse_article
    if pub < datetime.utcnow() - timedelta(hours=24):
       ^^^^^^^^^^^^^^^^^^^^^^^^^^^^^^^^^^^^^^^^^^^^^
TypeError: can't compare offset-naive and offset-aware datetimes
2025-06-08 11:46:47 [scrapy.core.engine] DEBUG: Crawled (200) <GET https://www.reuters.com/lifestyle/> (referer: https://www.reuters.com/markets/)
2025-06-08 11:46:47 [scrapy.core.scraper] ERROR: Spider error processing <GET https://www.reuters.com/lifestyle/> (referer: https://www.reuters.com/markets/)
Traceback (most recent call last):
  File "C:\Users\zacht\FinanceCrawler\DailyFinanceDose\.venv\Lib\site-packages\scrapy\utils\defer.py", line 343, in iter_errback
    yield next(it)
          ~~~~^^^^
  File "C:\Users\zacht\FinanceCrawler\DailyFinanceDose\.venv\Lib\site-packages\scrapy\utils\python.py", line 369, in __next__
    return next(self.data)
  File "C:\Users\zacht\FinanceCrawler\DailyFinanceDose\.venv\Lib\site-packages\scrapy\utils\python.py", line 369, in __next__
    return next(self.data)
  File "C:\Users\zacht\FinanceCrawler\DailyFinanceDose\.venv\Lib\site-packages\scrapy\core\spidermw.py", line 167, in process_sync
    yield from iterable
  File "C:\Users\zacht\FinanceCrawler\DailyFinanceDose\.venv\Lib\site-packages\scrapy\spidermiddlewares\base.py", line 58, in process_spider_output
    for o in result:
             ^^^^^^
  File "C:\Users\zacht\FinanceCrawler\DailyFinanceDose\.venv\Lib\site-packages\scrapy\core\spidermw.py", line 167, in process_sync
    yield from iterable
  File "C:\Users\zacht\FinanceCrawler\DailyFinanceDose\.venv\Lib\site-packages\scrapy\spidermiddlewares\base.py", line 58, in process_spider_output
    for o in result:
             ^^^^^^
  File "C:\Users\zacht\FinanceCrawler\DailyFinanceDose\.venv\Lib\site-packages\scrapy\core\spidermw.py", line 167, in process_sync
    yield from iterable
  File "C:\Users\zacht\FinanceCrawler\DailyFinanceDose\.venv\Lib\site-packages\scrapy\spidermiddlewares\base.py", line 58, in process_spider_output
    for o in result:
             ^^^^^^
  File "C:\Users\zacht\FinanceCrawler\DailyFinanceDose\.venv\Lib\site-packages\scrapy\core\spidermw.py", line 167, in process_sync
    yield from iterable
  File "C:\Users\zacht\FinanceCrawler\DailyFinanceDose\.venv\Lib\site-packages\scrapy\spidermiddlewares\depth.py", line 59, in process_spider_output
    yield from super().process_spider_output(response, result, spider)
  File "C:\Users\zacht\FinanceCrawler\DailyFinanceDose\.venv\Lib\site-packages\scrapy\spidermiddlewares\base.py", line 58, in process_spider_output
    for o in result:
             ^^^^^^
  File "C:\Users\zacht\FinanceCrawler\DailyFinanceDose\.venv\Lib\site-packages\scrapy\core\spidermw.py", line 167, in process_sync
    yield from iterable
  File "C:\Users\zacht\FinanceCrawler\DailyFinanceDose\financial_news_scraper\spiders\reuters_spider.py", line 34, in parse_article
    if pub < datetime.utcnow() - timedelta(hours=24):
       ^^^^^^^^^^^^^^^^^^^^^^^^^^^^^^^^^^^^^^^^^^^^^
TypeError: can't compare offset-naive and offset-aware datetimes
2025-06-08 11:46:49 [scrapy.core.engine] DEBUG: Crawled (401) <GET https://www.reuters.com/science/> (referer: https://www.reuters.com/markets/)
2025-06-08 11:46:49 [scrapy.spidermiddlewares.httperror] INFO: Ignoring response <401 https://www.reuters.com/science/>: HTTP status code is not handled or not allowed
2025-06-08 11:46:51 [scrapy.core.engine] DEBUG: Crawled (401) <GET https://www.reuters.com/sports/> (referer: https://www.reuters.com/markets/)
2025-06-08 11:46:51 [scrapy.spidermiddlewares.httperror] INFO: Ignoring response <401 https://www.reuters.com/sports/>: HTTP status code is not handled or not allowed
2025-06-08 11:46:51 [scrapy.core.engine] INFO: Closing spider (finished)
2025-06-08 11:46:51 [scrapy.statscollectors] INFO: Dumping Scrapy stats:
{'downloader/request_bytes': 12768,
 'downloader/request_count': 25,
 'downloader/request_method_count/GET': 25,
 'downloader/response_bytes': 586528,
 'downloader/response_count': 25,
 'downloader/response_status_count/200': 9,
 'downloader/response_status_count/401': 16,
 'elapsed_time_seconds': 48.35561,
 'finish_reason': 'finished',
 'finish_time': datetime.datetime(2025, 6, 8, 16, 46, 51, 853572, tzinfo=datetime.timezone.utc),
 'httpcompression/response_bytes': 2949505,
 'httpcompression/response_count': 9,
 'httperror/response_ignored_count': 16,
 'httperror/response_ignored_status_count/401': 16,
 'items_per_minute': 0.0,
 'log_count/DEBUG': 28,
 'log_count/ERROR': 7,
 'log_count/INFO': 26,
 'log_count/WARNING': 1,
 'request_depth_max': 1,
 'response_received_count': 25,
 'responses_per_minute': 31.25,
 'robotstxt/request_count': 1,
 'robotstxt/response_count': 1,
 'robotstxt/response_status_count/200': 1,
 'scheduler/dequeued': 24,
 'scheduler/dequeued/memory': 24,
 'scheduler/enqueued': 24,
 'scheduler/enqueued/memory': 24,
 'spider_exceptions/TypeError': 7,
 'spider_exceptions/count': 7,
 'start_time': datetime.datetime(2025, 6, 8, 16, 46, 3, 497962, tzinfo=datetime.timezone.utc)}
2025-06-08 11:46:51 [scrapy.core.engine] INFO: Spider closed (finished)
