2025-06-08 12:01:45 [scrapy.utils.log] INFO: Scrapy 2.13.1 started (bot: financial_news_scraper)
2025-06-08 12:01:45 [scrapy.utils.log] INFO: Versions:
{'lxml': '5.4.0',
 'libxml2': '2.11.9',
 'cssselect': '1.3.0',
 'parsel': '1.10.0',
 'w3lib': '2.3.1',
 'Twisted': '21.7.0',
 'Python': '3.13.3 (tags/v3.13.3:6280bb5, Apr  8 2025, 14:47:33) [MSC v.1943 '
           '64 bit (AMD64)]',
 'pyOpenSSL': '25.1.0 (OpenSSL 3.5.0 8 Apr 2025)',
 'cryptography': '45.0.3',
 'Platform': 'Windows-11-10.0.26100-SP0'}
2025-06-08 12:01:45 [scrapy.addons] INFO: Enabled addons:
[]
2025-06-08 12:01:45 [py.warnings] WARNING: C:\Users\zacht\FinanceCrawler\DailyFinanceDose\.venv\Lib\site-packages\scrapy\utils\request.py:120: ScrapyDeprecationWarning: 'REQUEST_FINGERPRINTER_IMPLEMENTATION' is a deprecated setting.
It will be removed in a future version of Scrapy.
  return cls(crawler)

2025-06-08 12:01:45 [scrapy.extensions.telnet] INFO: Telnet Password: 1db85d8077d4bbd1
2025-06-08 12:01:45 [scrapy.middleware] INFO: Enabled extensions:
['scrapy.extensions.corestats.CoreStats',
 'scrapy.extensions.telnet.TelnetConsole',
 'scrapy.extensions.feedexport.FeedExporter',
 'scrapy.extensions.logstats.LogStats',
 'scrapy.extensions.throttle.AutoThrottle']
2025-06-08 12:01:45 [scrapy.crawler] INFO: Overridden settings:
{'AUTOTHROTTLE_ENABLED': True,
 'AUTOTHROTTLE_MAX_DELAY': 10,
 'AUTOTHROTTLE_START_DELAY': 1,
 'AUTOTHROTTLE_TARGET_CONCURRENCY': 2.0,
 'BOT_NAME': 'financial_news_scraper',
 'CONCURRENT_REQUESTS_PER_DOMAIN': 4,
 'DOWNLOAD_DELAY': 2,
 'LOG_FILE': 'C:\\Users\\zacht\\FinanceCrawler\\DailyFinanceDose\\logs\\scraper_20250608_120145.log',
 'LOG_LEVEL': 'INFO',
 'NEWSPIDER_MODULE': 'financial_news_scraper.spiders',
 'RANDOMIZE_DOWNLOAD_DELAY': 0.5,
 'REQUEST_FINGERPRINTER_IMPLEMENTATION': '2.7',
 'ROBOTSTXT_OBEY': True,
 'SPIDER_MODULES': ['financial_news_scraper.spiders'],
 'USER_AGENT': 'financial_news_scraper (+http://www.yourdomain.com)'}
2025-06-08 12:01:45 [scrapy.middleware] INFO: Enabled downloader middlewares:
['scrapy.downloadermiddlewares.offsite.OffsiteMiddleware',
 'scrapy.downloadermiddlewares.robotstxt.RobotsTxtMiddleware',
 'scrapy.downloadermiddlewares.httpauth.HttpAuthMiddleware',
 'scrapy.downloadermiddlewares.downloadtimeout.DownloadTimeoutMiddleware',
 'scrapy.downloadermiddlewares.defaultheaders.DefaultHeadersMiddleware',
 'financial_news_scraper.middlewares.RotateUserAgentMiddleware',
 'scrapy.downloadermiddlewares.useragent.UserAgentMiddleware',
 'financial_news_scraper.middlewares.ProxyMiddleware',
 'scrapy.downloadermiddlewares.retry.RetryMiddleware',
 'scrapy.downloadermiddlewares.redirect.MetaRefreshMiddleware',
 'scrapy.downloadermiddlewares.httpcompression.HttpCompressionMiddleware',
 'scrapy.downloadermiddlewares.redirect.RedirectMiddleware',
 'scrapy.downloadermiddlewares.cookies.CookiesMiddleware',
 'scrapy.downloadermiddlewares.httpproxy.HttpProxyMiddleware',
 'scrapy.downloadermiddlewares.stats.DownloaderStats']
2025-06-08 12:01:45 [scrapy.middleware] INFO: Enabled spider middlewares:
['scrapy.spidermiddlewares.start.StartSpiderMiddleware',
 'scrapy.spidermiddlewares.httperror.HttpErrorMiddleware',
 'scrapy.spidermiddlewares.referer.RefererMiddleware',
 'scrapy.spidermiddlewares.urllength.UrlLengthMiddleware',
 'scrapy.spidermiddlewares.depth.DepthMiddleware']
2025-06-08 12:01:45 [scrapy.middleware] INFO: Enabled item pipelines:
['financial_news_scraper.pipelines.ValidationPipeline',
 'financial_news_scraper.pipelines.DuplicationPipeline',
 'financial_news_scraper.pipelines.FinancialFilterPipeline',
 'financial_news_scraper.pipelines.TickerExtractionPipeline',
 'financial_news_scraper.pipelines.SentimentAnalysisPipeline',
 'financial_news_scraper.pipelines.DatabasePipeline',
 'financial_news_scraper.pipelines.ExportPipeline']
2025-06-08 12:01:45 [scrapy.core.engine] INFO: Spider opened
2025-06-08 12:01:45 [scrapy.extensions.logstats] INFO: Crawled 0 pages (at 0 pages/min), scraped 0 items (at 0 items/min)
2025-06-08 12:01:45 [scrapy.extensions.telnet] INFO: Telnet console listening on 127.0.0.1:6023
2025-06-08 12:01:50 [scrapy.spidermiddlewares.httperror] INFO: Ignoring response <401 https://www.reuters.com/markets/>: HTTP status code is not handled or not allowed
2025-06-08 12:01:52 [scrapy.spidermiddlewares.httperror] INFO: Ignoring response <401 https://www.reuters.com/technology/>: HTTP status code is not handled or not allowed
2025-06-08 12:01:54 [scrapy.spidermiddlewares.httperror] INFO: Ignoring response <401 https://www.reuters.com/business/aerospace-defense/boeing-prepares-resume-plane-deliveries-china-tariff-war-eases-2025-06-06/>: HTTP status code is not handled or not allowed
2025-06-08 12:01:56 [scrapy.crawler] INFO: Received SIGINT, shutting down gracefully. Send again to force 
2025-06-08 12:01:56 [scrapy.core.engine] INFO: Closing spider (shutdown)
2025-06-08 12:01:56 [scrapy.spidermiddlewares.httperror] INFO: Ignoring response <401 https://www.reuters.com/business/autos-transportation/japan-trade-negotiator-akazawa-says-he-made-progress-us-tariff-talks-2025-06-07/>: HTTP status code is not handled or not allowed
2025-06-08 12:01:58 [scrapy.spidermiddlewares.httperror] INFO: Ignoring response <401 https://www.reuters.com/world/us/usda-redaction-trade-analysis-causes-concern-about-report-integrity-2025-06-06/>: HTTP status code is not handled or not allowed
2025-06-08 12:02:00 [scrapy.spidermiddlewares.httperror] INFO: Ignoring response <401 https://www.reuters.com/world/china/china-says-it-may-speed-up-rare-earths-application-approvals-eu-2025-06-07/>: HTTP status code is not handled or not allowed
2025-06-08 12:02:02 [scrapy.crawler] INFO: Received SIGINT twice, forcing unclean shutdown
