2025-05-29 21:42:24 [scrapy.utils.log] INFO: Scrapy 2.13.1 started (bot: financial_news_scraper)
2025-05-29 21:42:24 [scrapy.utils.log] INFO: Versions:
{'lxml': '5.4.0',
 'libxml2': '2.11.9',
 'cssselect': '1.3.0',
 'parsel': '1.10.0',
 'w3lib': '2.3.1',
 'Twisted': '21.7.0',
 'Python': '3.13.3 (tags/v3.13.3:6280bb5, Apr  8 2025, 14:47:33) [MSC v.1943 '
           '64 bit (AMD64)]',
 'pyOpenSSL': '25.1.0 (OpenSSL 3.5.0 8 Apr 2025)',
 'cryptography': '45.0.3',
 'Platform': 'Windows-11-10.0.26100-SP0'}
2025-05-29 21:42:24 [scrapy.addons] INFO: Enabled addons:
[]
2025-05-29 21:42:24 [py.warnings] WARNING: C:\Users\zacht\FinanceCrawler\DailyFinanceDose\.venv\Lib\site-packages\scrapy\utils\request.py:120: ScrapyDeprecationWarning: 'REQUEST_FINGERPRINTER_IMPLEMENTATION' is a deprecated setting.
It will be removed in a future version of Scrapy.
  return cls(crawler)

2025-05-29 21:42:24 [scrapy.extensions.telnet] INFO: Telnet Password: 0ba31fe8c287caf2
2025-05-29 21:42:24 [scrapy.middleware] INFO: Enabled extensions:
['scrapy.extensions.corestats.CoreStats',
 'scrapy.extensions.telnet.TelnetConsole',
 'scrapy.extensions.feedexport.FeedExporter',
 'scrapy.extensions.logstats.LogStats',
 'scrapy.extensions.throttle.AutoThrottle']
2025-05-29 21:42:24 [scrapy.crawler] INFO: Overridden settings:
{'AUTOTHROTTLE_ENABLED': True,
 'AUTOTHROTTLE_MAX_DELAY': 10,
 'AUTOTHROTTLE_START_DELAY': 1,
 'AUTOTHROTTLE_TARGET_CONCURRENCY': 2.0,
 'BOT_NAME': 'financial_news_scraper',
 'CONCURRENT_REQUESTS_PER_DOMAIN': 4,
 'DOWNLOAD_DELAY': 2,
 'LOG_FILE': 'logs/scraper_20250529_214224.log',
 'LOG_LEVEL': 'INFO',
 'NEWSPIDER_MODULE': 'financial_news_scraper.spiders',
 'RANDOMIZE_DOWNLOAD_DELAY': 0.5,
 'REQUEST_FINGERPRINTER_IMPLEMENTATION': '2.7',
 'ROBOTSTXT_OBEY': True,
 'SPIDER_MODULES': ['financial_news_scraper.spiders'],
 'USER_AGENT': 'financial_news_scraper (+http://www.yourdomain.com)'}
2025-05-29 21:42:24 [scrapy.middleware] INFO: Enabled downloader middlewares:
['scrapy.downloadermiddlewares.offsite.OffsiteMiddleware',
 'scrapy.downloadermiddlewares.robotstxt.RobotsTxtMiddleware',
 'scrapy.downloadermiddlewares.httpauth.HttpAuthMiddleware',
 'scrapy.downloadermiddlewares.downloadtimeout.DownloadTimeoutMiddleware',
 'scrapy.downloadermiddlewares.defaultheaders.DefaultHeadersMiddleware',
 'financial_news_scraper.middlewares.RotateUserAgentMiddleware',
 'scrapy.downloadermiddlewares.useragent.UserAgentMiddleware',
 'financial_news_scraper.middlewares.ProxyMiddleware',
 'scrapy.downloadermiddlewares.retry.RetryMiddleware',
 'scrapy.downloadermiddlewares.redirect.MetaRefreshMiddleware',
 'scrapy.downloadermiddlewares.httpcompression.HttpCompressionMiddleware',
 'scrapy.downloadermiddlewares.redirect.RedirectMiddleware',
 'scrapy.downloadermiddlewares.cookies.CookiesMiddleware',
 'scrapy.downloadermiddlewares.httpproxy.HttpProxyMiddleware',
 'scrapy.downloadermiddlewares.stats.DownloaderStats']
2025-05-29 21:42:24 [scrapy.middleware] INFO: Enabled spider middlewares:
['scrapy.spidermiddlewares.start.StartSpiderMiddleware',
 'scrapy.spidermiddlewares.httperror.HttpErrorMiddleware',
 'scrapy.spidermiddlewares.referer.RefererMiddleware',
 'scrapy.spidermiddlewares.urllength.UrlLengthMiddleware',
 'scrapy.spidermiddlewares.depth.DepthMiddleware']
2025-05-29 21:42:24 [scrapy.middleware] INFO: Enabled item pipelines:
['financial_news_scraper.pipelines.ValidationPipeline',
 'financial_news_scraper.pipelines.DuplicationPipeline',
 'financial_news_scraper.pipelines.FinancialFilterPipeline',
 'financial_news_scraper.pipelines.TickerExtractionPipeline',
 'financial_news_scraper.pipelines.SentimentAnalysisPipeline',
 'financial_news_scraper.pipelines.DatabasePipeline',
 'financial_news_scraper.pipelines.ExportPipeline']
2025-05-29 21:42:24 [scrapy.core.engine] INFO: Spider opened
2025-05-29 21:42:24 [scrapy.extensions.logstats] INFO: Crawled 0 pages (at 0 pages/min), scraped 0 items (at 0 items/min)
2025-05-29 21:42:24 [scrapy.extensions.telnet] INFO: Telnet console listening on 127.0.0.1:6023
2025-05-29 21:42:26 [scrapy.spidermiddlewares.httperror] INFO: Ignoring response <401 https://www.reuters.com/business/>: HTTP status code is not handled or not allowed
2025-05-29 21:42:30 [scrapy.spidermiddlewares.httperror] INFO: Ignoring response <401 https://www.reuters.com/technology/>: HTTP status code is not handled or not allowed
2025-05-29 21:42:32 [scrapy.core.scraper] ERROR: Spider error processing <GET https://www.reuters.com/world/us/feds-powell-meets-trump-white-house-fed-says-2025-05-29/> (referer: https://www.reuters.com/markets/)
Traceback (most recent call last):
  File "C:\Users\zacht\FinanceCrawler\DailyFinanceDose\.venv\Lib\site-packages\scrapy\utils\defer.py", line 343, in iter_errback
    yield next(it)
          ~~~~^^^^
  File "C:\Users\zacht\FinanceCrawler\DailyFinanceDose\.venv\Lib\site-packages\scrapy\utils\python.py", line 369, in __next__
    return next(self.data)
  File "C:\Users\zacht\FinanceCrawler\DailyFinanceDose\.venv\Lib\site-packages\scrapy\utils\python.py", line 369, in __next__
    return next(self.data)
  File "C:\Users\zacht\FinanceCrawler\DailyFinanceDose\.venv\Lib\site-packages\scrapy\core\spidermw.py", line 167, in process_sync
    yield from iterable
  File "C:\Users\zacht\FinanceCrawler\DailyFinanceDose\.venv\Lib\site-packages\scrapy\spidermiddlewares\base.py", line 58, in process_spider_output
    for o in result:
             ^^^^^^
  File "C:\Users\zacht\FinanceCrawler\DailyFinanceDose\.venv\Lib\site-packages\scrapy\core\spidermw.py", line 167, in process_sync
    yield from iterable
  File "C:\Users\zacht\FinanceCrawler\DailyFinanceDose\.venv\Lib\site-packages\scrapy\spidermiddlewares\base.py", line 58, in process_spider_output
    for o in result:
             ^^^^^^
  File "C:\Users\zacht\FinanceCrawler\DailyFinanceDose\.venv\Lib\site-packages\scrapy\core\spidermw.py", line 167, in process_sync
    yield from iterable
  File "C:\Users\zacht\FinanceCrawler\DailyFinanceDose\.venv\Lib\site-packages\scrapy\spidermiddlewares\base.py", line 58, in process_spider_output
    for o in result:
             ^^^^^^
  File "C:\Users\zacht\FinanceCrawler\DailyFinanceDose\.venv\Lib\site-packages\scrapy\core\spidermw.py", line 167, in process_sync
    yield from iterable
  File "C:\Users\zacht\FinanceCrawler\DailyFinanceDose\.venv\Lib\site-packages\scrapy\spidermiddlewares\depth.py", line 59, in process_spider_output
    yield from super().process_spider_output(response, result, spider)
  File "C:\Users\zacht\FinanceCrawler\DailyFinanceDose\.venv\Lib\site-packages\scrapy\spidermiddlewares\base.py", line 58, in process_spider_output
    for o in result:
             ^^^^^^
  File "C:\Users\zacht\FinanceCrawler\DailyFinanceDose\.venv\Lib\site-packages\scrapy\core\spidermw.py", line 167, in process_sync
    yield from iterable
  File "C:\Users\zacht\FinanceCrawler\DailyFinanceDose\financial_news_scraper\spiders\reuters_spider.py", line 34, in parse_article
    if pub < datetime.utcnow() - timedelta(hours=24):
       ^^^^^^^^^^^^^^^^^^^^^^^^^^^^^^^^^^^^^^^^^^^^^
TypeError: can't compare offset-naive and offset-aware datetimes
2025-05-29 21:42:34 [scrapy.spidermiddlewares.httperror] INFO: Ignoring response <401 https://www.reuters.com/world/americas/brazils-central-government-posts-higher-than-expected-primary-surplus-april-2025-05-29/>: HTTP status code is not handled or not allowed
2025-05-29 21:42:36 [scrapy.spidermiddlewares.httperror] INFO: Ignoring response <401 https://www.reuters.com/business/energy/colombia-oil-gas-ep-investment-could-jump-8-2025-industry-group-says-2025-05-29/>: HTTP status code is not handled or not allowed
2025-05-29 21:42:38 [scrapy.spidermiddlewares.httperror] INFO: Ignoring response <401 https://www.reuters.com/world/uk/uk-publics-inflation-expectations-fall-may-citiyougov-survey-shows-2025-05-29/>: HTTP status code is not handled or not allowed
2025-05-29 21:42:40 [scrapy.spidermiddlewares.httperror] INFO: Ignoring response <401 https://www.reuters.com/world/china/global-markets-trading-day-graphic-pix-2025-05-29/>: HTTP status code is not handled or not allowed
2025-05-29 21:42:42 [scrapy.spidermiddlewares.httperror] INFO: Ignoring response <401 https://www.reuters.com/world/uk/boes-bailey-says-uncertain-outlook-demands-careful-approach-rate-cuts-2025-05-29/>: HTTP status code is not handled or not allowed
2025-05-29 21:42:44 [scrapy.spidermiddlewares.httperror] INFO: Ignoring response <401 https://www.reuters.com/markets/asia/core-inflation-japan-capital-hits-36-keeps-boj-rate-hike-chance-alive-2025-05-29/>: HTTP status code is not handled or not allowed
2025-05-29 21:42:46 [scrapy.spidermiddlewares.httperror] INFO: Ignoring response <401 https://www.reuters.com/markets/asia/japan-april-factory-output-falls-09-month-on-month-2025-05-30/>: HTTP status code is not handled or not allowed
2025-05-29 21:42:48 [scrapy.spidermiddlewares.httperror] INFO: Ignoring response <401 https://www.reuters.com/world/india/india-gdp-growth-likely-accelerated-march-quarter-rural-demand-state-spending-2025-05-30/>: HTTP status code is not handled or not allowed
2025-05-29 21:42:50 [scrapy.spidermiddlewares.httperror] INFO: Ignoring response <401 https://www.reuters.com/sponsored/>: HTTP status code is not handled or not allowed
2025-05-29 21:42:52 [scrapy.spidermiddlewares.httperror] INFO: Ignoring response <401 https://www.reuters.com/video/>: HTTP status code is not handled or not allowed
2025-05-29 21:42:54 [scrapy.spidermiddlewares.httperror] INFO: Ignoring response <401 https://www.reuters.com/fact-check/>: HTTP status code is not handled or not allowed
2025-05-29 21:42:56 [scrapy.spidermiddlewares.httperror] INFO: Ignoring response <401 https://www.reuters.com/live/>: HTTP status code is not handled or not allowed
2025-05-29 21:42:58 [scrapy.spidermiddlewares.httperror] INFO: Ignoring response <401 https://www.reuters.com/podcasts/>: HTTP status code is not handled or not allowed
2025-05-29 21:43:02 [scrapy.spidermiddlewares.httperror] INFO: Ignoring response <401 https://www.reuters.com/wider-image/>: HTTP status code is not handled or not allowed
2025-05-29 21:43:02 [scrapy.core.scraper] ERROR: Spider error processing <GET https://www.reuters.com/pictures/> (referer: https://www.reuters.com/markets/)
Traceback (most recent call last):
  File "C:\Users\zacht\FinanceCrawler\DailyFinanceDose\.venv\Lib\site-packages\scrapy\utils\defer.py", line 343, in iter_errback
    yield next(it)
          ~~~~^^^^
  File "C:\Users\zacht\FinanceCrawler\DailyFinanceDose\.venv\Lib\site-packages\scrapy\utils\python.py", line 369, in __next__
    return next(self.data)
  File "C:\Users\zacht\FinanceCrawler\DailyFinanceDose\.venv\Lib\site-packages\scrapy\utils\python.py", line 369, in __next__
    return next(self.data)
  File "C:\Users\zacht\FinanceCrawler\DailyFinanceDose\.venv\Lib\site-packages\scrapy\core\spidermw.py", line 167, in process_sync
    yield from iterable
  File "C:\Users\zacht\FinanceCrawler\DailyFinanceDose\.venv\Lib\site-packages\scrapy\spidermiddlewares\base.py", line 58, in process_spider_output
    for o in result:
             ^^^^^^
  File "C:\Users\zacht\FinanceCrawler\DailyFinanceDose\.venv\Lib\site-packages\scrapy\core\spidermw.py", line 167, in process_sync
    yield from iterable
  File "C:\Users\zacht\FinanceCrawler\DailyFinanceDose\.venv\Lib\site-packages\scrapy\spidermiddlewares\base.py", line 58, in process_spider_output
    for o in result:
             ^^^^^^
  File "C:\Users\zacht\FinanceCrawler\DailyFinanceDose\.venv\Lib\site-packages\scrapy\core\spidermw.py", line 167, in process_sync
    yield from iterable
  File "C:\Users\zacht\FinanceCrawler\DailyFinanceDose\.venv\Lib\site-packages\scrapy\spidermiddlewares\base.py", line 58, in process_spider_output
    for o in result:
             ^^^^^^
  File "C:\Users\zacht\FinanceCrawler\DailyFinanceDose\.venv\Lib\site-packages\scrapy\core\spidermw.py", line 167, in process_sync
    yield from iterable
  File "C:\Users\zacht\FinanceCrawler\DailyFinanceDose\.venv\Lib\site-packages\scrapy\spidermiddlewares\depth.py", line 59, in process_spider_output
    yield from super().process_spider_output(response, result, spider)
  File "C:\Users\zacht\FinanceCrawler\DailyFinanceDose\.venv\Lib\site-packages\scrapy\spidermiddlewares\base.py", line 58, in process_spider_output
    for o in result:
             ^^^^^^
  File "C:\Users\zacht\FinanceCrawler\DailyFinanceDose\.venv\Lib\site-packages\scrapy\core\spidermw.py", line 167, in process_sync
    yield from iterable
  File "C:\Users\zacht\FinanceCrawler\DailyFinanceDose\financial_news_scraper\spiders\reuters_spider.py", line 34, in parse_article
    if pub < datetime.utcnow() - timedelta(hours=24):
       ^^^^^^^^^^^^^^^^^^^^^^^^^^^^^^^^^^^^^^^^^^^^^
TypeError: can't compare offset-naive and offset-aware datetimes
2025-05-29 21:43:04 [scrapy.core.scraper] ERROR: Spider error processing <GET https://www.reuters.com/graphics/> (referer: https://www.reuters.com/markets/)
Traceback (most recent call last):
  File "C:\Users\zacht\FinanceCrawler\DailyFinanceDose\.venv\Lib\site-packages\scrapy\utils\defer.py", line 343, in iter_errback
    yield next(it)
          ~~~~^^^^
  File "C:\Users\zacht\FinanceCrawler\DailyFinanceDose\.venv\Lib\site-packages\scrapy\utils\python.py", line 369, in __next__
    return next(self.data)
  File "C:\Users\zacht\FinanceCrawler\DailyFinanceDose\.venv\Lib\site-packages\scrapy\utils\python.py", line 369, in __next__
    return next(self.data)
  File "C:\Users\zacht\FinanceCrawler\DailyFinanceDose\.venv\Lib\site-packages\scrapy\core\spidermw.py", line 167, in process_sync
    yield from iterable
  File "C:\Users\zacht\FinanceCrawler\DailyFinanceDose\.venv\Lib\site-packages\scrapy\spidermiddlewares\base.py", line 58, in process_spider_output
    for o in result:
             ^^^^^^
  File "C:\Users\zacht\FinanceCrawler\DailyFinanceDose\.venv\Lib\site-packages\scrapy\core\spidermw.py", line 167, in process_sync
    yield from iterable
  File "C:\Users\zacht\FinanceCrawler\DailyFinanceDose\.venv\Lib\site-packages\scrapy\spidermiddlewares\base.py", line 58, in process_spider_output
    for o in result:
             ^^^^^^
  File "C:\Users\zacht\FinanceCrawler\DailyFinanceDose\.venv\Lib\site-packages\scrapy\core\spidermw.py", line 167, in process_sync
    yield from iterable
  File "C:\Users\zacht\FinanceCrawler\DailyFinanceDose\.venv\Lib\site-packages\scrapy\spidermiddlewares\base.py", line 58, in process_spider_output
    for o in result:
             ^^^^^^
  File "C:\Users\zacht\FinanceCrawler\DailyFinanceDose\.venv\Lib\site-packages\scrapy\core\spidermw.py", line 167, in process_sync
    yield from iterable
  File "C:\Users\zacht\FinanceCrawler\DailyFinanceDose\.venv\Lib\site-packages\scrapy\spidermiddlewares\depth.py", line 59, in process_spider_output
    yield from super().process_spider_output(response, result, spider)
  File "C:\Users\zacht\FinanceCrawler\DailyFinanceDose\.venv\Lib\site-packages\scrapy\spidermiddlewares\base.py", line 58, in process_spider_output
    for o in result:
             ^^^^^^
  File "C:\Users\zacht\FinanceCrawler\DailyFinanceDose\.venv\Lib\site-packages\scrapy\core\spidermw.py", line 167, in process_sync
    yield from iterable
  File "C:\Users\zacht\FinanceCrawler\DailyFinanceDose\financial_news_scraper\spiders\reuters_spider.py", line 34, in parse_article
    if pub < datetime.utcnow() - timedelta(hours=24):
       ^^^^^^^^^^^^^^^^^^^^^^^^^^^^^^^^^^^^^^^^^^^^^
TypeError: can't compare offset-naive and offset-aware datetimes
2025-05-29 21:43:06 [scrapy.spidermiddlewares.httperror] INFO: Ignoring response <401 https://www.reuters.com/city-memo/>: HTTP status code is not handled or not allowed
2025-05-29 21:43:08 [scrapy.spidermiddlewares.httperror] INFO: Ignoring response <401 https://www.reuters.com/lifestyle/>: HTTP status code is not handled or not allowed
2025-05-29 21:43:10 [scrapy.spidermiddlewares.httperror] INFO: Ignoring response <401 https://www.reuters.com/science/>: HTTP status code is not handled or not allowed
2025-05-29 21:43:12 [scrapy.spidermiddlewares.httperror] INFO: Ignoring response <401 https://www.reuters.com/sports/>: HTTP status code is not handled or not allowed
2025-05-29 21:43:12 [scrapy.core.engine] INFO: Closing spider (finished)
2025-05-29 21:43:12 [scrapy.statscollectors] INFO: Dumping Scrapy stats:
{'downloader/request_bytes': 12695,
 'downloader/request_count': 25,
 'downloader/request_method_count/GET': 25,
 'downloader/response_bytes': 330336,
 'downloader/response_count': 25,
 'downloader/response_status_count/200': 5,
 'downloader/response_status_count/401': 20,
 'elapsed_time_seconds': 48.3485,
 'finish_reason': 'finished',
 'finish_time': datetime.datetime(2025, 5, 30, 2, 43, 12, 817406, tzinfo=datetime.timezone.utc),
 'httpcompression/response_bytes': 1527853,
 'httpcompression/response_count': 5,
 'httperror/response_ignored_count': 20,
 'httperror/response_ignored_status_count/401': 20,
 'items_per_minute': 0.0,
 'log_count/ERROR': 3,
 'log_count/INFO': 30,
 'log_count/WARNING': 1,
 'request_depth_max': 1,
 'response_received_count': 25,
 'responses_per_minute': 31.25,
 'robotstxt/request_count': 1,
 'robotstxt/response_count': 1,
 'robotstxt/response_status_count/200': 1,
 'scheduler/dequeued': 24,
 'scheduler/dequeued/memory': 24,
 'scheduler/enqueued': 24,
 'scheduler/enqueued/memory': 24,
 'spider_exceptions/TypeError': 3,
 'spider_exceptions/count': 3,
 'start_time': datetime.datetime(2025, 5, 30, 2, 42, 24, 468906, tzinfo=datetime.timezone.utc)}
2025-05-29 21:43:12 [scrapy.core.engine] INFO: Spider closed (finished)
