2025-05-29 21:48:00 [scrapy.utils.log] INFO: Scrapy 2.13.1 started (bot: financial_news_scraper)
2025-05-29 21:48:00 [scrapy.utils.log] INFO: Versions:
{'lxml': '5.4.0',
 'libxml2': '2.11.9',
 'cssselect': '1.3.0',
 'parsel': '1.10.0',
 'w3lib': '2.3.1',
 'Twisted': '21.7.0',
 'Python': '3.13.3 (tags/v3.13.3:6280bb5, Apr  8 2025, 14:47:33) [MSC v.1943 '
           '64 bit (AMD64)]',
 'pyOpenSSL': '25.1.0 (OpenSSL 3.5.0 8 Apr 2025)',
 'cryptography': '45.0.3',
 'Platform': 'Windows-11-10.0.26100-SP0'}
2025-05-29 21:48:00 [scrapy.addons] INFO: Enabled addons:
[]
2025-05-29 21:48:00 [py.warnings] WARNING: C:\Users\zacht\FinanceCrawler\DailyFinanceDose\.venv\Lib\site-packages\scrapy\utils\request.py:120: ScrapyDeprecationWarning: 'REQUEST_FINGERPRINTER_IMPLEMENTATION' is a deprecated setting.
It will be removed in a future version of Scrapy.
  return cls(crawler)

2025-05-29 21:48:00 [scrapy.extensions.telnet] INFO: Telnet Password: 337c4b219200f682
2025-05-29 21:48:00 [scrapy.middleware] INFO: Enabled extensions:
['scrapy.extensions.corestats.CoreStats',
 'scrapy.extensions.telnet.TelnetConsole',
 'scrapy.extensions.feedexport.FeedExporter',
 'scrapy.extensions.logstats.LogStats',
 'scrapy.extensions.throttle.AutoThrottle']
2025-05-29 21:48:00 [scrapy.crawler] INFO: Overridden settings:
{'AUTOTHROTTLE_ENABLED': True,
 'AUTOTHROTTLE_MAX_DELAY': 10,
 'AUTOTHROTTLE_START_DELAY': 1,
 'AUTOTHROTTLE_TARGET_CONCURRENCY': 2.0,
 'BOT_NAME': 'financial_news_scraper',
 'CONCURRENT_REQUESTS_PER_DOMAIN': 4,
 'DOWNLOAD_DELAY': 2,
 'LOG_FILE': 'logs/scraper_20250529_214800.log',
 'LOG_LEVEL': 'INFO',
 'NEWSPIDER_MODULE': 'financial_news_scraper.spiders',
 'RANDOMIZE_DOWNLOAD_DELAY': 0.5,
 'REQUEST_FINGERPRINTER_IMPLEMENTATION': '2.7',
 'ROBOTSTXT_OBEY': True,
 'SPIDER_MODULES': ['financial_news_scraper.spiders'],
 'USER_AGENT': 'financial_news_scraper (+http://www.yourdomain.com)'}
2025-05-29 21:48:00 [scrapy.middleware] INFO: Enabled downloader middlewares:
['scrapy.downloadermiddlewares.offsite.OffsiteMiddleware',
 'scrapy.downloadermiddlewares.robotstxt.RobotsTxtMiddleware',
 'scrapy.downloadermiddlewares.httpauth.HttpAuthMiddleware',
 'scrapy.downloadermiddlewares.downloadtimeout.DownloadTimeoutMiddleware',
 'scrapy.downloadermiddlewares.defaultheaders.DefaultHeadersMiddleware',
 'financial_news_scraper.middlewares.RotateUserAgentMiddleware',
 'scrapy.downloadermiddlewares.useragent.UserAgentMiddleware',
 'financial_news_scraper.middlewares.ProxyMiddleware',
 'scrapy.downloadermiddlewares.retry.RetryMiddleware',
 'scrapy.downloadermiddlewares.redirect.MetaRefreshMiddleware',
 'scrapy.downloadermiddlewares.httpcompression.HttpCompressionMiddleware',
 'scrapy.downloadermiddlewares.redirect.RedirectMiddleware',
 'scrapy.downloadermiddlewares.cookies.CookiesMiddleware',
 'scrapy.downloadermiddlewares.httpproxy.HttpProxyMiddleware',
 'scrapy.downloadermiddlewares.stats.DownloaderStats']
2025-05-29 21:48:00 [scrapy.middleware] INFO: Enabled spider middlewares:
['scrapy.spidermiddlewares.start.StartSpiderMiddleware',
 'scrapy.spidermiddlewares.httperror.HttpErrorMiddleware',
 'scrapy.spidermiddlewares.referer.RefererMiddleware',
 'scrapy.spidermiddlewares.urllength.UrlLengthMiddleware',
 'scrapy.spidermiddlewares.depth.DepthMiddleware']
2025-05-29 21:48:00 [scrapy.middleware] INFO: Enabled item pipelines:
['financial_news_scraper.pipelines.ValidationPipeline',
 'financial_news_scraper.pipelines.DuplicationPipeline',
 'financial_news_scraper.pipelines.FinancialFilterPipeline',
 'financial_news_scraper.pipelines.TickerExtractionPipeline',
 'financial_news_scraper.pipelines.SentimentAnalysisPipeline',
 'financial_news_scraper.pipelines.DatabasePipeline',
 'financial_news_scraper.pipelines.ExportPipeline']
2025-05-29 21:48:00 [scrapy.core.engine] INFO: Spider opened
2025-05-29 21:48:00 [scrapy.extensions.logstats] INFO: Crawled 0 pages (at 0 pages/min), scraped 0 items (at 0 items/min)
2025-05-29 21:48:00 [scrapy.extensions.telnet] INFO: Telnet console listening on 127.0.0.1:6023
2025-05-29 21:48:05 [scrapy.spidermiddlewares.httperror] INFO: Ignoring response <404 https://seekingalpha.com/news/trending>: HTTP status code is not handled or not allowed
2025-05-29 21:48:09 [scrapy.spidermiddlewares.httperror] INFO: Ignoring response <403 https://seekingalpha.com/news/4453701-cooper-companies-outlines-10-percent-11_5-percent-eps-growth-for-2025-amid-tighter-revenue>: HTTP status code is not handled or not allowed
2025-05-29 21:48:13 [scrapy.spidermiddlewares.httperror] INFO: Ignoring response <403 https://seekingalpha.com/news/4453678-two-harbors-expects-to-record-199m-contingency-liability>: HTTP status code is not handled or not allowed
2025-05-29 21:48:15 [scrapy.spidermiddlewares.httperror] INFO: Ignoring response <403 https://seekingalpha.com/news/4453680-solowin-launches-offering-of-20m-class-a-shares-1m-warrants>: HTTP status code is not handled or not allowed
2025-05-29 21:48:17 [scrapy.spidermiddlewares.httperror] INFO: Ignoring response <403 https://seekingalpha.com/news/4453681-laser-photonics-faces-nasdaq-non-compliance-shares-down>: HTTP status code is not handled or not allowed
2025-05-29 21:48:20 [scrapy.spidermiddlewares.httperror] INFO: Ignoring response <403 https://seekingalpha.com/news/4453683-ventas-prices-500m-in-senior-notes-due-2032>: HTTP status code is not handled or not allowed
2025-05-29 21:48:21 [scrapy.spidermiddlewares.httperror] INFO: Ignoring response <403 https://seekingalpha.com/news/4453682-lanzatech-appoints-sushmita-koyanagi-as-cfo>: HTTP status code is not handled or not allowed
2025-05-29 21:48:24 [scrapy.spidermiddlewares.httperror] INFO: Ignoring response <403 https://seekingalpha.com/news/4453677-red-robin-gourmet-burgers-swings-to-a-profit-launching-shares-55-higher-after-hours>: HTTP status code is not handled or not allowed
2025-05-29 21:48:25 [scrapy.spidermiddlewares.httperror] INFO: Ignoring response <403 https://seekingalpha.com/news/4453679-gold-futures-gain-reversing-selloff-sparked-by-court-ruling-on-tariffs>: HTTP status code is not handled or not allowed
2025-05-29 21:48:27 [scrapy.spidermiddlewares.httperror] INFO: Ignoring response <403 https://seekingalpha.com/news/4453685-sempras-port-arthur-phase-2-approved-to-export-lng>: HTTP status code is not handled or not allowed
2025-05-29 21:48:31 [scrapy.spidermiddlewares.httperror] INFO: Ignoring response <403 https://seekingalpha.com/news/4453687-gap-outlines-100m-150m-tariff-mitigation-strategy-while-reaffirming-1-2-percent-net-sales>: HTTP status code is not handled or not allowed
2025-05-29 21:48:33 [scrapy.spidermiddlewares.httperror] INFO: Ignoring response <403 https://seekingalpha.com/news/4453688-dell-raises-fy2026-eps-guidance-to-9_40-with-15b-ai-server-shipment-target-driven-by-record>: HTTP status code is not handled or not allowed
2025-05-29 21:48:35 [scrapy.spidermiddlewares.httperror] INFO: Ignoring response <403 https://seekingalpha.com/news/4453686-faa-extends-program-allowing-boeing-to-conduct-agency-tasks-such-as-inspections>: HTTP status code is not handled or not allowed
2025-05-29 21:48:37 [scrapy.spidermiddlewares.httperror] INFO: Ignoring response <403 https://seekingalpha.com/news/4453689-ulta-beauty-updates-2025-outlook-with-net-sales-guidance-of-11_5b-11_7b-amid-strong-q1>: HTTP status code is not handled or not allowed
2025-05-29 21:48:39 [scrapy.spidermiddlewares.httperror] INFO: Ignoring response <403 https://seekingalpha.com/news/4453690-banco-macro-outlines-revised-2025-guidance-with-60-percent-loan-growth-and-roe-target-cut-to>: HTTP status code is not handled or not allowed
2025-05-29 21:48:43 [scrapy.spidermiddlewares.httperror] INFO: Ignoring response <403 https://seekingalpha.com/news/4453693-marvell-forecasts-2b-q2-revenue-amid-accelerating-ai-driven-data-center-momentum-and-custom>: HTTP status code is not handled or not allowed
2025-05-29 21:48:45 [scrapy.spidermiddlewares.httperror] INFO: Ignoring response <403 https://seekingalpha.com/news/4453691-crude-oil-ends-lower-as-expected-opec-output-hike-trumps-gains-from-tariff-ruling>: HTTP status code is not handled or not allowed
2025-05-29 21:48:47 [scrapy.spidermiddlewares.httperror] INFO: Ignoring response <403 https://seekingalpha.com/news/4453694-uipath-outlines-1_549b-1_554b-fy26-revenue-target-as-agentic-automation-gains-traction>: HTTP status code is not handled or not allowed
2025-05-29 21:48:49 [scrapy.spidermiddlewares.httperror] INFO: Ignoring response <403 https://seekingalpha.com/news/4453696-netapp-outlines-6_75b-revenue-midpoint-for-fy26-as-ai-and-all-flash-drive-growth-amid-macro>: HTTP status code is not handled or not allowed
2025-05-29 21:48:51 [scrapy.spidermiddlewares.httperror] INFO: Ignoring response <403 https://seekingalpha.com/news/4453695-exxon-expects-victory-in-dispute-over-chevron-hess-deal-exec-says>: HTTP status code is not handled or not allowed
2025-05-29 21:48:53 [scrapy.spidermiddlewares.httperror] INFO: Ignoring response <403 https://seekingalpha.com/news/4453697-american-eagle-signals-275m-capex-plan-and-focuses-on-cleaner-inventory-amid-q1-loss-and>: HTTP status code is not handled or not allowed
2025-05-29 21:48:55 [scrapy.spidermiddlewares.httperror] INFO: Ignoring response <403 https://seekingalpha.com/news/4453698-zscaler-targets-3b-arr-milestone-and-unveils-z-flex-to-drive-platform-adoption-amid-strong-q3>: HTTP status code is not handled or not allowed
2025-05-29 21:48:55 [scrapy.core.engine] INFO: Closing spider (finished)
2025-05-29 21:48:55 [scrapy.statscollectors] INFO: Dumping Scrapy stats:
{'downloader/request_bytes': 13111,
 'downloader/request_count': 28,
 'downloader/request_method_count/GET': 28,
 'downloader/response_bytes': 861831,
 'downloader/response_count': 28,
 'downloader/response_status_count/200': 6,
 'downloader/response_status_count/403': 21,
 'downloader/response_status_count/404': 1,
 'elapsed_time_seconds': 54.511601,
 'finish_reason': 'finished',
 'finish_time': datetime.datetime(2025, 5, 30, 2, 48, 55, 471567, tzinfo=datetime.timezone.utc),
 'httpcompression/response_bytes': 5083572,
 'httpcompression/response_count': 7,
 'httperror/response_ignored_count': 22,
 'httperror/response_ignored_status_count/403': 21,
 'httperror/response_ignored_status_count/404': 1,
 'items_per_minute': 0.0,
 'log_count/INFO': 32,
 'log_count/WARNING': 1,
 'request_depth_max': 1,
 'response_received_count': 28,
 'responses_per_minute': 31.11111111111111,
 'robotstxt/request_count': 1,
 'robotstxt/response_count': 1,
 'robotstxt/response_status_count/200': 1,
 'scheduler/dequeued': 27,
 'scheduler/dequeued/memory': 27,
 'scheduler/enqueued': 27,
 'scheduler/enqueued/memory': 27,
 'start_time': datetime.datetime(2025, 5, 30, 2, 48, 0, 959966, tzinfo=datetime.timezone.utc)}
2025-05-29 21:48:55 [scrapy.core.engine] INFO: Spider closed (finished)
