2025-06-08 16:29:50 [scrapy.utils.log] INFO: Scrapy 2.13.1 started (bot: financial_news_scraper)
2025-06-08 16:29:51 [scrapy.utils.log] INFO: Versions:
{'lxml': '5.4.0',
 'libxml2': '2.11.9',
 'cssselect': '1.3.0',
 'parsel': '1.10.0',
 'w3lib': '2.3.1',
 'Twisted': '21.7.0',
 'Python': '3.13.4 (tags/v3.13.4:8a526ec, Jun  3 2025, 17:46:04) [MSC v.1943 '
           '64 bit (AMD64)]',
 'pyOpenSSL': '25.1.0 (OpenSSL 3.5.0 8 Apr 2025)',
 'cryptography': '45.0.3',
 'Platform': 'Windows-11-10.0.26100-SP0'}
2025-06-08 16:29:51 [scrapy.addons] INFO: Enabled addons:
[]
2025-06-08 16:29:51 [py.warnings] WARNING: C:\Users\zacht\FinanceCrawler\DailyFinanceDose\.venv\Lib\site-packages\scrapy\utils\request.py:120: ScrapyDeprecationWarning: 'REQUEST_FINGERPRINTER_IMPLEMENTATION' is a deprecated setting.
It will be removed in a future version of Scrapy.
  return cls(crawler)

2025-06-08 16:29:51 [scrapy.extensions.telnet] INFO: Telnet Password: 49713d86ea26aede
2025-06-08 16:29:51 [scrapy.middleware] INFO: Enabled extensions:
['scrapy.extensions.corestats.CoreStats',
 'scrapy.extensions.telnet.TelnetConsole',
 'scrapy.extensions.feedexport.FeedExporter',
 'scrapy.extensions.logstats.LogStats',
 'scrapy.extensions.throttle.AutoThrottle']
2025-06-08 16:29:51 [scrapy.crawler] INFO: Overridden settings:
{'AUTOTHROTTLE_ENABLED': True,
 'AUTOTHROTTLE_MAX_DELAY': 10,
 'AUTOTHROTTLE_START_DELAY': 1,
 'AUTOTHROTTLE_TARGET_CONCURRENCY': 2.0,
 'BOT_NAME': 'financial_news_scraper',
 'CONCURRENT_REQUESTS_PER_DOMAIN': 4,
 'DOWNLOAD_DELAY': 2,
 'LOG_FILE': 'C:\\Users\\zacht\\FinanceCrawler\\DailyFinanceDose\\logs\\scraper_20250608_162950.log',
 'LOG_LEVEL': 'INFO',
 'NEWSPIDER_MODULE': 'financial_news_scraper.spiders',
 'RANDOMIZE_DOWNLOAD_DELAY': 0.5,
 'REQUEST_FINGERPRINTER_IMPLEMENTATION': '2.7',
 'SPIDER_MODULES': ['financial_news_scraper.spiders'],
 'USER_AGENT': 'Mozilla/5.0 (Windows NT 10.0; Win64; x64) AppleWebKit/537.36 '
               '(KHTML, like Gecko) Chrome/124.0.0.0 Safari/537.36'}
2025-06-08 16:29:51 [scrapy.middleware] INFO: Enabled downloader middlewares:
['scrapy.downloadermiddlewares.offsite.OffsiteMiddleware',
 'scrapy.downloadermiddlewares.httpauth.HttpAuthMiddleware',
 'scrapy.downloadermiddlewares.downloadtimeout.DownloadTimeoutMiddleware',
 'scrapy.downloadermiddlewares.defaultheaders.DefaultHeadersMiddleware',
 'financial_news_scraper.middlewares.RotateUserAgentMiddleware',
 'scrapy.downloadermiddlewares.useragent.UserAgentMiddleware',
 'financial_news_scraper.middlewares.ProxyMiddleware',
 'scrapy.downloadermiddlewares.retry.RetryMiddleware',
 'scrapy.downloadermiddlewares.redirect.MetaRefreshMiddleware',
 'scrapy.downloadermiddlewares.httpcompression.HttpCompressionMiddleware',
 'scrapy.downloadermiddlewares.redirect.RedirectMiddleware',
 'scrapy.downloadermiddlewares.cookies.CookiesMiddleware',
 'scrapy.downloadermiddlewares.httpproxy.HttpProxyMiddleware',
 'scrapy.downloadermiddlewares.stats.DownloaderStats']
2025-06-08 16:29:51 [scrapy.middleware] INFO: Enabled spider middlewares:
['scrapy.spidermiddlewares.start.StartSpiderMiddleware',
 'scrapy.spidermiddlewares.httperror.HttpErrorMiddleware',
 'scrapy.spidermiddlewares.referer.RefererMiddleware',
 'scrapy.spidermiddlewares.urllength.UrlLengthMiddleware',
 'scrapy.spidermiddlewares.depth.DepthMiddleware']
2025-06-08 16:29:51 [scrapy.middleware] INFO: Enabled item pipelines:
['financial_news_scraper.pipelines.ValidationPipeline',
 'financial_news_scraper.pipelines.DuplicationPipeline',
 'financial_news_scraper.pipelines.FinancialFilterPipeline',
 'financial_news_scraper.pipelines.TickerExtractionPipeline',
 'financial_news_scraper.pipelines.SentimentAnalysisPipeline',
 'financial_news_scraper.pipelines.DatabasePipeline',
 'financial_news_scraper.pipelines.ExportPipeline']
2025-06-08 16:29:51 [scrapy.core.engine] INFO: Spider opened
2025-06-08 16:29:51 [py.warnings] WARNING: C:\Users\zacht\FinanceCrawler\DailyFinanceDose\.venv\Lib\site-packages\scrapy\core\spidermw.py:433: ScrapyDeprecationWarning: financial_news_scraper.spiders.reuters_spider.ReutersSpider defines the deprecated start_requests() method. start_requests() has been deprecated in favor of a new method, start(), to support asynchronous code execution. start_requests() will stop being called in a future version of Scrapy. If you use Scrapy 2.13 or higher only, replace start_requests() with start(); note that start() is a coroutine (async def). If you need to maintain compatibility with lower Scrapy versions, when overriding start_requests() in a spider class, override start() as well; you can use super() to reuse the inherited start() implementation without copy-pasting. See the release notes of Scrapy 2.13 for details: https://docs.scrapy.org/en/2.13/news.html
  warn(

2025-06-08 16:29:51 [scrapy.extensions.logstats] INFO: Crawled 0 pages (at 0 pages/min), scraped 0 items (at 0 items/min)
2025-06-08 16:29:51 [scrapy.extensions.telnet] INFO: Telnet console listening on 127.0.0.1:6023
2025-06-08 16:30:11 [reuters] INFO: Parsing section page: http://api.scraperapi.com/?api_key=049f0bf1e28d549e626e40d6d8c4df6f&url=https%3A//www.reuters.com/business/&render=true (status 200)
2025-06-08 16:30:12 [reuters] ERROR: <twisted.python.failure.Failure scrapy.spidermiddlewares.httperror.HttpError: Ignoring non-200 response>
2025-06-08 16:30:22 [reuters] ERROR: <twisted.python.failure.Failure scrapy.spidermiddlewares.httperror.HttpError: Ignoring non-200 response>
2025-06-08 16:30:32 [reuters] ERROR: <twisted.python.failure.Failure scrapy.spidermiddlewares.httperror.HttpError: Ignoring non-200 response>
2025-06-08 16:30:42 [reuters] ERROR: <twisted.python.failure.Failure scrapy.spidermiddlewares.httperror.HttpError: Ignoring non-200 response>
2025-06-08 16:30:51 [scrapy.extensions.logstats] INFO: Crawled 5 pages (at 5 pages/min), scraped 0 items (at 0 items/min)
2025-06-08 16:30:54 [reuters] ERROR: <twisted.python.failure.Failure scrapy.spidermiddlewares.httperror.HttpError: Ignoring non-200 response>
2025-06-08 16:31:02 [reuters] ERROR: <twisted.python.failure.Failure scrapy.spidermiddlewares.httperror.HttpError: Ignoring non-200 response>
2025-06-08 16:31:12 [reuters] ERROR: <twisted.python.failure.Failure scrapy.spidermiddlewares.httperror.HttpError: Ignoring non-200 response>
2025-06-08 16:31:24 [reuters] ERROR: <twisted.python.failure.Failure scrapy.spidermiddlewares.httperror.HttpError: Ignoring non-200 response>
2025-06-08 16:31:32 [reuters] ERROR: <twisted.python.failure.Failure scrapy.spidermiddlewares.httperror.HttpError: Ignoring non-200 response>
2025-06-08 16:31:43 [reuters] ERROR: <twisted.python.failure.Failure scrapy.spidermiddlewares.httperror.HttpError: Ignoring non-200 response>
2025-06-08 16:31:51 [scrapy.extensions.logstats] INFO: Crawled 11 pages (at 6 pages/min), scraped 0 items (at 0 items/min)
2025-06-08 16:31:52 [reuters] ERROR: <twisted.python.failure.Failure scrapy.spidermiddlewares.httperror.HttpError: Ignoring non-200 response>
2025-06-08 16:32:02 [reuters] ERROR: <twisted.python.failure.Failure scrapy.spidermiddlewares.httperror.HttpError: Ignoring non-200 response>
2025-06-08 16:32:12 [reuters] ERROR: <twisted.python.failure.Failure scrapy.spidermiddlewares.httperror.HttpError: Ignoring non-200 response>
2025-06-08 16:32:22 [reuters] ERROR: <twisted.python.failure.Failure scrapy.spidermiddlewares.httperror.HttpError: Ignoring non-200 response>
2025-06-08 16:32:32 [reuters] ERROR: <twisted.python.failure.Failure scrapy.spidermiddlewares.httperror.HttpError: Ignoring non-200 response>
2025-06-08 16:32:42 [reuters] ERROR: <twisted.python.failure.Failure scrapy.spidermiddlewares.httperror.HttpError: Ignoring non-200 response>
2025-06-08 16:32:51 [scrapy.extensions.logstats] INFO: Crawled 17 pages (at 6 pages/min), scraped 0 items (at 0 items/min)
2025-06-08 16:32:52 [reuters] ERROR: <twisted.python.failure.Failure scrapy.spidermiddlewares.httperror.HttpError: Ignoring non-200 response>
2025-06-08 16:33:03 [reuters] ERROR: <twisted.python.failure.Failure scrapy.spidermiddlewares.httperror.HttpError: Ignoring non-200 response>
2025-06-08 16:33:12 [reuters] ERROR: <twisted.python.failure.Failure scrapy.spidermiddlewares.httperror.HttpError: Ignoring non-200 response>
2025-06-08 16:33:22 [reuters] ERROR: <twisted.python.failure.Failure scrapy.spidermiddlewares.httperror.HttpError: Ignoring non-200 response>
2025-06-08 16:33:22 [scrapy.core.engine] INFO: Closing spider (finished)
2025-06-08 16:33:22 [scrapy.statscollectors] INFO: Dumping Scrapy stats:
{'downloader/request_bytes': 12131,
 'downloader/request_count': 21,
 'downloader/request_method_count/GET': 21,
 'downloader/response_bytes': 90514,
 'downloader/response_count': 21,
 'downloader/response_status_count/200': 1,
 'downloader/response_status_count/400': 20,
 'elapsed_time_seconds': 211.196329,
 'finish_reason': 'finished',
 'finish_time': datetime.datetime(2025, 6, 8, 21, 33, 22, 560183, tzinfo=datetime.timezone.utc),
 'httpcompression/response_bytes': 437968,
 'httpcompression/response_count': 21,
 'items_per_minute': 0.0,
 'log_count/ERROR': 20,
 'log_count/INFO': 14,
 'log_count/WARNING': 2,
 'request_depth_max': 1,
 'response_received_count': 21,
 'responses_per_minute': 5.971563981042654,
 'scheduler/dequeued': 21,
 'scheduler/dequeued/memory': 21,
 'scheduler/enqueued': 21,
 'scheduler/enqueued/memory': 21,
 'start_time': datetime.datetime(2025, 6, 8, 21, 29, 51, 363854, tzinfo=datetime.timezone.utc)}
2025-06-08 16:33:22 [scrapy.core.engine] INFO: Spider closed (finished)
